2024-08-28 08:08:14,274 - logger - INFO - Starting application...
2024-08-28 08:08:14,298 - logger - INFO - Application setup complete.
2024-08-28 08:08:14,449 - logger - INFO - Starting server...
2024-08-28 08:08:14,449 - logger - INFO - Server run at: http://localhost:8000...
2024-08-28 08:08:15,899 - logger - INFO - Starting application...
2024-08-28 08:08:15,956 - logger - INFO - Application setup complete.
2024-08-28 08:08:16,095 - logger - INFO - Starting application...
2024-08-28 08:08:16,122 - logger - INFO - Application setup complete.
2024-08-28 08:14:48,750 - logger - INFO - Starting application...
2024-08-28 08:14:48,825 - logger - INFO - Application setup complete.
2024-08-28 08:14:48,923 - logger - INFO - Starting application...
2024-08-28 08:14:48,946 - logger - INFO - Application setup complete.
2024-08-28 08:15:04,625 - logger - INFO - Starting application...
2024-08-28 08:15:04,683 - logger - INFO - Application setup complete.
2024-08-28 08:15:04,769 - logger - INFO - Starting application...
2024-08-28 08:15:04,789 - logger - INFO - Application setup complete.
2024-08-28 08:15:18,248 - logger - INFO - Starting application...
2024-08-28 08:15:18,314 - logger - INFO - Application setup complete.
2024-08-28 08:15:18,430 - logger - INFO - Starting application...
2024-08-28 08:15:18,449 - logger - INFO - Application setup complete.
2024-08-28 08:15:35,890 - logger - INFO - Starting application...
2024-08-28 08:15:35,945 - logger - INFO - Application setup complete.
2024-08-28 08:15:36,068 - logger - INFO - Starting application...
2024-08-28 08:15:36,086 - logger - INFO - Application setup complete.
2024-08-28 08:16:03,537 - logger - INFO - Starting application...
2024-08-28 08:16:03,604 - logger - INFO - Application setup complete.
2024-08-28 08:16:03,710 - logger - INFO - Starting application...
2024-08-28 08:16:03,731 - logger - INFO - Application setup complete.
2024-08-28 08:16:14,870 - logger - INFO - Starting application...
2024-08-28 08:16:14,929 - logger - INFO - Application setup complete.
2024-08-28 08:16:15,032 - logger - INFO - Starting application...
2024-08-28 08:16:15,053 - logger - INFO - Application setup complete.
2024-08-28 08:16:30,085 - logger - INFO - Starting application...
2024-08-28 08:16:30,146 - logger - INFO - Application setup complete.
2024-08-28 08:16:30,237 - logger - INFO - Starting application...
2024-08-28 08:16:30,265 - logger - INFO - Application setup complete.
2024-08-28 08:16:54,948 - logger - INFO - Starting application...
2024-08-28 08:16:55,007 - logger - INFO - Application setup complete.
2024-08-28 08:16:55,102 - logger - INFO - Starting application...
2024-08-28 08:16:55,122 - logger - INFO - Application setup complete.
2024-08-28 08:17:02,929 - logger - INFO - Starting application...
2024-08-28 08:17:02,980 - logger - INFO - Application setup complete.
2024-08-28 08:17:03,070 - logger - INFO - Starting application...
2024-08-28 08:17:03,089 - logger - INFO - Application setup complete.
2024-08-28 08:17:13,085 - logger - INFO - Starting application...
2024-08-28 08:17:13,144 - logger - INFO - Application setup complete.
2024-08-28 08:17:13,243 - logger - INFO - Starting application...
2024-08-28 08:17:13,262 - logger - INFO - Application setup complete.
2024-08-28 08:17:38,548 - logger - INFO - Starting application...
2024-08-28 08:17:38,603 - logger - INFO - Application setup complete.
2024-08-28 08:17:38,698 - logger - INFO - Starting application...
2024-08-28 08:17:38,715 - logger - INFO - Application setup complete.
2024-08-28 08:18:19,231 - logger - INFO - Starting application...
2024-08-28 08:18:19,291 - logger - INFO - Application setup complete.
2024-08-28 08:18:19,390 - logger - INFO - Starting application...
2024-08-28 08:18:19,409 - logger - INFO - Application setup complete.
2024-08-28 08:19:07,577 - logger - INFO - Starting application...
2024-08-28 08:19:07,639 - logger - INFO - Application setup complete.
2024-08-28 08:19:07,722 - logger - INFO - Starting application...
2024-08-28 08:19:07,744 - logger - INFO - Application setup complete.
2024-08-28 08:19:21,354 - logger - INFO - Starting application...
2024-08-28 08:19:21,409 - logger - INFO - Application setup complete.
2024-08-28 08:19:21,500 - logger - INFO - Starting application...
2024-08-28 08:19:21,521 - logger - INFO - Application setup complete.
2024-08-28 08:20:11,662 - logger - INFO - Starting application...
2024-08-28 08:20:11,717 - logger - INFO - Application setup complete.
2024-08-28 08:20:11,838 - logger - INFO - Starting application...
2024-08-28 08:20:11,855 - logger - INFO - Application setup complete.
2024-08-28 08:20:21,218 - logger - INFO - Starting application...
2024-08-28 08:20:21,273 - logger - INFO - Application setup complete.
2024-08-28 08:20:21,368 - logger - INFO - Starting application...
2024-08-28 08:20:21,388 - logger - INFO - Application setup complete.
2024-08-28 08:20:34,521 - logger - INFO - Starting application...
2024-08-28 08:20:34,580 - logger - INFO - Application setup complete.
2024-08-28 08:20:34,676 - logger - INFO - Starting application...
2024-08-28 08:20:34,696 - logger - INFO - Application setup complete.
2024-08-28 08:21:36,144 - logger - INFO - Starting application...
2024-08-28 08:21:36,190 - logger - INFO - Application setup complete.
2024-08-28 08:21:36,279 - logger - INFO - Starting application...
2024-08-28 08:21:36,299 - logger - INFO - Application setup complete.
2024-08-28 08:25:30,977 - logger - INFO - Starting application...
2024-08-28 08:25:31,034 - logger - INFO - Application setup complete.
2024-08-28 08:25:31,113 - logger - INFO - Starting application...
2024-08-28 08:25:31,134 - logger - INFO - Application setup complete.
2024-08-28 08:31:33,474 - logger - INFO - Starting application...
2024-08-28 08:31:33,529 - logger - INFO - Application setup complete.
2024-08-28 08:31:33,658 - logger - INFO - Starting application...
2024-08-28 08:31:33,678 - logger - INFO - Application setup complete.
2024-08-28 08:32:45,928 - logger - INFO - Starting application...
2024-08-28 08:32:45,984 - logger - INFO - Application setup complete.
2024-08-28 08:32:46,066 - logger - INFO - Starting application...
2024-08-28 08:32:46,089 - logger - INFO - Application setup complete.
2024-08-28 08:35:09,238 - logger - INFO - Starting application...
2024-08-28 08:35:09,288 - logger - INFO - Application setup complete.
2024-08-28 08:35:09,368 - logger - INFO - Starting application...
2024-08-28 08:35:09,390 - logger - INFO - Application setup complete.
2024-08-28 08:35:48,881 - logger - INFO - Starting application...
2024-08-28 08:35:48,941 - logger - INFO - Application setup complete.
2024-08-28 08:35:49,066 - logger - INFO - Starting application...
2024-08-28 08:35:49,084 - logger - INFO - Application setup complete.
2024-08-28 08:36:19,325 - logger - INFO - Starting application...
2024-08-28 08:36:19,380 - logger - INFO - Application setup complete.
2024-08-28 08:36:19,495 - logger - INFO - Starting application...
2024-08-28 08:36:19,514 - logger - INFO - Application setup complete.
2024-08-28 08:36:34,933 - logger - INFO - Starting application...
2024-08-28 08:36:34,996 - logger - INFO - Application setup complete.
2024-08-28 08:36:35,076 - logger - INFO - Starting application...
2024-08-28 08:36:35,099 - logger - INFO - Application setup complete.
2024-08-28 08:36:44,919 - logger - INFO - Starting application...
2024-08-28 08:36:45,005 - logger - INFO - Application setup complete.
2024-08-28 08:36:45,141 - logger - INFO - Starting application...
2024-08-28 08:36:45,158 - logger - INFO - Application setup complete.
2024-08-28 08:39:18,418 - logger - INFO - Starting application...
2024-08-28 08:39:18,480 - logger - INFO - Application setup complete.
2024-08-28 08:39:18,569 - logger - INFO - Starting application...
2024-08-28 08:39:18,592 - logger - INFO - Application setup complete.
2024-08-28 08:40:07,694 - logger - INFO - Starting application...
2024-08-28 08:40:07,753 - logger - INFO - Application setup complete.
2024-08-28 08:40:07,842 - logger - INFO - Starting application...
2024-08-28 08:40:07,864 - logger - INFO - Application setup complete.
2024-08-28 08:40:34,834 - logger - INFO - Starting application...
2024-08-28 08:40:34,894 - logger - INFO - Application setup complete.
2024-08-28 08:40:34,988 - logger - INFO - Starting application...
2024-08-28 08:40:35,007 - logger - INFO - Application setup complete.
2024-08-28 08:41:25,262 - logger - INFO - Starting application...
2024-08-28 08:41:25,320 - logger - INFO - Application setup complete.
2024-08-28 08:41:25,413 - logger - INFO - Starting application...
2024-08-28 08:41:25,432 - logger - INFO - Application setup complete.
2024-08-28 08:47:29,554 - logger - INFO - Starting application...
2024-08-28 08:47:29,611 - logger - INFO - Application setup complete.
2024-08-28 08:47:29,703 - logger - INFO - Starting application...
2024-08-28 08:47:29,725 - logger - INFO - Application setup complete.
2024-08-28 08:48:40,615 - logger - INFO - Starting application...
2024-08-28 08:48:40,678 - logger - INFO - Application setup complete.
2024-08-28 08:48:40,782 - logger - INFO - Starting application...
2024-08-28 08:48:40,806 - logger - INFO - Application setup complete.
2024-08-28 08:49:02,533 - logger - INFO - Starting application...
2024-08-28 08:49:02,590 - logger - INFO - Application setup complete.
2024-08-28 08:49:02,678 - logger - INFO - Starting application...
2024-08-28 08:49:02,700 - logger - INFO - Application setup complete.
2024-08-28 08:52:02,182 - logger - INFO - Starting application...
2024-08-28 08:52:02,236 - logger - INFO - Application setup complete.
2024-08-28 08:52:02,314 - logger - INFO - Starting application...
2024-08-28 08:52:02,337 - logger - INFO - Application setup complete.
2024-08-28 08:53:19,022 - logger - INFO - Starting application...
2024-08-28 08:53:19,076 - logger - INFO - Application setup complete.
2024-08-28 08:53:19,160 - logger - INFO - Starting application...
2024-08-28 08:53:19,177 - logger - INFO - Application setup complete.
2024-08-28 09:00:27,748 - logger - INFO - Starting application...
2024-08-28 09:00:27,765 - logger - INFO - Application setup complete.
2024-08-28 09:00:27,894 - logger - INFO - Starting application...
2024-08-28 09:00:27,914 - logger - INFO - Application setup complete.
2024-08-28 09:08:43,320 - logger - INFO - Starting application...
2024-08-28 09:08:43,373 - logger - INFO - Application setup complete.
2024-08-28 09:08:43,462 - logger - INFO - Starting application...
2024-08-28 09:08:43,480 - logger - INFO - Application setup complete.
2024-08-28 09:12:23,112 - logger - INFO - Starting application...
2024-08-28 09:12:23,167 - logger - INFO - Application setup complete.
2024-08-28 09:12:23,267 - logger - INFO - Starting application...
2024-08-28 09:12:23,283 - logger - INFO - Application setup complete.
2024-08-28 09:23:42,763 - logger - INFO - Starting application...
2024-08-28 09:23:42,811 - logger - INFO - Application setup complete.
2024-08-28 09:23:42,901 - logger - INFO - Starting application...
2024-08-28 09:23:42,920 - logger - INFO - Application setup complete.
2024-08-28 09:26:55,655 - logger - INFO - Starting application...
2024-08-28 09:26:55,708 - logger - INFO - Application setup complete.
2024-08-28 09:26:55,785 - logger - INFO - Starting application...
2024-08-28 09:26:55,802 - logger - INFO - Application setup complete.
2024-08-28 09:28:31,868 - logger - INFO - Starting application...
2024-08-28 09:28:31,918 - logger - INFO - Application setup complete.
2024-08-28 09:28:32,010 - logger - INFO - Starting application...
2024-08-28 09:28:32,026 - logger - INFO - Application setup complete.
2024-08-28 09:30:28,399 - logger - INFO - Starting application...
2024-08-28 09:30:28,448 - logger - INFO - Application setup complete.
2024-08-28 09:30:28,524 - logger - INFO - Starting application...
2024-08-28 09:30:28,544 - logger - INFO - Application setup complete.
2024-08-28 09:32:38,352 - logger - INFO - Starting application...
2024-08-28 09:32:38,406 - logger - INFO - Application setup complete.
2024-08-28 09:32:38,499 - logger - INFO - Starting application...
2024-08-28 09:32:38,517 - logger - INFO - Application setup complete.
2024-08-28 09:35:02,314 - logger - INFO - Starting application...
2024-08-28 09:35:02,368 - logger - INFO - Application setup complete.
2024-08-28 09:35:02,462 - logger - INFO - Starting application...
2024-08-28 09:35:02,484 - logger - INFO - Application setup complete.
2024-08-28 09:36:09,593 - logger - INFO - Starting application...
2024-08-28 09:36:09,648 - logger - INFO - Application setup complete.
2024-08-28 09:36:09,733 - logger - INFO - Starting application...
2024-08-28 09:36:09,750 - logger - INFO - Application setup complete.
2024-08-28 09:36:51,651 - logger - INFO - Starting application...
2024-08-28 09:36:51,666 - logger - INFO - Application setup complete.
2024-08-28 09:36:51,775 - logger - INFO - Starting application...
2024-08-28 09:36:51,791 - logger - INFO - Application setup complete.
2024-08-28 09:38:21,745 - logger - INFO - Starting application...
2024-08-28 09:38:21,797 - logger - INFO - Application setup complete.
2024-08-28 09:38:21,882 - logger - INFO - Starting application...
2024-08-28 09:38:21,897 - logger - INFO - Application setup complete.
2024-08-28 09:39:48,680 - logger - INFO - Starting application...
2024-08-28 09:39:48,733 - logger - INFO - Application setup complete.
2024-08-28 09:39:48,896 - logger - INFO - Starting application...
2024-08-28 09:39:48,915 - logger - INFO - Application setup complete.
2024-08-28 09:40:01,722 - logger - INFO - Starting application...
2024-08-28 09:40:01,815 - logger - INFO - Application setup complete.
2024-08-28 09:40:01,919 - logger - INFO - Starting application...
2024-08-28 09:40:01,938 - logger - INFO - Application setup complete.
2024-08-28 09:44:12,798 - logger - INFO - Starting application...
2024-08-28 09:44:12,855 - logger - INFO - Application setup complete.
2024-08-28 09:44:12,955 - logger - INFO - Starting application...
2024-08-28 09:44:12,973 - logger - INFO - Application setup complete.
2024-08-28 09:44:29,902 - logger - INFO - Starting application...
2024-08-28 09:44:29,956 - logger - INFO - Application setup complete.
2024-08-28 09:44:30,031 - logger - INFO - Starting application...
2024-08-28 09:44:30,053 - logger - INFO - Application setup complete.
2024-08-28 09:49:29,085 - logger - INFO - Starting application...
2024-08-28 09:49:29,146 - logger - INFO - Application setup complete.
2024-08-28 09:49:29,235 - logger - INFO - Starting application...
2024-08-28 09:49:29,259 - logger - INFO - Application setup complete.
2024-08-28 10:03:00,633 - logger - INFO - Starting application...
2024-08-28 10:03:00,652 - logger - INFO - Application setup complete.
2024-08-28 10:03:00,732 - logger - INFO - Starting server...
2024-08-28 10:03:00,732 - logger - INFO - Server run at: http://localhost:8000...
2024-08-28 10:03:01,874 - logger - INFO - Starting application...
2024-08-28 10:03:01,957 - logger - INFO - Application setup complete.
2024-08-28 10:03:02,046 - logger - INFO - Starting application...
2024-08-28 10:03:02,063 - logger - INFO - Application setup complete.
2024-08-28 10:09:27,552 - logger - INFO - Starting application...
2024-08-28 10:09:27,577 - logger - INFO - Application setup complete.
2024-08-28 10:09:27,722 - logger - INFO - Starting application...
2024-08-28 10:09:27,744 - logger - INFO - Application setup complete.
2024-08-28 10:10:35,959 - logger - INFO - Starting application...
2024-08-28 10:10:36,017 - logger - INFO - Application setup complete.
2024-08-28 10:10:36,103 - logger - INFO - Starting application...
2024-08-28 10:10:36,121 - logger - INFO - Application setup complete.
2024-08-28 10:13:38,234 - logger - INFO - Starting application...
2024-08-28 10:13:38,308 - logger - INFO - Application setup complete.
2024-08-28 10:13:38,425 - logger - INFO - Starting application...
2024-08-28 10:13:38,464 - logger - INFO - Application setup complete.
2024-08-28 10:14:46,829 - logger - INFO - Starting application...
2024-08-28 10:14:46,917 - logger - INFO - Application setup complete.
2024-08-28 10:14:47,020 - logger - INFO - Starting application...
2024-08-28 10:14:47,038 - logger - INFO - Application setup complete.
2024-08-28 11:55:49,422 - logger - INFO - Starting application...
2024-08-28 11:55:49,442 - logger - INFO - Application setup complete.
2024-08-28 11:55:49,997 - logger - INFO - Starting server...
2024-08-28 11:55:49,997 - logger - INFO - Server run at: http://localhost:8000...
2024-08-28 11:55:51,175 - logger - INFO - Starting application...
2024-08-28 11:55:51,204 - logger - INFO - Application setup complete.
2024-08-28 11:55:51,478 - logger - INFO - Starting application...
2024-08-28 11:55:51,496 - logger - INFO - Application setup complete.
2024-08-28 11:56:11,104 - passlib.handlers.bcrypt - WARNING - (trapped) error reading bcrypt version
Traceback (most recent call last):
  File "C:\Users\hamin\AppData\Local\pypoetry\Cache\virtualenvs\app-hD5NqLCn-py3.12\Lib\site-packages\passlib\handlers\bcrypt.py", line 620, in _load_backend_mixin
    version = _bcrypt.__about__.__version__
              ^^^^^^^^^^^^^^^^^
AttributeError: module 'bcrypt' has no attribute '__about__'
2024-08-28 12:00:52,685 - logger - INFO - Starting application...
2024-08-28 12:00:52,707 - logger - INFO - Application setup complete.
2024-08-28 12:00:52,812 - logger - INFO - Starting application...
2024-08-28 12:00:52,832 - logger - INFO - Application setup complete.
2024-08-28 12:01:39,391 - logger - INFO - Starting application...
2024-08-28 12:01:39,407 - logger - INFO - Application setup complete.
2024-08-28 12:01:39,512 - logger - INFO - Starting application...
2024-08-28 12:01:39,531 - logger - INFO - Application setup complete.
2024-08-28 13:42:08,840 - logger - INFO - Starting application...
2024-08-28 13:42:08,856 - logger - INFO - Application setup complete.
2024-08-28 13:42:08,964 - logger - INFO - Starting application...
2024-08-28 13:42:08,979 - logger - INFO - Application setup complete.
2024-08-28 14:46:02,520 - logger - INFO - Starting application...
2024-08-28 14:46:02,535 - logger - INFO - Application setup complete.
2024-08-28 14:46:02,833 - logger - INFO - Starting server...
2024-08-28 14:46:02,834 - logger - INFO - Server run at: http://localhost:8000...
2024-08-28 14:46:03,787 - logger - INFO - Starting application...
2024-08-28 14:46:03,802 - logger - INFO - Application setup complete.
2024-08-28 14:46:04,061 - logger - INFO - Starting application...
2024-08-28 14:46:04,078 - logger - INFO - Application setup complete.
2024-08-28 14:47:59,549 - logger - INFO - Starting application...
2024-08-28 14:47:59,564 - logger - INFO - Application setup complete.
2024-08-28 14:47:59,653 - logger - INFO - Starting server...
2024-08-28 14:47:59,653 - logger - INFO - Server run at: http://localhost:8000...
2024-08-28 14:48:00,645 - logger - INFO - Starting application...
2024-08-28 14:48:00,660 - logger - INFO - Application setup complete.
2024-08-28 14:48:00,746 - logger - INFO - Starting application...
2024-08-28 14:48:00,761 - logger - INFO - Application setup complete.
2024-08-28 14:51:34,850 - logger - INFO - Starting application...
2024-08-28 14:51:34,874 - logger - INFO - Application setup complete.
2024-08-28 14:51:34,971 - logger - INFO - Starting application...
2024-08-28 14:51:34,993 - logger - INFO - Application setup complete.
2024-08-28 15:20:39,182 - logger - INFO - Starting application...
2024-08-28 15:20:39,219 - logger - INFO - Application setup complete.
2024-08-28 15:20:39,295 - logger - INFO - Starting application...
2024-08-28 15:20:39,312 - logger - INFO - Application setup complete.
2024-08-28 15:38:25,468 - logger - INFO - Starting application...
2024-08-28 15:38:25,490 - logger - INFO - Application setup complete.
2024-08-28 15:38:25,595 - logger - INFO - Starting application...
2024-08-28 15:38:25,611 - logger - INFO - Application setup complete.
2024-08-28 15:40:48,605 - logger - INFO - Starting application...
2024-08-28 15:40:48,625 - logger - INFO - Application setup complete.
2024-08-28 15:40:48,720 - logger - INFO - Starting application...
2024-08-28 15:40:48,743 - logger - INFO - Application setup complete.
2024-08-28 15:40:56,178 - logger - INFO - Starting application...
2024-08-28 15:40:56,194 - logger - INFO - Application setup complete.
2024-08-28 15:40:56,289 - logger - INFO - Starting application...
2024-08-28 15:40:56,310 - logger - INFO - Application setup complete.
2024-08-28 15:59:07,229 - logger - INFO - Starting application...
2024-08-28 15:59:07,280 - logger - INFO - Application setup complete.
2024-08-28 15:59:07,366 - logger - INFO - Starting application...
2024-08-28 15:59:07,383 - logger - INFO - Application setup complete.
2024-08-28 16:00:05,167 - logger - INFO - Starting application...
2024-08-28 16:00:05,245 - logger - INFO - Application setup complete.
2024-08-28 16:00:05,342 - logger - INFO - Starting application...
2024-08-28 16:00:05,362 - logger - INFO - Application setup complete.
2024-08-28 16:02:49,030 - logger - INFO - Starting application...
2024-08-28 16:02:49,076 - logger - INFO - Application setup complete.
2024-08-28 16:02:49,138 - logger - INFO - Starting application...
2024-08-28 16:02:49,160 - logger - INFO - Application setup complete.
2024-08-28 16:07:24,080 - logger - INFO - Starting application...
2024-08-28 16:07:24,133 - logger - INFO - Application setup complete.
2024-08-28 16:07:24,187 - logger - INFO - Starting application...
2024-08-28 16:07:24,193 - logger - INFO - Application setup complete.
2024-08-28 16:09:17,031 - logger - INFO - Starting application...
2024-08-28 16:09:17,068 - logger - INFO - Application setup complete.
2024-08-28 16:09:17,131 - logger - INFO - Starting application...
2024-08-28 16:09:17,148 - logger - INFO - Application setup complete.
2024-08-28 16:09:43,257 - logger - INFO - Starting application...
2024-08-28 16:09:43,300 - logger - INFO - Application setup complete.
2024-08-28 16:09:43,352 - logger - INFO - Starting application...
2024-08-28 16:09:43,368 - logger - INFO - Application setup complete.
2024-08-28 16:10:45,821 - logger - INFO - Starting application...
2024-08-28 16:10:45,860 - logger - INFO - Application setup complete.
2024-08-28 16:10:45,907 - logger - INFO - Starting application...
2024-08-28 16:10:45,908 - logger - INFO - Application setup complete.
2024-08-28 16:11:52,232 - logger - INFO - Starting application...
2024-08-28 16:11:52,279 - logger - INFO - Application setup complete.
2024-08-28 16:11:52,331 - logger - INFO - Starting application...
2024-08-28 16:11:52,353 - logger - INFO - Application setup complete.
2024-08-28 16:12:46,421 - logger - INFO - Starting application...
2024-08-28 16:12:46,444 - logger - INFO - Application setup complete.
2024-08-28 16:12:46,522 - logger - INFO - Starting application...
2024-08-28 16:12:46,552 - logger - INFO - Application setup complete.
2024-08-28 16:13:51,041 - logger - INFO - Starting application...
2024-08-28 16:13:51,086 - logger - INFO - Application setup complete.
2024-08-28 16:13:51,150 - logger - INFO - Starting application...
2024-08-28 16:13:51,166 - logger - INFO - Application setup complete.
2024-08-28 16:14:40,609 - logger - INFO - Starting application...
2024-08-28 16:14:40,658 - logger - INFO - Application setup complete.
2024-08-28 16:14:40,706 - logger - INFO - Starting application...
2024-08-28 16:14:40,722 - logger - INFO - Application setup complete.
2024-08-28 16:53:19,988 - logger - INFO - Starting application...
2024-08-28 16:53:20,006 - logger - INFO - Application setup complete.
2024-08-28 16:53:20,080 - logger - INFO - Starting application...
2024-08-28 16:53:20,098 - logger - INFO - Application setup complete.
2024-08-28 16:53:20,450 - logger - INFO - Starting application...
2024-08-28 16:53:20,467 - logger - INFO - Application setup complete.
2024-08-28 16:53:20,513 - logger - INFO - Starting server...
2024-08-28 16:53:20,513 - logger - INFO - Server run at: http://localhost:8000...
2024-08-28 16:53:22,030 - logger - INFO - Starting application...
2024-08-28 16:53:22,049 - logger - INFO - Application setup complete.
2024-08-28 16:53:22,126 - logger - INFO - Starting application...
2024-08-28 16:53:22,144 - logger - INFO - Application setup complete.
2024-08-28 16:54:42,576 - logger - INFO - Starting application...
2024-08-28 16:54:42,576 - logger - INFO - Starting application...
2024-08-28 16:54:42,593 - logger - INFO - Application setup complete.
2024-08-28 16:54:42,593 - logger - INFO - Application setup complete.
2024-08-28 16:54:42,660 - logger - INFO - Starting application...
2024-08-28 16:54:42,662 - logger - INFO - Starting application...
2024-08-28 16:54:42,683 - logger - INFO - Application setup complete.
2024-08-28 16:54:42,684 - logger - INFO - Application setup complete.
2024-08-28 16:55:47,739 - logger - INFO - Starting application...
2024-08-28 16:55:47,760 - logger - INFO - Application setup complete.
2024-08-28 16:55:47,829 - logger - INFO - Starting application...
2024-08-28 16:55:47,845 - logger - INFO - Application setup complete.
2024-08-28 16:56:06,291 - logger - INFO - Starting application...
2024-08-28 16:56:06,319 - logger - INFO - Application setup complete.
2024-08-28 16:56:06,398 - logger - INFO - Starting application...
2024-08-28 16:56:06,417 - logger - INFO - Application setup complete.
2024-08-28 16:59:54,995 - logger - INFO - Starting application...
2024-08-28 16:59:55,017 - logger - INFO - Application setup complete.
2024-08-28 16:59:55,105 - logger - INFO - Starting application...
2024-08-28 16:59:55,136 - logger - INFO - Application setup complete.
2024-08-28 17:00:32,623 - logger - INFO - Starting application...
2024-08-28 17:00:32,645 - logger - INFO - Application setup complete.
2024-08-28 17:00:32,713 - logger - INFO - Starting application...
2024-08-28 17:00:32,731 - logger - INFO - Application setup complete.
2024-08-28 17:01:20,642 - logger - INFO - Starting application...
2024-08-28 17:01:20,663 - logger - INFO - Application setup complete.
2024-08-28 17:01:20,723 - logger - INFO - Starting application...
2024-08-28 17:01:20,751 - logger - INFO - Application setup complete.
2024-08-28 17:01:41,184 - logger - INFO - Starting application...
2024-08-28 17:01:41,205 - logger - INFO - Application setup complete.
2024-08-28 17:01:41,267 - logger - INFO - Starting application...
2024-08-28 17:01:41,289 - logger - INFO - Application setup complete.
2024-08-28 17:02:05,551 - logger - INFO - Starting application...
2024-08-28 17:02:05,572 - logger - INFO - Application setup complete.
2024-08-28 17:02:05,641 - logger - INFO - Starting application...
2024-08-28 17:02:05,662 - logger - INFO - Application setup complete.
2024-08-28 17:02:27,033 - logger - INFO - Starting application...
2024-08-28 17:02:27,050 - logger - INFO - Application setup complete.
2024-08-28 17:02:27,130 - logger - INFO - Starting application...
2024-08-28 17:02:27,150 - logger - INFO - Application setup complete.
2024-08-28 17:03:34,444 - logger - INFO - Starting application...
2024-08-28 17:03:34,456 - logger - INFO - Application setup complete.
2024-08-28 17:03:34,556 - logger - INFO - Starting application...
2024-08-28 17:03:34,587 - logger - INFO - Application setup complete.
2024-08-28 17:03:49,417 - logger - INFO - Starting application...
2024-08-28 17:03:49,441 - logger - INFO - Application setup complete.
2024-08-28 17:03:49,521 - logger - INFO - Starting application...
2024-08-28 17:03:49,545 - logger - INFO - Application setup complete.
2024-08-28 17:04:18,502 - logger - INFO - Starting application...
2024-08-28 17:04:18,524 - logger - INFO - Application setup complete.
2024-08-28 17:04:18,590 - logger - INFO - Starting application...
2024-08-28 17:04:18,615 - logger - INFO - Application setup complete.
2024-08-28 17:04:35,974 - logger - INFO - Starting application...
2024-08-28 17:04:35,999 - logger - INFO - Application setup complete.
2024-08-28 17:04:36,063 - logger - INFO - Starting application...
2024-08-28 17:04:36,080 - logger - INFO - Application setup complete.
2024-08-28 17:08:57,007 - logger - INFO - Starting application...
2024-08-28 17:08:57,022 - logger - INFO - Application setup complete.
2024-08-28 17:08:57,071 - logger - INFO - Starting application...
2024-08-28 17:08:57,087 - logger - INFO - Application setup complete.
2024-08-28 17:14:21,467 - logger - INFO - Starting application...
2024-08-28 17:14:21,486 - logger - INFO - Application setup complete.
2024-08-28 17:14:21,563 - logger - INFO - Starting application...
2024-08-28 17:14:21,581 - logger - INFO - Application setup complete.
2024-08-28 17:14:44,061 - logger - INFO - Starting application...
2024-08-28 17:14:44,091 - logger - INFO - Application setup complete.
2024-08-28 17:14:44,179 - logger - INFO - Starting application...
2024-08-28 17:14:44,199 - logger - INFO - Application setup complete.
2024-08-28 17:15:28,464 - logger - INFO - Starting application...
2024-08-28 17:15:28,490 - logger - INFO - Application setup complete.
2024-08-28 17:15:28,554 - logger - INFO - Starting application...
2024-08-28 17:15:28,575 - logger - INFO - Application setup complete.
2024-08-28 17:15:51,552 - logger - INFO - Starting application...
2024-08-28 17:15:51,575 - logger - INFO - Application setup complete.
2024-08-28 17:15:51,642 - logger - INFO - Starting application...
2024-08-28 17:15:51,663 - logger - INFO - Application setup complete.
2024-08-28 17:17:19,797 - logger - INFO - Starting application...
2024-08-28 17:17:19,816 - logger - INFO - Application setup complete.
2024-08-28 17:17:19,882 - logger - INFO - Starting application...
2024-08-28 17:17:19,898 - logger - INFO - Application setup complete.
2024-08-28 17:17:40,743 - logger - INFO - Starting application...
2024-08-28 17:17:40,765 - logger - INFO - Application setup complete.
2024-08-28 17:17:40,840 - logger - INFO - Starting application...
2024-08-28 17:17:40,855 - logger - INFO - Application setup complete.
2024-08-28 17:17:57,370 - logger - INFO - Starting application...
2024-08-28 17:17:57,399 - logger - INFO - Application setup complete.
2024-08-28 17:17:57,454 - logger - INFO - Starting application...
2024-08-28 17:17:57,486 - logger - INFO - Application setup complete.
2024-08-28 17:20:52,535 - logger - INFO - Starting application...
2024-08-28 17:20:52,552 - logger - INFO - Application setup complete.
2024-08-28 17:20:52,601 - logger - INFO - Starting application...
2024-08-28 17:20:52,602 - logger - INFO - Application setup complete.
2024-08-28 17:21:29,907 - logger - INFO - Starting application...
2024-08-28 17:21:29,931 - logger - INFO - Application setup complete.
2024-08-28 17:21:30,007 - logger - INFO - Starting application...
2024-08-28 17:21:30,029 - logger - INFO - Application setup complete.
2024-08-28 17:22:44,567 - logger - INFO - Starting application...
2024-08-28 17:22:44,591 - logger - INFO - Application setup complete.
2024-08-28 17:22:44,630 - logger - INFO - Starting server...
2024-08-28 17:22:44,636 - logger - INFO - Server run at: http://localhost:8000...
2024-08-28 17:22:46,226 - logger - INFO - Starting application...
2024-08-28 17:22:46,244 - logger - INFO - Application setup complete.
2024-08-28 17:22:46,310 - logger - INFO - Starting application...
2024-08-28 17:22:46,331 - logger - INFO - Application setup complete.
2024-08-28 17:27:59,484 - logger - INFO - Starting application...
2024-08-28 17:27:59,512 - logger - INFO - Application setup complete.
2024-08-28 17:27:59,590 - logger - INFO - Starting server...
2024-08-28 17:27:59,590 - logger - INFO - Server run at: http://localhost:8000...
2024-08-28 17:28:00,775 - logger - INFO - Starting application...
2024-08-28 17:28:00,839 - logger - INFO - Application setup complete.
2024-08-28 17:28:00,914 - logger - INFO - Starting application...
2024-08-28 17:28:00,937 - logger - INFO - Application setup complete.
2024-08-28 17:28:55,213 - logger - INFO - Starting application...
2024-08-28 17:28:55,236 - logger - INFO - Application setup complete.
2024-08-28 17:28:55,318 - logger - INFO - Starting application...
2024-08-28 17:28:55,338 - logger - INFO - Application setup complete.
2024-08-28 17:29:19,397 - logger - INFO - Starting application...
2024-08-28 17:29:19,423 - logger - INFO - Application setup complete.
2024-08-28 17:29:19,495 - logger - INFO - Starting application...
2024-08-28 17:29:19,517 - logger - INFO - Application setup complete.
2024-08-28 17:29:49,926 - logger - INFO - Starting application...
2024-08-28 17:29:49,949 - logger - INFO - Application setup complete.
2024-08-28 17:29:50,041 - logger - INFO - Starting application...
2024-08-28 17:29:50,060 - logger - INFO - Application setup complete.
2024-08-28 17:30:18,398 - logger - INFO - Starting application...
2024-08-28 17:30:18,425 - logger - INFO - Application setup complete.
2024-08-28 17:30:18,494 - logger - INFO - Starting application...
2024-08-28 17:30:18,517 - logger - INFO - Application setup complete.
2024-08-28 17:30:36,736 - logger - INFO - Starting application...
2024-08-28 17:30:36,758 - logger - INFO - Application setup complete.
2024-08-28 17:30:36,832 - logger - INFO - Starting application...
2024-08-28 17:30:36,852 - logger - INFO - Application setup complete.
2024-08-28 17:30:44,728 - logger - INFO - Starting application...
2024-08-28 17:30:44,733 - logger - INFO - Application setup complete.
2024-08-28 17:30:44,796 - logger - INFO - Starting application...
2024-08-28 17:30:44,829 - logger - INFO - Application setup complete.
