2024-08-26 08:27:31,420 - logger - INFO - Starting application...
2024-08-26 08:27:31,442 - logger - INFO - Application setup complete.
2024-08-26 08:27:31,543 - logger - INFO - Starting server...
2024-08-26 08:27:31,543 - logger - INFO - Server run at: http://localhost:8000...
2024-08-26 08:27:32,671 - logger - INFO - Starting application...
2024-08-26 08:27:32,694 - logger - INFO - Application setup complete.
2024-08-26 08:27:32,841 - logger - INFO - Starting application...
2024-08-26 08:27:32,861 - logger - INFO - Application setup complete.
2024-08-26 08:33:27,801 - logger - INFO - Starting application...
2024-08-26 08:33:27,821 - logger - INFO - Application setup complete.
2024-08-26 08:33:27,963 - logger - INFO - Starting application...
2024-08-26 08:33:27,993 - logger - INFO - Application setup complete.
2024-08-26 08:35:06,635 - logger - INFO - Starting application...
2024-08-26 08:35:06,656 - logger - INFO - Application setup complete.
2024-08-26 08:35:06,766 - logger - INFO - Starting application...
2024-08-26 08:35:06,782 - logger - INFO - Application setup complete.
2024-08-26 08:35:28,240 - logger - INFO - Starting application...
2024-08-26 08:35:28,258 - logger - INFO - Application setup complete.
2024-08-26 08:35:28,362 - logger - INFO - Starting application...
2024-08-26 08:35:28,376 - logger - INFO - Application setup complete.
2024-08-26 08:36:22,142 - logger - INFO - Starting application...
2024-08-26 08:36:22,165 - logger - INFO - Application setup complete.
2024-08-26 08:36:22,295 - logger - INFO - Starting application...
2024-08-26 08:36:22,335 - logger - INFO - Application setup complete.
2024-08-26 08:37:22,547 - logger - INFO - Starting application...
2024-08-26 08:37:22,567 - logger - INFO - Application setup complete.
2024-08-26 08:37:22,700 - logger - INFO - Starting application...
2024-08-26 08:37:22,716 - logger - INFO - Application setup complete.
2024-08-26 08:37:55,421 - logger - INFO - Starting application...
2024-08-26 08:37:55,439 - logger - INFO - Application setup complete.
2024-08-26 08:37:55,560 - logger - INFO - Starting application...
2024-08-26 08:37:55,580 - logger - INFO - Application setup complete.
2024-08-26 08:38:33,912 - logger - INFO - Starting application...
2024-08-26 08:38:33,933 - logger - INFO - Application setup complete.
2024-08-26 08:38:34,042 - logger - INFO - Starting application...
2024-08-26 08:38:34,058 - logger - INFO - Application setup complete.
2024-08-26 08:42:39,827 - logger - INFO - Starting application...
2024-08-26 08:42:39,850 - logger - INFO - Application setup complete.
2024-08-26 08:42:39,991 - logger - INFO - Starting application...
2024-08-26 08:42:40,009 - logger - INFO - Application setup complete.
2024-08-26 08:43:35,446 - logger - INFO - Starting application...
2024-08-26 08:43:35,463 - logger - INFO - Application setup complete.
2024-08-26 08:43:35,588 - logger - INFO - Starting application...
2024-08-26 08:43:35,604 - logger - INFO - Application setup complete.
2024-08-26 08:44:23,406 - logger - INFO - Starting application...
2024-08-26 08:44:23,421 - logger - INFO - Application setup complete.
2024-08-26 08:44:23,535 - logger - INFO - Starting application...
2024-08-26 08:44:23,553 - logger - INFO - Application setup complete.
2024-08-26 08:45:58,544 - logger - INFO - Starting application...
2024-08-26 08:45:58,564 - logger - INFO - Application setup complete.
2024-08-26 08:45:58,671 - logger - INFO - Starting application...
2024-08-26 08:45:58,689 - logger - INFO - Application setup complete.
2024-08-26 08:46:14,644 - logger - INFO - Starting application...
2024-08-26 08:46:14,668 - logger - INFO - Application setup complete.
2024-08-26 08:46:14,772 - logger - INFO - Starting application...
2024-08-26 08:46:14,787 - logger - INFO - Application setup complete.
2024-08-26 08:46:37,837 - logger - INFO - Starting application...
2024-08-26 08:46:37,858 - logger - INFO - Application setup complete.
2024-08-26 08:46:37,964 - logger - INFO - Starting application...
2024-08-26 08:46:37,983 - logger - INFO - Application setup complete.
2024-08-26 08:48:33,966 - logger - INFO - Starting application...
2024-08-26 08:48:33,993 - logger - INFO - Application setup complete.
2024-08-26 08:48:34,109 - logger - INFO - Starting application...
2024-08-26 08:48:34,127 - logger - INFO - Application setup complete.
2024-08-26 08:49:07,090 - logger - INFO - Starting application...
2024-08-26 08:49:07,108 - logger - INFO - Application setup complete.
2024-08-26 08:49:07,218 - logger - INFO - Starting application...
2024-08-26 08:49:07,238 - logger - INFO - Application setup complete.
2024-08-26 08:49:59,235 - logger - INFO - Starting application...
2024-08-26 08:49:59,255 - logger - INFO - Application setup complete.
2024-08-26 08:49:59,374 - logger - INFO - Starting application...
2024-08-26 08:49:59,394 - logger - INFO - Application setup complete.
2024-08-26 08:52:37,130 - logger - INFO - Starting application...
2024-08-26 08:52:37,158 - logger - INFO - Application setup complete.
2024-08-26 08:52:37,314 - logger - INFO - Starting application...
2024-08-26 08:52:37,330 - logger - INFO - Application setup complete.
2024-08-26 08:53:07,930 - logger - INFO - Starting application...
2024-08-26 08:53:07,943 - logger - INFO - Application setup complete.
2024-08-26 08:53:08,061 - logger - INFO - Starting application...
2024-08-26 08:53:08,078 - logger - INFO - Application setup complete.
2024-08-26 08:56:16,093 - logger - INFO - Starting application...
2024-08-26 08:56:16,114 - logger - INFO - Application setup complete.
2024-08-26 08:56:16,218 - logger - INFO - Starting application...
2024-08-26 08:56:16,243 - logger - INFO - Application setup complete.
2024-08-26 08:56:34,645 - logger - INFO - Starting application...
2024-08-26 08:56:34,665 - logger - INFO - Application setup complete.
2024-08-26 08:56:34,784 - logger - INFO - Starting application...
2024-08-26 08:56:34,802 - logger - INFO - Application setup complete.
2024-08-26 08:56:49,294 - logger - INFO - Starting application...
2024-08-26 08:56:49,317 - logger - INFO - Application setup complete.
2024-08-26 08:56:49,472 - logger - INFO - Starting application...
2024-08-26 08:56:49,491 - logger - INFO - Application setup complete.
2024-08-26 08:57:25,528 - logger - INFO - Starting application...
2024-08-26 08:57:25,550 - logger - INFO - Application setup complete.
2024-08-26 08:57:25,669 - logger - INFO - Starting application...
2024-08-26 08:57:25,684 - logger - INFO - Application setup complete.
2024-08-26 08:58:45,070 - logger - INFO - Starting application...
2024-08-26 08:58:45,091 - logger - INFO - Application setup complete.
2024-08-26 08:58:45,212 - logger - INFO - Starting application...
2024-08-26 08:58:45,232 - logger - INFO - Application setup complete.
2024-08-26 08:59:05,671 - logger - INFO - Starting application...
2024-08-26 08:59:05,692 - logger - INFO - Application setup complete.
2024-08-26 08:59:05,797 - logger - INFO - Starting application...
2024-08-26 08:59:05,814 - logger - INFO - Application setup complete.
2024-08-26 09:00:15,595 - logger - INFO - Starting application...
2024-08-26 09:00:15,624 - logger - INFO - Application setup complete.
2024-08-26 09:00:15,734 - logger - INFO - Starting application...
2024-08-26 09:00:15,756 - logger - INFO - Application setup complete.
2024-08-26 09:00:42,185 - logger - INFO - Starting application...
2024-08-26 09:00:42,202 - logger - INFO - Application setup complete.
2024-08-26 09:00:42,318 - logger - INFO - Starting application...
2024-08-26 09:00:42,336 - logger - INFO - Application setup complete.
2024-08-26 09:01:44,586 - logger - INFO - Starting application...
2024-08-26 09:01:44,596 - logger - INFO - Application setup complete.
2024-08-26 09:01:44,709 - logger - INFO - Starting application...
2024-08-26 09:01:44,737 - logger - INFO - Application setup complete.
2024-08-26 09:04:02,570 - logger - INFO - Starting application...
2024-08-26 09:04:02,591 - logger - INFO - Application setup complete.
2024-08-26 09:04:02,764 - logger - INFO - Starting application...
2024-08-26 09:04:02,791 - logger - INFO - Application setup complete.
2024-08-26 09:06:15,667 - logger - INFO - Starting application...
2024-08-26 09:06:15,683 - logger - INFO - Application setup complete.
2024-08-26 09:06:15,759 - logger - INFO - Starting server...
2024-08-26 09:06:15,759 - logger - INFO - Server run at: http://localhost:8000...
2024-08-26 09:06:16,824 - logger - INFO - Starting application...
2024-08-26 09:06:16,842 - logger - INFO - Application setup complete.
2024-08-26 09:06:16,945 - logger - INFO - Starting application...
2024-08-26 09:06:16,952 - logger - INFO - Application setup complete.
2024-08-26 09:13:19,152 - logger - INFO - Starting application...
2024-08-26 09:13:19,181 - logger - INFO - Application setup complete.
2024-08-26 09:13:19,298 - logger - INFO - Starting application...
2024-08-26 09:13:19,315 - logger - INFO - Application setup complete.
2024-08-26 09:18:45,529 - logger - INFO - Starting application...
2024-08-26 09:18:45,551 - logger - INFO - Application setup complete.
2024-08-26 09:18:45,661 - logger - INFO - Starting application...
2024-08-26 09:18:45,680 - logger - INFO - Application setup complete.
2024-08-26 09:22:12,809 - logger - INFO - Starting application...
2024-08-26 09:22:12,837 - logger - INFO - Application setup complete.
2024-08-26 09:22:12,947 - logger - INFO - Starting application...
2024-08-26 09:22:12,966 - logger - INFO - Application setup complete.
2024-08-26 09:23:32,346 - logger - INFO - Starting application...
2024-08-26 09:23:32,365 - logger - INFO - Application setup complete.
2024-08-26 09:23:32,490 - logger - INFO - Starting application...
2024-08-26 09:23:32,512 - logger - INFO - Application setup complete.
2024-08-26 09:25:48,365 - logger - INFO - Starting application...
2024-08-26 09:25:48,389 - logger - INFO - Application setup complete.
2024-08-26 09:25:48,530 - logger - INFO - Starting application...
2024-08-26 09:25:48,556 - logger - INFO - Application setup complete.
2024-08-26 09:27:53,977 - logger - INFO - Starting application...
2024-08-26 09:27:53,996 - logger - INFO - Application setup complete.
2024-08-26 09:27:54,122 - logger - INFO - Starting application...
2024-08-26 09:27:54,135 - logger - INFO - Application setup complete.
2024-08-26 09:28:36,669 - logger - INFO - Starting application...
2024-08-26 09:28:36,686 - logger - INFO - Application setup complete.
2024-08-26 09:28:36,790 - logger - INFO - Starting application...
2024-08-26 09:28:36,816 - logger - INFO - Application setup complete.
2024-08-26 09:28:55,190 - logger - INFO - Starting application...
2024-08-26 09:28:55,211 - logger - INFO - Application setup complete.
2024-08-26 09:28:55,341 - logger - INFO - Starting application...
2024-08-26 09:28:55,359 - logger - INFO - Application setup complete.
2024-08-26 09:29:28,944 - logger - INFO - Starting application...
2024-08-26 09:29:28,987 - logger - INFO - Application setup complete.
2024-08-26 09:29:29,115 - logger - INFO - Starting application...
2024-08-26 09:29:29,136 - logger - INFO - Application setup complete.
2024-08-26 09:31:15,325 - logger - INFO - Starting application...
2024-08-26 09:31:15,342 - logger - INFO - Application setup complete.
2024-08-26 09:31:15,470 - logger - INFO - Starting application...
2024-08-26 09:31:15,498 - logger - INFO - Application setup complete.
2024-08-26 09:31:31,386 - logger - INFO - Starting application...
2024-08-26 09:31:31,407 - logger - INFO - Application setup complete.
2024-08-26 09:31:31,502 - logger - INFO - Starting application...
2024-08-26 09:31:31,522 - logger - INFO - Application setup complete.
2024-08-26 09:32:26,912 - logger - INFO - Starting application...
2024-08-26 09:32:26,937 - logger - INFO - Application setup complete.
2024-08-26 09:32:27,058 - logger - INFO - Starting application...
2024-08-26 09:32:27,075 - logger - INFO - Application setup complete.
2024-08-26 09:34:24,536 - logger - INFO - Starting application...
2024-08-26 09:34:24,559 - logger - INFO - Application setup complete.
2024-08-26 09:34:24,677 - logger - INFO - Starting application...
2024-08-26 09:34:24,694 - logger - INFO - Application setup complete.
2024-08-26 09:34:57,122 - logger - INFO - Starting application...
2024-08-26 09:34:57,137 - logger - INFO - Application setup complete.
2024-08-26 09:34:57,268 - logger - INFO - Starting application...
2024-08-26 09:34:57,274 - logger - INFO - Application setup complete.
2024-08-26 09:40:55,149 - logger - INFO - Starting application...
2024-08-26 09:40:55,174 - logger - INFO - Application setup complete.
2024-08-26 09:40:55,297 - logger - INFO - Starting application...
2024-08-26 09:40:55,323 - logger - INFO - Application setup complete.
2024-08-26 09:41:19,844 - logger - INFO - Starting application...
2024-08-26 09:41:19,862 - logger - INFO - Application setup complete.
2024-08-26 09:41:19,999 - logger - INFO - Starting application...
2024-08-26 09:41:20,016 - logger - INFO - Application setup complete.
2024-08-26 09:41:52,436 - logger - INFO - Starting application...
2024-08-26 09:41:52,457 - logger - INFO - Application setup complete.
2024-08-26 09:41:52,592 - logger - INFO - Starting application...
2024-08-26 09:41:52,612 - logger - INFO - Application setup complete.
2024-08-26 09:42:27,139 - logger - INFO - Starting application...
2024-08-26 09:42:27,161 - logger - INFO - Application setup complete.
2024-08-26 09:42:27,292 - logger - INFO - Starting application...
2024-08-26 09:42:27,316 - logger - INFO - Application setup complete.
2024-08-26 09:42:48,532 - logger - INFO - Starting application...
2024-08-26 09:42:48,556 - logger - INFO - Application setup complete.
2024-08-26 09:42:48,699 - logger - INFO - Starting application...
2024-08-26 09:42:48,724 - logger - INFO - Application setup complete.
2024-08-26 09:44:28,444 - logger - INFO - Starting application...
2024-08-26 09:44:28,471 - logger - INFO - Application setup complete.
2024-08-26 09:44:28,588 - logger - INFO - Starting application...
2024-08-26 09:44:28,603 - logger - INFO - Application setup complete.
2024-08-26 09:47:30,168 - logger - INFO - Starting application...
2024-08-26 09:47:30,199 - logger - INFO - Application setup complete.
2024-08-26 09:47:30,305 - logger - INFO - Starting application...
2024-08-26 09:47:30,329 - logger - INFO - Application setup complete.
2024-08-26 09:47:50,552 - logger - INFO - Starting application...
2024-08-26 09:47:50,580 - logger - INFO - Application setup complete.
2024-08-26 09:47:50,686 - logger - INFO - Starting application...
2024-08-26 09:47:50,710 - logger - INFO - Application setup complete.
2024-08-26 09:47:54,514 - logger - INFO - Starting application...
2024-08-26 09:47:54,543 - logger - INFO - Application setup complete.
2024-08-26 09:47:54,683 - logger - INFO - Starting application...
2024-08-26 09:47:54,696 - logger - INFO - Application setup complete.
2024-08-26 09:49:36,026 - logger - INFO - Starting application...
2024-08-26 09:49:36,051 - logger - INFO - Application setup complete.
2024-08-26 09:49:36,158 - logger - INFO - Starting application...
2024-08-26 09:49:36,190 - logger - INFO - Application setup complete.
2024-08-26 09:50:43,749 - logger - INFO - Starting application...
2024-08-26 09:50:43,777 - logger - INFO - Application setup complete.
2024-08-26 09:50:43,894 - logger - INFO - Starting application...
2024-08-26 09:50:43,917 - logger - INFO - Application setup complete.
2024-08-26 09:53:43,759 - logger - INFO - Starting application...
2024-08-26 09:53:43,787 - logger - INFO - Application setup complete.
2024-08-26 09:53:43,890 - logger - INFO - Starting application...
2024-08-26 09:53:43,913 - logger - INFO - Application setup complete.
2024-08-26 09:53:59,493 - logger - INFO - Starting application...
2024-08-26 09:53:59,513 - logger - INFO - Application setup complete.
2024-08-26 09:53:59,611 - logger - INFO - Starting application...
2024-08-26 09:53:59,632 - logger - INFO - Application setup complete.
2024-08-26 09:54:52,420 - logger - INFO - Starting application...
2024-08-26 09:54:52,439 - logger - INFO - Application setup complete.
2024-08-26 09:54:52,547 - logger - INFO - Starting application...
2024-08-26 09:54:52,564 - logger - INFO - Application setup complete.
2024-08-26 09:55:50,155 - logger - INFO - Starting application...
2024-08-26 09:55:50,180 - logger - INFO - Application setup complete.
2024-08-26 09:55:50,285 - logger - INFO - Starting application...
2024-08-26 09:55:50,306 - logger - INFO - Application setup complete.
2024-08-26 09:56:41,245 - logger - INFO - Starting application...
2024-08-26 09:56:41,265 - logger - INFO - Application setup complete.
2024-08-26 09:56:41,398 - logger - INFO - Starting application...
2024-08-26 09:56:41,418 - logger - INFO - Application setup complete.
2024-08-26 09:58:13,652 - logger - INFO - Starting application...
2024-08-26 09:58:13,675 - logger - INFO - Application setup complete.
2024-08-26 09:58:13,786 - logger - INFO - Starting application...
2024-08-26 09:58:13,793 - logger - INFO - Application setup complete.
2024-08-26 09:58:44,758 - logger - INFO - Starting application...
2024-08-26 09:58:44,780 - logger - INFO - Application setup complete.
2024-08-26 09:58:44,879 - logger - INFO - Starting application...
2024-08-26 09:58:44,896 - logger - INFO - Application setup complete.
2024-08-26 10:12:14,732 - logger - INFO - Starting application...
2024-08-26 10:12:14,771 - logger - INFO - Application setup complete.
2024-08-26 10:12:14,940 - logger - INFO - Starting application...
2024-08-26 10:12:14,959 - logger - INFO - Application setup complete.
2024-08-26 10:13:25,465 - logger - INFO - Starting application...
2024-08-26 10:13:25,487 - logger - INFO - Application setup complete.
2024-08-26 10:13:25,613 - logger - INFO - Starting application...
2024-08-26 10:13:25,631 - logger - INFO - Application setup complete.
2024-08-26 10:15:38,070 - logger - INFO - Starting application...
2024-08-26 10:15:38,094 - logger - INFO - Application setup complete.
2024-08-26 10:15:38,205 - logger - INFO - Starting application...
2024-08-26 10:15:38,221 - logger - INFO - Application setup complete.
2024-08-26 10:17:04,742 - logger - INFO - Starting application...
2024-08-26 10:17:04,759 - logger - INFO - Application setup complete.
2024-08-26 10:17:04,865 - logger - INFO - Starting application...
2024-08-26 10:17:04,886 - logger - INFO - Application setup complete.
2024-08-26 10:18:08,880 - logger - INFO - Starting application...
2024-08-26 10:18:08,900 - logger - INFO - Application setup complete.
2024-08-26 10:18:09,003 - logger - INFO - Starting application...
2024-08-26 10:18:09,022 - logger - INFO - Application setup complete.
2024-08-26 10:18:29,171 - logger - INFO - Starting application...
2024-08-26 10:18:29,192 - logger - INFO - Application setup complete.
2024-08-26 10:18:29,357 - logger - INFO - Starting application...
2024-08-26 10:18:29,375 - logger - INFO - Application setup complete.
2024-08-26 10:18:46,375 - logger - INFO - Starting application...
2024-08-26 10:18:46,401 - logger - INFO - Application setup complete.
2024-08-26 10:18:46,507 - logger - INFO - Starting application...
2024-08-26 10:18:46,524 - logger - INFO - Application setup complete.
2024-08-26 10:20:43,874 - logger - INFO - Starting application...
2024-08-26 10:20:43,897 - logger - INFO - Application setup complete.
2024-08-26 10:20:44,012 - logger - INFO - Starting application...
2024-08-26 10:20:44,037 - logger - INFO - Application setup complete.
2024-08-26 10:21:59,118 - logger - INFO - Starting application...
2024-08-26 10:21:59,165 - logger - INFO - Application setup complete.
2024-08-26 10:21:59,245 - logger - INFO - Starting application...
2024-08-26 10:21:59,261 - logger - INFO - Application setup complete.
2024-08-26 10:22:47,245 - logger - INFO - Starting application...
2024-08-26 10:22:47,262 - logger - INFO - Application setup complete.
2024-08-26 10:22:47,358 - logger - INFO - Starting application...
2024-08-26 10:22:47,366 - logger - INFO - Application setup complete.
2024-08-26 10:23:18,899 - logger - INFO - Starting application...
2024-08-26 10:23:18,920 - logger - INFO - Application setup complete.
2024-08-26 10:23:19,016 - logger - INFO - Starting application...
2024-08-26 10:23:19,032 - logger - INFO - Application setup complete.
2024-08-26 10:23:28,700 - logger - INFO - Starting application...
2024-08-26 10:23:28,718 - logger - INFO - Application setup complete.
2024-08-26 10:23:28,883 - logger - INFO - Starting application...
2024-08-26 10:23:28,910 - logger - INFO - Application setup complete.
2024-08-26 10:23:39,975 - logger - INFO - Starting application...
2024-08-26 10:23:39,999 - logger - INFO - Application setup complete.
2024-08-26 10:23:40,153 - logger - INFO - Starting application...
2024-08-26 10:23:40,186 - logger - INFO - Application setup complete.
2024-08-26 10:25:42,423 - logger - INFO - Starting application...
2024-08-26 10:25:42,432 - logger - INFO - Application setup complete.
2024-08-26 10:25:42,540 - logger - INFO - Starting application...
2024-08-26 10:25:42,573 - logger - INFO - Application setup complete.
2024-08-26 10:27:17,806 - logger - INFO - Starting application...
2024-08-26 10:27:17,826 - logger - INFO - Application setup complete.
2024-08-26 10:27:17,942 - logger - INFO - Starting application...
2024-08-26 10:27:17,958 - logger - INFO - Application setup complete.
2024-08-26 10:28:29,092 - logger - INFO - Starting application...
2024-08-26 10:28:29,111 - logger - INFO - Application setup complete.
2024-08-26 10:28:29,229 - logger - INFO - Starting application...
2024-08-26 10:28:29,250 - logger - INFO - Application setup complete.
2024-08-26 10:29:03,081 - logger - INFO - Starting application...
2024-08-26 10:29:03,110 - logger - INFO - Application setup complete.
2024-08-26 10:29:03,219 - logger - INFO - Starting application...
2024-08-26 10:29:03,230 - logger - INFO - Application setup complete.
2024-08-26 10:29:36,148 - logger - INFO - Starting application...
2024-08-26 10:29:36,176 - logger - INFO - Application setup complete.
2024-08-26 10:29:36,275 - logger - INFO - Starting application...
2024-08-26 10:29:36,293 - logger - INFO - Application setup complete.
2024-08-26 10:32:48,331 - logger - INFO - Starting application...
2024-08-26 10:32:48,355 - logger - INFO - Application setup complete.
2024-08-26 10:32:48,471 - logger - INFO - Starting application...
2024-08-26 10:32:48,487 - logger - INFO - Application setup complete.
2024-08-26 10:39:17,770 - logger - INFO - Starting application...
2024-08-26 10:39:17,791 - logger - INFO - Application setup complete.
2024-08-26 10:39:17,921 - logger - INFO - Starting application...
2024-08-26 10:39:17,937 - logger - INFO - Application setup complete.
2024-08-26 10:42:01,991 - logger - INFO - Starting application...
2024-08-26 10:42:02,005 - logger - INFO - Application setup complete.
2024-08-26 10:42:02,139 - logger - INFO - Starting application...
2024-08-26 10:42:02,151 - logger - INFO - Application setup complete.
2024-08-26 10:42:59,847 - logger - INFO - Starting application...
2024-08-26 10:42:59,870 - logger - INFO - Application setup complete.
2024-08-26 10:42:59,984 - logger - INFO - Starting application...
2024-08-26 10:43:00,010 - logger - INFO - Application setup complete.
2024-08-26 10:43:19,794 - logger - INFO - Starting application...
2024-08-26 10:43:19,818 - logger - INFO - Application setup complete.
2024-08-26 10:43:19,919 - logger - INFO - Starting application...
2024-08-26 10:43:19,943 - logger - INFO - Application setup complete.
2024-08-26 10:45:43,550 - logger - INFO - Starting application...
2024-08-26 10:45:43,568 - logger - INFO - Application setup complete.
2024-08-26 10:45:43,675 - logger - INFO - Starting application...
2024-08-26 10:45:43,692 - logger - INFO - Application setup complete.
2024-08-26 10:46:12,994 - logger - INFO - Starting application...
2024-08-26 10:46:13,017 - logger - INFO - Application setup complete.
2024-08-26 10:46:13,117 - logger - INFO - Starting application...
2024-08-26 10:46:13,133 - logger - INFO - Application setup complete.
2024-08-26 10:46:19,486 - logger - INFO - Starting application...
2024-08-26 10:46:19,506 - logger - INFO - Application setup complete.
2024-08-26 10:46:19,604 - logger - INFO - Starting application...
2024-08-26 10:46:19,624 - logger - INFO - Application setup complete.
2024-08-26 10:46:42,048 - logger - INFO - Starting application...
2024-08-26 10:46:42,067 - logger - INFO - Application setup complete.
2024-08-26 10:46:42,185 - logger - INFO - Starting application...
2024-08-26 10:46:42,205 - logger - INFO - Application setup complete.
2024-08-26 10:49:16,338 - logger - INFO - Starting application...
2024-08-26 10:49:16,355 - logger - INFO - Application setup complete.
2024-08-26 10:49:16,467 - logger - INFO - Starting application...
2024-08-26 10:49:16,481 - logger - INFO - Application setup complete.
2024-08-26 10:51:01,832 - logger - INFO - Starting application...
2024-08-26 10:51:01,854 - logger - INFO - Application setup complete.
2024-08-26 10:51:01,964 - logger - INFO - Starting application...
2024-08-26 10:51:01,986 - logger - INFO - Application setup complete.
2024-08-26 10:51:46,309 - logger - INFO - Starting application...
2024-08-26 10:51:46,331 - logger - INFO - Application setup complete.
2024-08-26 10:51:46,428 - logger - INFO - Starting application...
2024-08-26 10:51:46,445 - logger - INFO - Application setup complete.
2024-08-26 10:53:27,107 - logger - INFO - Starting application...
2024-08-26 10:53:27,126 - logger - INFO - Application setup complete.
2024-08-26 10:53:27,249 - logger - INFO - Starting application...
2024-08-26 10:53:27,271 - logger - INFO - Application setup complete.
2024-08-26 10:54:30,083 - logger - INFO - Starting application...
2024-08-26 10:54:30,104 - logger - INFO - Application setup complete.
2024-08-26 10:54:30,215 - logger - INFO - Starting application...
2024-08-26 10:54:30,240 - logger - INFO - Application setup complete.
2024-08-26 10:56:15,867 - logger - INFO - Starting application...
2024-08-26 10:56:15,889 - logger - INFO - Application setup complete.
2024-08-26 10:56:15,998 - logger - INFO - Starting application...
2024-08-26 10:56:16,018 - logger - INFO - Application setup complete.
2024-08-26 10:56:45,730 - logger - INFO - Starting application...
2024-08-26 10:56:45,753 - logger - INFO - Application setup complete.
2024-08-26 10:56:45,863 - logger - INFO - Starting application...
2024-08-26 10:56:45,883 - logger - INFO - Application setup complete.
2024-08-26 10:58:42,967 - logger - INFO - Starting application...
2024-08-26 10:58:42,996 - logger - INFO - Application setup complete.
2024-08-26 10:58:43,092 - logger - INFO - Starting application...
2024-08-26 10:58:43,115 - logger - INFO - Application setup complete.
2024-08-26 10:59:10,636 - logger - INFO - Starting application...
2024-08-26 10:59:10,664 - logger - INFO - Application setup complete.
2024-08-26 10:59:10,789 - logger - INFO - Starting application...
2024-08-26 10:59:10,812 - logger - INFO - Application setup complete.
2024-08-26 11:00:37,675 - logger - INFO - Starting application...
2024-08-26 11:00:37,696 - logger - INFO - Application setup complete.
2024-08-26 11:00:37,804 - logger - INFO - Starting application...
2024-08-26 11:00:37,821 - logger - INFO - Application setup complete.
2024-08-26 11:01:05,899 - logger - INFO - Starting application...
2024-08-26 11:01:05,919 - logger - INFO - Application setup complete.
2024-08-26 11:01:06,040 - logger - INFO - Starting application...
2024-08-26 11:01:06,056 - logger - INFO - Application setup complete.
2024-08-26 11:02:30,160 - logger - INFO - Starting application...
2024-08-26 11:02:30,179 - logger - INFO - Application setup complete.
2024-08-26 11:02:30,282 - logger - INFO - Starting application...
2024-08-26 11:02:30,299 - logger - INFO - Application setup complete.
2024-08-26 11:02:40,486 - logger - INFO - Starting application...
2024-08-26 11:02:40,509 - logger - INFO - Application setup complete.
2024-08-26 11:02:40,644 - logger - INFO - Starting application...
2024-08-26 11:02:40,668 - logger - INFO - Application setup complete.
2024-08-26 11:03:56,988 - logger - INFO - Starting application...
2024-08-26 11:03:57,013 - logger - INFO - Application setup complete.
2024-08-26 11:03:57,114 - logger - INFO - Starting application...
2024-08-26 11:03:57,136 - logger - INFO - Application setup complete.
2024-08-26 11:04:56,775 - logger - INFO - Starting application...
2024-08-26 11:04:56,793 - logger - INFO - Application setup complete.
2024-08-26 11:04:56,895 - logger - INFO - Starting application...
2024-08-26 11:04:56,910 - logger - INFO - Application setup complete.
2024-08-26 11:05:54,754 - logger - INFO - Starting application...
2024-08-26 11:05:54,779 - logger - INFO - Application setup complete.
2024-08-26 11:05:54,888 - logger - INFO - Starting application...
2024-08-26 11:05:54,911 - logger - INFO - Application setup complete.
2024-08-26 11:07:18,581 - logger - INFO - Starting application...
2024-08-26 11:07:18,616 - logger - INFO - Application setup complete.
2024-08-26 11:07:18,759 - logger - INFO - Starting application...
2024-08-26 11:07:18,795 - logger - INFO - Application setup complete.
2024-08-26 11:08:29,770 - logger - INFO - Starting application...
2024-08-26 11:08:29,801 - logger - INFO - Application setup complete.
2024-08-26 11:08:29,902 - logger - INFO - Starting application...
2024-08-26 11:08:29,925 - logger - INFO - Application setup complete.
2024-08-26 11:08:41,812 - logger - INFO - Starting application...
2024-08-26 11:08:41,843 - logger - INFO - Application setup complete.
2024-08-26 11:08:41,985 - logger - INFO - Starting application...
2024-08-26 11:08:42,007 - logger - INFO - Application setup complete.
2024-08-26 11:09:42,138 - logger - INFO - Starting application...
2024-08-26 11:09:42,166 - logger - INFO - Application setup complete.
2024-08-26 11:09:42,306 - logger - INFO - Starting application...
2024-08-26 11:09:42,328 - logger - INFO - Application setup complete.
2024-08-26 11:10:08,959 - logger - INFO - Starting application...
2024-08-26 11:10:08,986 - logger - INFO - Application setup complete.
2024-08-26 11:10:09,090 - logger - INFO - Starting application...
2024-08-26 11:10:09,112 - logger - INFO - Application setup complete.
2024-08-26 11:11:27,971 - logger - INFO - Starting application...
2024-08-26 11:11:27,994 - logger - INFO - Application setup complete.
2024-08-26 11:11:28,123 - logger - INFO - Starting application...
2024-08-26 11:11:28,141 - logger - INFO - Application setup complete.
2024-08-26 11:13:42,008 - logger - INFO - Starting application...
2024-08-26 11:13:42,032 - logger - INFO - Application setup complete.
2024-08-26 11:13:42,140 - logger - INFO - Starting application...
2024-08-26 11:13:42,161 - logger - INFO - Application setup complete.
2024-08-26 11:14:00,456 - logger - INFO - Starting application...
2024-08-26 11:14:00,486 - logger - INFO - Application setup complete.
2024-08-26 11:14:00,571 - logger - INFO - Starting application...
2024-08-26 11:14:00,587 - logger - INFO - Application setup complete.
2024-08-26 11:15:43,705 - logger - INFO - Starting application...
2024-08-26 11:15:43,728 - logger - INFO - Application setup complete.
2024-08-26 11:15:43,834 - logger - INFO - Starting application...
2024-08-26 11:15:43,860 - logger - INFO - Application setup complete.
2024-08-26 11:16:18,841 - logger - INFO - Starting application...
2024-08-26 11:16:18,867 - logger - INFO - Application setup complete.
2024-08-26 11:16:18,969 - logger - INFO - Starting application...
2024-08-26 11:16:18,988 - logger - INFO - Application setup complete.
2024-08-26 11:16:38,527 - logger - INFO - Starting application...
2024-08-26 11:16:38,548 - logger - INFO - Application setup complete.
2024-08-26 11:16:38,644 - logger - INFO - Starting application...
2024-08-26 11:16:38,666 - logger - INFO - Application setup complete.
2024-08-26 11:18:18,371 - logger - INFO - Starting application...
2024-08-26 11:18:18,387 - logger - INFO - Application setup complete.
2024-08-26 11:18:18,513 - logger - INFO - Starting application...
2024-08-26 11:18:18,533 - logger - INFO - Application setup complete.
2024-08-26 11:18:31,214 - logger - INFO - Starting application...
2024-08-26 11:18:31,233 - logger - INFO - Application setup complete.
2024-08-26 11:18:31,331 - logger - INFO - Starting application...
2024-08-26 11:18:31,338 - logger - INFO - Application setup complete.
2024-08-26 11:20:41,049 - logger - INFO - Starting application...
2024-08-26 11:20:41,067 - logger - INFO - Application setup complete.
2024-08-26 11:20:41,195 - logger - INFO - Starting application...
2024-08-26 11:20:41,217 - logger - INFO - Application setup complete.
2024-08-26 11:20:59,673 - logger - INFO - Starting application...
2024-08-26 11:20:59,684 - logger - INFO - Application setup complete.
2024-08-26 11:20:59,787 - logger - INFO - Starting application...
2024-08-26 11:20:59,816 - logger - INFO - Application setup complete.
2024-08-26 11:23:39,883 - logger - INFO - Starting application...
2024-08-26 11:23:39,908 - logger - INFO - Application setup complete.
2024-08-26 11:23:39,996 - logger - INFO - Starting application...
2024-08-26 11:23:40,013 - logger - INFO - Application setup complete.
2024-08-26 11:23:54,099 - logger - INFO - Starting application...
2024-08-26 11:23:54,136 - logger - INFO - Application setup complete.
2024-08-26 11:23:54,258 - logger - INFO - Starting application...
2024-08-26 11:23:54,286 - logger - INFO - Application setup complete.
2024-08-26 11:24:39,870 - logger - INFO - Starting application...
2024-08-26 11:24:39,897 - logger - INFO - Application setup complete.
2024-08-26 11:24:39,997 - logger - INFO - Starting application...
2024-08-26 11:24:40,007 - logger - INFO - Application setup complete.
2024-08-26 11:27:41,002 - logger - INFO - Starting application...
2024-08-26 11:27:41,026 - logger - INFO - Application setup complete.
2024-08-26 11:27:41,140 - logger - INFO - Starting application...
2024-08-26 11:27:41,143 - logger - INFO - Application setup complete.
2024-08-26 11:28:06,077 - logger - INFO - Starting application...
2024-08-26 11:28:06,105 - logger - INFO - Application setup complete.
2024-08-26 11:28:06,267 - logger - INFO - Starting application...
2024-08-26 11:28:06,295 - logger - INFO - Application setup complete.
2024-08-26 11:28:57,943 - logger - INFO - Starting application...
2024-08-26 11:28:57,966 - logger - INFO - Application setup complete.
2024-08-26 11:28:58,077 - logger - INFO - Starting application...
2024-08-26 11:28:58,104 - logger - INFO - Application setup complete.
2024-08-26 11:29:36,577 - logger - INFO - Starting application...
2024-08-26 11:29:36,599 - logger - INFO - Application setup complete.
2024-08-26 11:29:36,731 - logger - INFO - Starting application...
2024-08-26 11:29:36,753 - logger - INFO - Application setup complete.
2024-08-26 11:30:10,236 - logger - INFO - Starting application...
2024-08-26 11:30:10,253 - logger - INFO - Application setup complete.
2024-08-26 11:30:10,387 - logger - INFO - Starting application...
2024-08-26 11:30:10,403 - logger - INFO - Application setup complete.
2024-08-26 11:31:53,255 - logger - INFO - Starting application...
2024-08-26 11:31:53,283 - logger - INFO - Application setup complete.
2024-08-26 11:31:53,436 - logger - INFO - Starting application...
2024-08-26 11:31:53,454 - logger - INFO - Application setup complete.
2024-08-26 11:33:04,898 - logger - INFO - Starting application...
2024-08-26 11:33:04,915 - logger - INFO - Application setup complete.
2024-08-26 11:33:05,033 - logger - INFO - Starting application...
2024-08-26 11:33:05,050 - logger - INFO - Application setup complete.
2024-08-26 11:33:21,684 - logger - INFO - Starting application...
2024-08-26 11:33:21,722 - logger - INFO - Application setup complete.
2024-08-26 11:33:21,863 - logger - INFO - Starting application...
2024-08-26 11:33:21,884 - logger - INFO - Application setup complete.
2024-08-26 11:34:37,702 - logger - INFO - Starting application...
2024-08-26 11:34:37,723 - logger - INFO - Application setup complete.
2024-08-26 11:34:37,896 - logger - INFO - Starting application...
2024-08-26 11:34:37,925 - logger - INFO - Application setup complete.
2024-08-26 11:34:48,039 - logger - INFO - Starting application...
2024-08-26 11:34:48,059 - logger - INFO - Application setup complete.
2024-08-26 11:34:48,168 - logger - INFO - Starting application...
2024-08-26 11:34:48,187 - logger - INFO - Application setup complete.
2024-08-26 11:35:09,489 - logger - INFO - Starting application...
2024-08-26 11:35:09,511 - logger - INFO - Application setup complete.
2024-08-26 11:35:09,610 - logger - INFO - Starting application...
2024-08-26 11:35:09,626 - logger - INFO - Application setup complete.
2024-08-26 11:35:50,248 - logger - INFO - Starting application...
2024-08-26 11:35:50,266 - logger - INFO - Application setup complete.
2024-08-26 11:35:50,394 - logger - INFO - Starting application...
2024-08-26 11:35:50,416 - logger - INFO - Application setup complete.
2024-08-26 11:37:02,225 - logger - INFO - Starting application...
2024-08-26 11:37:02,247 - logger - INFO - Application setup complete.
2024-08-26 11:37:02,400 - logger - INFO - Starting application...
2024-08-26 11:37:02,420 - logger - INFO - Application setup complete.
2024-08-26 11:37:15,021 - logger - INFO - Starting application...
2024-08-26 11:37:15,046 - logger - INFO - Application setup complete.
2024-08-26 11:37:15,189 - logger - INFO - Starting application...
2024-08-26 11:37:15,210 - logger - INFO - Application setup complete.
2024-08-26 11:37:42,693 - logger - INFO - Starting application...
2024-08-26 11:37:42,712 - logger - INFO - Application setup complete.
2024-08-26 11:37:42,828 - logger - INFO - Starting application...
2024-08-26 11:37:42,846 - logger - INFO - Application setup complete.
2024-08-26 11:37:53,531 - logger - INFO - Starting application...
2024-08-26 11:37:53,552 - logger - INFO - Application setup complete.
2024-08-26 11:37:53,657 - logger - INFO - Starting application...
2024-08-26 11:37:53,674 - logger - INFO - Application setup complete.
2024-08-26 11:38:39,963 - logger - INFO - Starting application...
2024-08-26 11:38:39,981 - logger - INFO - Application setup complete.
2024-08-26 11:38:40,085 - logger - INFO - Starting application...
2024-08-26 11:38:40,102 - logger - INFO - Application setup complete.
2024-08-26 11:39:10,384 - logger - INFO - Starting application...
2024-08-26 11:39:10,401 - logger - INFO - Application setup complete.
2024-08-26 11:39:10,512 - logger - INFO - Starting application...
2024-08-26 11:39:10,529 - logger - INFO - Application setup complete.
2024-08-26 11:41:07,500 - logger - INFO - Starting application...
2024-08-26 11:41:07,519 - logger - INFO - Application setup complete.
2024-08-26 11:41:07,612 - logger - INFO - Starting application...
2024-08-26 11:41:07,627 - logger - INFO - Application setup complete.
2024-08-26 11:43:27,638 - logger - INFO - Starting application...
2024-08-26 11:43:27,658 - logger - INFO - Application setup complete.
2024-08-26 11:43:27,805 - logger - INFO - Starting application...
2024-08-26 11:43:27,835 - logger - INFO - Application setup complete.
2024-08-26 11:45:20,030 - logger - INFO - Starting application...
2024-08-26 11:45:20,049 - logger - INFO - Application setup complete.
2024-08-26 11:45:20,180 - logger - INFO - Starting application...
2024-08-26 11:45:20,197 - logger - INFO - Application setup complete.
2024-08-26 11:46:59,685 - logger - INFO - Starting application...
2024-08-26 11:46:59,703 - logger - INFO - Application setup complete.
2024-08-26 11:46:59,824 - logger - INFO - Starting application...
2024-08-26 11:46:59,842 - logger - INFO - Application setup complete.
2024-08-26 11:47:59,073 - logger - INFO - Starting application...
2024-08-26 11:47:59,096 - logger - INFO - Application setup complete.
2024-08-26 11:47:59,237 - logger - INFO - Starting application...
2024-08-26 11:47:59,256 - logger - INFO - Application setup complete.
2024-08-26 11:48:14,158 - logger - INFO - Starting application...
2024-08-26 11:48:14,177 - logger - INFO - Application setup complete.
2024-08-26 11:48:14,299 - logger - INFO - Starting application...
2024-08-26 11:48:14,314 - logger - INFO - Application setup complete.
2024-08-26 11:48:51,107 - logger - INFO - Starting application...
2024-08-26 11:48:51,126 - logger - INFO - Application setup complete.
2024-08-26 11:48:51,236 - logger - INFO - Starting application...
2024-08-26 11:48:51,255 - logger - INFO - Application setup complete.
2024-08-26 11:49:29,411 - logger - INFO - Starting application...
2024-08-26 11:49:29,433 - logger - INFO - Application setup complete.
2024-08-26 11:49:29,548 - logger - INFO - Starting application...
2024-08-26 11:49:29,570 - logger - INFO - Application setup complete.
2024-08-26 11:52:58,015 - logger - INFO - Starting application...
2024-08-26 11:52:58,033 - logger - INFO - Application setup complete.
2024-08-26 11:52:58,149 - logger - INFO - Starting application...
2024-08-26 11:52:58,166 - logger - INFO - Application setup complete.
2024-08-26 11:54:14,716 - logger - INFO - Starting application...
2024-08-26 11:54:14,742 - logger - INFO - Application setup complete.
2024-08-26 11:54:14,917 - logger - INFO - Starting application...
2024-08-26 11:54:14,938 - logger - INFO - Application setup complete.
2024-08-26 11:54:25,439 - logger - INFO - Starting application...
2024-08-26 11:54:25,462 - logger - INFO - Application setup complete.
2024-08-26 11:54:25,666 - logger - INFO - Starting application...
2024-08-26 11:54:25,684 - logger - INFO - Application setup complete.
2024-08-26 11:54:48,270 - logger - INFO - Starting application...
2024-08-26 11:54:48,294 - logger - INFO - Application setup complete.
2024-08-26 11:54:48,402 - logger - INFO - Starting application...
2024-08-26 11:54:48,420 - logger - INFO - Application setup complete.
2024-08-26 11:55:22,744 - logger - INFO - Starting application...
2024-08-26 11:55:22,761 - logger - INFO - Application setup complete.
2024-08-26 11:55:22,880 - logger - INFO - Starting application...
2024-08-26 11:55:22,896 - logger - INFO - Application setup complete.
2024-08-26 11:58:19,181 - logger - INFO - Starting application...
2024-08-26 11:58:19,198 - logger - INFO - Application setup complete.
2024-08-26 11:58:19,334 - logger - INFO - Starting application...
2024-08-26 11:58:19,353 - logger - INFO - Application setup complete.
2024-08-26 12:00:42,667 - logger - INFO - Starting application...
2024-08-26 12:00:42,687 - logger - INFO - Application setup complete.
2024-08-26 12:00:42,828 - logger - INFO - Starting application...
2024-08-26 12:00:42,841 - logger - INFO - Application setup complete.
2024-08-26 13:49:19,878 - logger - INFO - Starting application...
2024-08-26 13:49:19,903 - logger - INFO - Application setup complete.
2024-08-26 13:49:20,012 - logger - INFO - Starting server...
2024-08-26 13:49:20,012 - logger - INFO - Server run at: http://localhost:8000...
2024-08-26 13:49:21,158 - logger - INFO - Starting application...
2024-08-26 13:49:21,184 - logger - INFO - Application setup complete.
2024-08-26 13:49:21,329 - logger - INFO - Starting application...
2024-08-26 13:49:21,361 - logger - INFO - Application setup complete.
2024-08-26 13:50:50,792 - logger - INFO - Starting application...
2024-08-26 13:50:50,817 - logger - INFO - Application setup complete.
2024-08-26 13:50:50,953 - logger - INFO - Starting application...
2024-08-26 13:50:50,970 - logger - INFO - Application setup complete.
2024-08-26 13:53:57,428 - logger - INFO - Starting application...
2024-08-26 13:53:57,453 - logger - INFO - Application setup complete.
2024-08-26 13:53:57,569 - logger - INFO - Starting application...
2024-08-26 13:53:57,588 - logger - INFO - Application setup complete.
2024-08-26 13:54:20,175 - logger - INFO - Starting application...
2024-08-26 13:54:20,195 - logger - INFO - Application setup complete.
2024-08-26 13:54:20,329 - logger - INFO - Starting application...
2024-08-26 13:54:20,352 - logger - INFO - Application setup complete.
2024-08-26 13:55:43,927 - logger - INFO - Starting application...
2024-08-26 13:55:43,948 - logger - INFO - Application setup complete.
2024-08-26 13:55:44,105 - logger - INFO - Starting application...
2024-08-26 13:55:44,134 - logger - INFO - Application setup complete.
2024-08-26 13:56:28,365 - logger - INFO - Starting application...
2024-08-26 13:56:28,391 - logger - INFO - Application setup complete.
2024-08-26 13:56:28,530 - logger - INFO - Starting application...
2024-08-26 13:56:28,560 - logger - INFO - Application setup complete.
2024-08-26 13:57:55,292 - logger - INFO - Starting application...
2024-08-26 13:57:55,304 - logger - INFO - Application setup complete.
2024-08-26 13:57:55,446 - logger - INFO - Starting application...
2024-08-26 13:57:55,468 - logger - INFO - Application setup complete.
2024-08-26 13:59:20,248 - logger - INFO - Starting application...
2024-08-26 13:59:20,256 - logger - INFO - Application setup complete.
2024-08-26 13:59:20,386 - logger - INFO - Starting application...
2024-08-26 13:59:20,392 - logger - INFO - Application setup complete.
2024-08-26 13:59:52,903 - logger - INFO - Starting application...
2024-08-26 13:59:52,933 - logger - INFO - Application setup complete.
2024-08-26 13:59:53,070 - logger - INFO - Starting application...
2024-08-26 13:59:53,090 - logger - INFO - Application setup complete.
2024-08-26 14:00:24,703 - logger - INFO - Starting application...
2024-08-26 14:00:24,725 - logger - INFO - Application setup complete.
2024-08-26 14:00:24,862 - logger - INFO - Starting application...
2024-08-26 14:00:24,887 - logger - INFO - Application setup complete.
2024-08-26 14:00:50,021 - logger - INFO - Starting application...
2024-08-26 14:00:50,043 - logger - INFO - Application setup complete.
2024-08-26 14:00:50,192 - logger - INFO - Starting application...
2024-08-26 14:00:50,211 - logger - INFO - Application setup complete.
2024-08-26 14:02:15,750 - logger - INFO - Starting application...
2024-08-26 14:02:15,780 - logger - INFO - Application setup complete.
2024-08-26 14:02:15,889 - logger - INFO - Starting application...
2024-08-26 14:02:15,913 - logger - INFO - Application setup complete.
2024-08-26 14:02:41,988 - logger - INFO - Starting application...
2024-08-26 14:02:42,014 - logger - INFO - Application setup complete.
2024-08-26 14:02:42,122 - logger - INFO - Starting application...
2024-08-26 14:02:42,144 - logger - INFO - Application setup complete.
2024-08-26 14:05:48,940 - logger - INFO - Starting application...
2024-08-26 14:05:48,974 - logger - INFO - Application setup complete.
2024-08-26 14:05:49,060 - logger - INFO - Starting application...
2024-08-26 14:05:49,076 - logger - INFO - Application setup complete.
2024-08-26 14:06:37,495 - logger - INFO - Starting application...
2024-08-26 14:06:37,519 - logger - INFO - Application setup complete.
2024-08-26 14:06:37,622 - logger - INFO - Starting application...
2024-08-26 14:06:37,638 - logger - INFO - Application setup complete.
2024-08-26 14:06:57,471 - logger - INFO - Starting application...
2024-08-26 14:06:57,499 - logger - INFO - Application setup complete.
2024-08-26 14:06:57,603 - logger - INFO - Starting application...
2024-08-26 14:06:57,624 - logger - INFO - Application setup complete.
2024-08-26 14:08:52,880 - logger - INFO - Starting application...
2024-08-26 14:08:52,909 - logger - INFO - Application setup complete.
2024-08-26 14:08:53,065 - logger - INFO - Starting application...
2024-08-26 14:08:53,082 - logger - INFO - Application setup complete.
2024-08-26 14:09:26,967 - logger - INFO - Starting application...
2024-08-26 14:09:26,988 - logger - INFO - Application setup complete.
2024-08-26 14:09:27,115 - logger - INFO - Starting application...
2024-08-26 14:09:27,135 - logger - INFO - Application setup complete.
2024-08-26 14:09:51,107 - logger - INFO - Starting application...
2024-08-26 14:09:51,123 - logger - INFO - Application setup complete.
2024-08-26 14:09:51,224 - logger - INFO - Starting application...
2024-08-26 14:09:51,246 - logger - INFO - Application setup complete.
2024-08-26 14:11:23,095 - logger - INFO - Starting application...
2024-08-26 14:11:23,121 - logger - INFO - Application setup complete.
2024-08-26 14:11:23,221 - logger - INFO - Starting application...
2024-08-26 14:11:23,244 - logger - INFO - Application setup complete.
2024-08-26 14:11:35,971 - logger - INFO - Starting application...
2024-08-26 14:11:36,002 - logger - INFO - Application setup complete.
2024-08-26 14:11:36,112 - logger - INFO - Starting application...
2024-08-26 14:11:36,131 - logger - INFO - Application setup complete.
2024-08-26 14:11:43,545 - logger - INFO - Starting application...
2024-08-26 14:11:43,572 - logger - INFO - Application setup complete.
2024-08-26 14:11:43,698 - logger - INFO - Starting application...
2024-08-26 14:11:43,715 - logger - INFO - Application setup complete.
2024-08-26 14:11:54,163 - logger - INFO - Starting application...
2024-08-26 14:11:54,181 - logger - INFO - Application setup complete.
2024-08-26 14:11:54,296 - logger - INFO - Starting application...
2024-08-26 14:11:54,311 - logger - INFO - Application setup complete.
2024-08-26 14:11:57,959 - logger - INFO - Starting application...
2024-08-26 14:11:57,978 - logger - INFO - Application setup complete.
2024-08-26 14:11:58,094 - logger - INFO - Starting application...
2024-08-26 14:11:58,112 - logger - INFO - Application setup complete.
2024-08-26 14:12:09,306 - logger - INFO - Starting application...
2024-08-26 14:12:09,327 - logger - INFO - Application setup complete.
2024-08-26 14:12:09,430 - logger - INFO - Starting application...
2024-08-26 14:12:09,450 - logger - INFO - Application setup complete.
2024-08-26 14:12:36,301 - logger - INFO - Starting application...
2024-08-26 14:12:36,332 - logger - INFO - Application setup complete.
2024-08-26 14:12:36,463 - logger - INFO - Starting application...
2024-08-26 14:12:36,483 - logger - INFO - Application setup complete.
2024-08-26 14:12:52,625 - logger - INFO - Starting application...
2024-08-26 14:12:52,653 - logger - INFO - Application setup complete.
2024-08-26 14:12:52,750 - logger - INFO - Starting application...
2024-08-26 14:12:52,771 - logger - INFO - Application setup complete.
2024-08-26 14:13:47,352 - logger - INFO - Starting application...
2024-08-26 14:13:47,380 - logger - INFO - Application setup complete.
2024-08-26 14:13:47,559 - logger - INFO - Starting application...
2024-08-26 14:13:47,583 - logger - INFO - Application setup complete.
2024-08-26 14:13:59,743 - logger - INFO - Starting application...
2024-08-26 14:13:59,765 - logger - INFO - Application setup complete.
2024-08-26 14:13:59,881 - logger - INFO - Starting application...
2024-08-26 14:13:59,902 - logger - INFO - Application setup complete.
2024-08-26 14:14:11,376 - logger - INFO - Starting application...
2024-08-26 14:14:11,412 - logger - INFO - Application setup complete.
2024-08-26 14:14:11,575 - logger - INFO - Starting application...
2024-08-26 14:14:11,608 - logger - INFO - Application setup complete.
2024-08-26 14:21:04,563 - logger - INFO - Starting application...
2024-08-26 14:21:04,599 - logger - INFO - Application setup complete.
2024-08-26 14:21:04,707 - logger - INFO - Starting application...
2024-08-26 14:21:04,725 - logger - INFO - Application setup complete.
2024-08-26 14:25:23,685 - logger - INFO - Starting application...
2024-08-26 14:25:23,711 - logger - INFO - Application setup complete.
2024-08-26 14:25:23,871 - logger - INFO - Starting application...
2024-08-26 14:25:23,893 - logger - INFO - Application setup complete.
2024-08-26 14:25:26,996 - logger - INFO - Starting application...
2024-08-26 14:25:27,021 - logger - INFO - Application setup complete.
2024-08-26 14:25:27,127 - logger - INFO - Starting application...
2024-08-26 14:25:27,145 - logger - INFO - Application setup complete.
2024-08-26 14:25:40,286 - logger - INFO - Starting application...
2024-08-26 14:25:40,301 - logger - INFO - Application setup complete.
2024-08-26 14:25:40,432 - logger - INFO - Starting application...
2024-08-26 14:25:40,449 - logger - INFO - Application setup complete.
2024-08-26 14:26:23,113 - logger - INFO - Starting application...
2024-08-26 14:26:23,132 - logger - INFO - Application setup complete.
2024-08-26 14:26:23,326 - logger - INFO - Starting application...
2024-08-26 14:26:23,344 - logger - INFO - Application setup complete.
2024-08-26 14:27:16,043 - logger - INFO - Starting application...
2024-08-26 14:27:16,062 - logger - INFO - Application setup complete.
2024-08-26 14:27:16,185 - logger - INFO - Starting application...
2024-08-26 14:27:16,217 - logger - INFO - Application setup complete.
2024-08-26 14:27:26,533 - logger - INFO - Starting application...
2024-08-26 14:27:26,558 - logger - INFO - Application setup complete.
2024-08-26 14:27:26,689 - logger - INFO - Starting application...
2024-08-26 14:27:26,711 - logger - INFO - Application setup complete.
2024-08-26 14:27:49,905 - logger - INFO - Starting application...
2024-08-26 14:27:49,933 - logger - INFO - Application setup complete.
2024-08-26 14:27:50,130 - logger - INFO - Starting application...
2024-08-26 14:27:50,148 - logger - INFO - Application setup complete.
2024-08-26 14:28:12,661 - logger - INFO - Starting application...
2024-08-26 14:28:12,684 - logger - INFO - Application setup complete.
2024-08-26 14:28:12,839 - logger - INFO - Starting application...
2024-08-26 14:28:12,860 - logger - INFO - Application setup complete.
2024-08-26 14:28:50,898 - logger - INFO - Starting application...
2024-08-26 14:28:50,918 - logger - INFO - Application setup complete.
2024-08-26 14:28:51,043 - logger - INFO - Starting application...
2024-08-26 14:28:51,073 - logger - INFO - Application setup complete.
2024-08-26 14:29:23,588 - logger - INFO - Starting application...
2024-08-26 14:29:23,617 - logger - INFO - Application setup complete.
2024-08-26 14:29:23,734 - logger - INFO - Starting application...
2024-08-26 14:29:23,768 - logger - INFO - Application setup complete.
2024-08-26 14:31:04,552 - logger - INFO - Starting application...
2024-08-26 14:31:04,560 - logger - INFO - Application setup complete.
2024-08-26 14:31:04,660 - logger - INFO - Starting application...
2024-08-26 14:31:04,686 - logger - INFO - Application setup complete.
2024-08-26 14:33:20,219 - logger - INFO - Starting application...
2024-08-26 14:33:20,247 - logger - INFO - Application setup complete.
2024-08-26 14:33:20,363 - logger - INFO - Starting application...
2024-08-26 14:33:20,387 - logger - INFO - Application setup complete.
2024-08-26 14:33:41,430 - logger - INFO - Starting application...
2024-08-26 14:33:41,450 - logger - INFO - Application setup complete.
2024-08-26 14:33:41,550 - logger - INFO - Starting application...
2024-08-26 14:33:41,573 - logger - INFO - Application setup complete.
2024-08-26 14:34:28,539 - logger - INFO - Starting application...
2024-08-26 14:34:28,568 - logger - INFO - Application setup complete.
2024-08-26 14:34:28,679 - logger - INFO - Starting application...
2024-08-26 14:34:28,697 - logger - INFO - Application setup complete.
2024-08-26 14:34:42,265 - logger - INFO - Starting application...
2024-08-26 14:34:42,298 - logger - INFO - Application setup complete.
2024-08-26 14:34:42,469 - logger - INFO - Starting application...
2024-08-26 14:34:42,490 - logger - INFO - Application setup complete.
2024-08-26 14:35:48,051 - logger - INFO - Starting application...
2024-08-26 14:35:48,079 - logger - INFO - Application setup complete.
2024-08-26 14:35:48,183 - logger - INFO - Starting application...
2024-08-26 14:35:48,213 - logger - INFO - Application setup complete.
2024-08-26 14:36:30,913 - logger - INFO - Starting application...
2024-08-26 14:36:30,935 - logger - INFO - Application setup complete.
2024-08-26 14:36:31,043 - logger - INFO - Starting application...
2024-08-26 14:36:31,059 - logger - INFO - Application setup complete.
2024-08-26 14:36:57,488 - logger - INFO - Starting application...
2024-08-26 14:36:57,515 - logger - INFO - Application setup complete.
2024-08-26 14:36:57,626 - logger - INFO - Starting application...
2024-08-26 14:36:57,627 - logger - INFO - Application setup complete.
2024-08-26 14:38:54,517 - logger - INFO - Starting application...
2024-08-26 14:38:54,534 - logger - INFO - Application setup complete.
2024-08-26 14:38:54,680 - logger - INFO - Starting application...
2024-08-26 14:38:54,699 - logger - INFO - Application setup complete.
2024-08-26 14:39:07,750 - logger - INFO - Starting application...
2024-08-26 14:39:07,777 - logger - INFO - Application setup complete.
2024-08-26 14:39:07,885 - logger - INFO - Starting application...
2024-08-26 14:39:07,900 - logger - INFO - Application setup complete.
2024-08-26 14:40:04,769 - logger - INFO - Starting application...
2024-08-26 14:40:04,789 - logger - INFO - Application setup complete.
2024-08-26 14:40:04,914 - logger - INFO - Starting application...
2024-08-26 14:40:04,939 - logger - INFO - Application setup complete.
2024-08-26 14:41:02,082 - logger - INFO - Starting application...
2024-08-26 14:41:02,106 - logger - INFO - Application setup complete.
2024-08-26 14:41:02,286 - logger - INFO - Starting application...
2024-08-26 14:41:02,301 - logger - INFO - Application setup complete.
2024-08-26 14:41:54,871 - logger - INFO - Starting application...
2024-08-26 14:41:54,898 - logger - INFO - Application setup complete.
2024-08-26 14:41:54,994 - logger - INFO - Starting application...
2024-08-26 14:41:55,015 - logger - INFO - Application setup complete.
2024-08-26 14:42:46,387 - logger - INFO - Starting application...
2024-08-26 14:42:46,412 - logger - INFO - Application setup complete.
2024-08-26 14:42:46,555 - logger - INFO - Starting application...
2024-08-26 14:42:46,579 - logger - INFO - Application setup complete.
2024-08-26 14:43:43,459 - logger - INFO - Starting application...
2024-08-26 14:43:43,478 - logger - INFO - Application setup complete.
2024-08-26 14:43:43,602 - logger - INFO - Starting application...
2024-08-26 14:43:43,625 - logger - INFO - Application setup complete.
2024-08-26 14:49:23,506 - logger - INFO - Starting application...
2024-08-26 14:49:23,523 - logger - INFO - Application setup complete.
2024-08-26 14:49:23,598 - logger - INFO - Starting server...
2024-08-26 14:49:23,599 - logger - INFO - Server run at: http://localhost:8000...
2024-08-26 14:49:24,665 - logger - INFO - Starting application...
2024-08-26 14:49:24,689 - logger - INFO - Application setup complete.
2024-08-26 14:49:24,808 - logger - INFO - Starting application...
2024-08-26 14:49:24,826 - logger - INFO - Application setup complete.
2024-08-26 14:50:48,660 - logger - INFO - Starting application...
2024-08-26 14:50:48,680 - logger - INFO - Application setup complete.
2024-08-26 14:50:48,817 - logger - INFO - Starting application...
2024-08-26 14:50:48,834 - logger - INFO - Application setup complete.
2024-08-26 14:51:06,170 - logger - INFO - Starting application...
2024-08-26 14:51:06,195 - logger - INFO - Application setup complete.
2024-08-26 14:51:06,330 - logger - INFO - Starting application...
2024-08-26 14:51:06,348 - logger - INFO - Application setup complete.
2024-08-26 14:51:26,822 - logger - INFO - Starting application...
2024-08-26 14:51:26,840 - logger - INFO - Application setup complete.
2024-08-26 14:51:26,975 - logger - INFO - Starting application...
2024-08-26 14:51:26,993 - logger - INFO - Application setup complete.
2024-08-26 14:55:21,193 - logger - INFO - Starting application...
2024-08-26 14:55:21,215 - logger - INFO - Application setup complete.
2024-08-26 14:55:21,336 - logger - INFO - Starting application...
2024-08-26 14:55:21,352 - logger - INFO - Application setup complete.
2024-08-26 15:01:41,220 - logger - INFO - Starting application...
2024-08-26 15:01:41,238 - logger - INFO - Application setup complete.
2024-08-26 15:01:41,392 - logger - INFO - Starting application...
2024-08-26 15:01:41,409 - logger - INFO - Application setup complete.
2024-08-26 15:01:48,432 - logger - INFO - Starting application...
2024-08-26 15:01:48,450 - logger - INFO - Application setup complete.
2024-08-26 15:01:48,557 - logger - INFO - Starting application...
2024-08-26 15:01:48,573 - logger - INFO - Application setup complete.
2024-08-26 15:02:07,133 - logger - INFO - Starting application...
2024-08-26 15:02:07,153 - logger - INFO - Application setup complete.
2024-08-26 15:02:07,282 - logger - INFO - Starting application...
2024-08-26 15:02:07,299 - logger - INFO - Application setup complete.
2024-08-26 15:03:24,128 - logger - INFO - Starting application...
2024-08-26 15:03:24,156 - logger - INFO - Application setup complete.
2024-08-26 15:03:24,291 - logger - INFO - Starting application...
2024-08-26 15:03:24,307 - logger - INFO - Application setup complete.
2024-08-26 15:04:59,967 - logger - INFO - Starting application...
2024-08-26 15:04:59,989 - logger - INFO - Application setup complete.
2024-08-26 15:05:00,133 - logger - INFO - Starting application...
2024-08-26 15:05:00,153 - logger - INFO - Application setup complete.
2024-08-26 15:05:19,371 - logger - INFO - Starting application...
2024-08-26 15:05:19,393 - logger - INFO - Application setup complete.
2024-08-26 15:05:19,497 - logger - INFO - Starting application...
2024-08-26 15:05:19,515 - logger - INFO - Application setup complete.
2024-08-26 15:05:56,482 - logger - INFO - Starting application...
2024-08-26 15:05:56,498 - logger - INFO - Application setup complete.
2024-08-26 15:05:56,611 - logger - INFO - Starting application...
2024-08-26 15:05:56,629 - logger - INFO - Application setup complete.
2024-08-26 15:07:17,915 - logger - INFO - Starting application...
2024-08-26 15:07:17,933 - logger - INFO - Application setup complete.
2024-08-26 15:07:18,046 - logger - INFO - Starting application...
2024-08-26 15:07:18,067 - logger - INFO - Application setup complete.
2024-08-26 15:07:36,726 - logger - INFO - Starting application...
2024-08-26 15:07:36,747 - logger - INFO - Application setup complete.
2024-08-26 15:07:36,861 - logger - INFO - Starting application...
2024-08-26 15:07:36,881 - logger - INFO - Application setup complete.
2024-08-26 15:07:49,826 - logger - INFO - Starting application...
2024-08-26 15:07:49,843 - logger - INFO - Application setup complete.
2024-08-26 15:07:49,955 - logger - INFO - Starting application...
2024-08-26 15:07:49,975 - logger - INFO - Application setup complete.
2024-08-26 15:09:19,754 - logger - INFO - Starting application...
2024-08-26 15:09:19,772 - logger - INFO - Application setup complete.
2024-08-26 15:09:19,897 - logger - INFO - Starting application...
2024-08-26 15:09:19,914 - logger - INFO - Application setup complete.
2024-08-26 15:09:35,279 - logger - INFO - Starting application...
2024-08-26 15:09:35,306 - logger - INFO - Application setup complete.
2024-08-26 15:09:35,450 - logger - INFO - Starting application...
2024-08-26 15:09:35,471 - logger - INFO - Application setup complete.
2024-08-26 15:09:39,940 - logger - INFO - Starting application...
2024-08-26 15:09:39,963 - logger - INFO - Application setup complete.
2024-08-26 15:09:40,091 - logger - INFO - Starting application...
2024-08-26 15:09:40,109 - logger - INFO - Application setup complete.
2024-08-26 15:09:50,493 - logger - INFO - Starting application...
2024-08-26 15:09:50,514 - logger - INFO - Application setup complete.
2024-08-26 15:09:50,625 - logger - INFO - Starting application...
2024-08-26 15:09:50,644 - logger - INFO - Application setup complete.
2024-08-26 15:10:05,249 - logger - INFO - Starting application...
2024-08-26 15:10:05,267 - logger - INFO - Application setup complete.
2024-08-26 15:10:05,367 - logger - INFO - Starting application...
2024-08-26 15:10:05,383 - logger - INFO - Application setup complete.
2024-08-26 15:18:18,958 - logger - INFO - Starting application...
2024-08-26 15:18:18,982 - logger - INFO - Application setup complete.
2024-08-26 15:18:19,106 - logger - INFO - Starting application...
2024-08-26 15:18:19,126 - logger - INFO - Application setup complete.
2024-08-26 15:19:40,612 - logger - INFO - Starting application...
2024-08-26 15:19:40,633 - logger - INFO - Application setup complete.
2024-08-26 15:19:40,744 - logger - INFO - Starting application...
2024-08-26 15:19:40,766 - logger - INFO - Application setup complete.
2024-08-26 15:20:16,141 - logger - INFO - Starting application...
2024-08-26 15:20:16,169 - logger - INFO - Application setup complete.
2024-08-26 15:20:16,286 - logger - INFO - Starting application...
2024-08-26 15:20:16,305 - logger - INFO - Application setup complete.
2024-08-26 15:21:08,098 - logger - INFO - Starting application...
2024-08-26 15:21:08,121 - logger - INFO - Application setup complete.
2024-08-26 15:21:08,231 - logger - INFO - Starting application...
2024-08-26 15:21:08,248 - logger - INFO - Application setup complete.
2024-08-26 15:21:33,351 - logger - INFO - Starting application...
2024-08-26 15:21:33,377 - logger - INFO - Application setup complete.
2024-08-26 15:21:33,491 - logger - INFO - Starting application...
2024-08-26 15:21:33,514 - logger - INFO - Application setup complete.
2024-08-26 15:22:09,742 - logger - INFO - Starting application...
2024-08-26 15:22:09,759 - logger - INFO - Application setup complete.
2024-08-26 15:22:09,871 - logger - INFO - Starting application...
2024-08-26 15:22:09,895 - logger - INFO - Application setup complete.
2024-08-26 15:22:25,401 - logger - INFO - Starting application...
2024-08-26 15:22:25,422 - logger - INFO - Application setup complete.
2024-08-26 15:22:25,533 - logger - INFO - Starting application...
2024-08-26 15:22:25,555 - logger - INFO - Application setup complete.
2024-08-26 15:24:02,063 - logger - INFO - Starting application...
2024-08-26 15:24:02,098 - logger - INFO - Application setup complete.
2024-08-26 15:24:02,214 - logger - INFO - Starting application...
2024-08-26 15:24:02,230 - logger - INFO - Application setup complete.
2024-08-26 15:24:49,749 - logger - INFO - Starting application...
2024-08-26 15:24:49,773 - logger - INFO - Application setup complete.
2024-08-26 15:24:49,882 - logger - INFO - Starting application...
2024-08-26 15:24:49,896 - logger - INFO - Application setup complete.
2024-08-26 15:26:47,519 - logger - INFO - Starting application...
2024-08-26 15:26:47,542 - logger - INFO - Application setup complete.
2024-08-26 15:26:47,672 - logger - INFO - Starting application...
2024-08-26 15:26:47,692 - logger - INFO - Application setup complete.
2024-08-26 15:28:14,111 - logger - INFO - Starting application...
2024-08-26 15:28:14,119 - logger - INFO - Application setup complete.
2024-08-26 15:28:14,237 - logger - INFO - Starting application...
2024-08-26 15:28:14,259 - logger - INFO - Application setup complete.
2024-08-26 15:30:34,872 - logger - INFO - Starting application...
2024-08-26 15:30:34,897 - logger - INFO - Application setup complete.
2024-08-26 15:30:35,009 - logger - INFO - Starting application...
2024-08-26 15:30:35,031 - logger - INFO - Application setup complete.
2024-08-26 15:31:01,971 - logger - INFO - Starting application...
2024-08-26 15:31:01,986 - logger - INFO - Application setup complete.
2024-08-26 15:31:02,091 - logger - INFO - Starting application...
2024-08-26 15:31:02,111 - logger - INFO - Application setup complete.
2024-08-26 15:31:55,056 - logger - INFO - Starting application...
2024-08-26 15:31:55,066 - logger - INFO - Application setup complete.
2024-08-26 15:31:55,191 - logger - INFO - Starting application...
2024-08-26 15:31:55,210 - logger - INFO - Application setup complete.
2024-08-26 15:32:07,443 - logger - INFO - Starting application...
2024-08-26 15:32:07,465 - logger - INFO - Application setup complete.
2024-08-26 15:32:07,574 - logger - INFO - Starting application...
2024-08-26 15:32:07,593 - logger - INFO - Application setup complete.
2024-08-26 15:33:19,863 - logger - INFO - Starting application...
2024-08-26 15:33:19,879 - logger - INFO - Application setup complete.
2024-08-26 15:33:19,988 - logger - INFO - Starting application...
2024-08-26 15:33:20,022 - logger - INFO - Application setup complete.
2024-08-26 15:33:35,440 - logger - INFO - Starting application...
2024-08-26 15:33:35,468 - logger - INFO - Application setup complete.
2024-08-26 15:33:35,583 - logger - INFO - Starting application...
2024-08-26 15:33:35,612 - logger - INFO - Application setup complete.
2024-08-26 15:33:53,789 - logger - INFO - Starting application...
2024-08-26 15:33:53,812 - logger - INFO - Application setup complete.
2024-08-26 15:33:53,929 - logger - INFO - Starting application...
2024-08-26 15:33:53,947 - logger - INFO - Application setup complete.
2024-08-26 15:35:15,996 - logger - INFO - Starting application...
2024-08-26 15:35:16,027 - logger - INFO - Application setup complete.
2024-08-26 15:35:16,149 - logger - INFO - Starting application...
2024-08-26 15:35:16,165 - logger - INFO - Application setup complete.
2024-08-26 15:35:20,355 - logger - INFO - Starting application...
2024-08-26 15:35:20,374 - logger - INFO - Application setup complete.
2024-08-26 15:35:20,507 - logger - INFO - Starting application...
2024-08-26 15:35:20,543 - logger - INFO - Application setup complete.
2024-08-26 15:36:04,827 - logger - INFO - Starting application...
2024-08-26 15:36:04,856 - logger - INFO - Application setup complete.
2024-08-26 15:36:04,970 - logger - INFO - Starting application...
2024-08-26 15:36:04,989 - logger - INFO - Application setup complete.
2024-08-26 15:36:31,319 - logger - INFO - Starting application...
2024-08-26 15:36:31,345 - logger - INFO - Application setup complete.
2024-08-26 15:36:31,449 - logger - INFO - Starting application...
2024-08-26 15:36:31,467 - logger - INFO - Application setup complete.
2024-08-26 15:37:42,982 - logger - INFO - Starting application...
2024-08-26 15:37:43,004 - logger - INFO - Application setup complete.
2024-08-26 15:37:43,120 - logger - INFO - Starting application...
2024-08-26 15:37:43,151 - logger - INFO - Application setup complete.
2024-08-26 15:39:01,854 - logger - INFO - Starting application...
2024-08-26 15:39:01,879 - logger - INFO - Application setup complete.
2024-08-26 15:39:01,997 - logger - INFO - Starting application...
2024-08-26 15:39:02,013 - logger - INFO - Application setup complete.
2024-08-26 15:39:25,399 - logger - INFO - Starting application...
2024-08-26 15:39:25,422 - logger - INFO - Application setup complete.
2024-08-26 15:39:25,531 - logger - INFO - Starting application...
2024-08-26 15:39:25,545 - logger - INFO - Application setup complete.
2024-08-26 15:41:55,638 - logger - INFO - Starting application...
2024-08-26 15:41:55,655 - logger - INFO - Application setup complete.
2024-08-26 15:41:55,761 - logger - INFO - Starting application...
2024-08-26 15:41:55,790 - logger - INFO - Application setup complete.
2024-08-26 15:45:29,850 - logger - INFO - Starting application...
2024-08-26 15:45:29,879 - logger - INFO - Application setup complete.
2024-08-26 15:45:30,005 - logger - INFO - Starting application...
2024-08-26 15:45:30,028 - logger - INFO - Application setup complete.
2024-08-26 15:45:59,229 - logger - INFO - Starting application...
2024-08-26 15:45:59,252 - logger - INFO - Application setup complete.
2024-08-26 15:45:59,355 - logger - INFO - Starting application...
2024-08-26 15:45:59,377 - logger - INFO - Application setup complete.
2024-08-26 15:46:13,616 - logger - INFO - Starting application...
2024-08-26 15:46:13,652 - logger - INFO - Application setup complete.
2024-08-26 15:46:13,755 - logger - INFO - Starting application...
2024-08-26 15:46:13,781 - logger - INFO - Application setup complete.
2024-08-26 15:47:50,041 - logger - INFO - Starting application...
2024-08-26 15:47:50,064 - logger - INFO - Application setup complete.
2024-08-26 15:47:50,173 - logger - INFO - Starting application...
2024-08-26 15:47:50,197 - logger - INFO - Application setup complete.
2024-08-26 15:48:45,040 - logger - INFO - Starting application...
2024-08-26 15:48:45,072 - logger - INFO - Application setup complete.
2024-08-26 15:48:45,173 - logger - INFO - Starting application...
2024-08-26 15:48:45,202 - logger - INFO - Application setup complete.
2024-08-26 15:49:17,574 - logger - INFO - Starting application...
2024-08-26 15:49:17,593 - logger - INFO - Application setup complete.
2024-08-26 15:49:17,698 - logger - INFO - Starting application...
2024-08-26 15:49:17,714 - logger - INFO - Application setup complete.
2024-08-26 15:49:49,282 - logger - INFO - Starting application...
2024-08-26 15:49:49,311 - logger - INFO - Application setup complete.
2024-08-26 15:49:49,435 - logger - INFO - Starting application...
2024-08-26 15:49:49,456 - logger - INFO - Application setup complete.
2024-08-26 15:50:15,175 - logger - INFO - Starting application...
2024-08-26 15:50:15,197 - logger - INFO - Application setup complete.
2024-08-26 15:50:15,307 - logger - INFO - Starting application...
2024-08-26 15:50:15,323 - logger - INFO - Application setup complete.
2024-08-26 15:50:46,997 - logger - INFO - Starting application...
2024-08-26 15:50:47,020 - logger - INFO - Application setup complete.
2024-08-26 15:50:47,139 - logger - INFO - Starting application...
2024-08-26 15:50:47,159 - logger - INFO - Application setup complete.
2024-08-26 15:52:41,218 - logger - INFO - Starting application...
2024-08-26 15:52:41,238 - logger - INFO - Application setup complete.
2024-08-26 15:52:41,344 - logger - INFO - Starting application...
2024-08-26 15:52:41,366 - logger - INFO - Application setup complete.
2024-08-26 15:52:52,877 - logger - INFO - Starting application...
2024-08-26 15:52:52,901 - logger - INFO - Application setup complete.
2024-08-26 15:52:53,020 - logger - INFO - Starting application...
2024-08-26 15:52:53,044 - logger - INFO - Application setup complete.
2024-08-26 15:53:18,720 - logger - INFO - Starting application...
2024-08-26 15:53:18,742 - logger - INFO - Application setup complete.
2024-08-26 15:53:18,849 - logger - INFO - Starting application...
2024-08-26 15:53:18,876 - logger - INFO - Application setup complete.
2024-08-26 15:57:08,378 - logger - INFO - Starting application...
2024-08-26 15:57:08,404 - logger - INFO - Application setup complete.
2024-08-26 15:57:08,530 - logger - INFO - Starting application...
2024-08-26 15:57:08,553 - logger - INFO - Application setup complete.
2024-08-26 15:58:38,895 - logger - INFO - Starting application...
2024-08-26 15:58:38,914 - logger - INFO - Application setup complete.
2024-08-26 15:58:39,004 - logger - INFO - Starting application...
2024-08-26 15:58:39,021 - logger - INFO - Application setup complete.
2024-08-26 16:00:57,997 - logger - INFO - Starting application...
2024-08-26 16:00:58,015 - logger - INFO - Application setup complete.
2024-08-26 16:00:58,138 - logger - INFO - Starting application...
2024-08-26 16:00:58,156 - logger - INFO - Application setup complete.
2024-08-26 16:01:33,308 - logger - INFO - Starting application...
2024-08-26 16:01:33,333 - logger - INFO - Application setup complete.
2024-08-26 16:01:33,485 - logger - INFO - Starting application...
2024-08-26 16:01:33,508 - logger - INFO - Application setup complete.
2024-08-26 16:03:40,502 - logger - INFO - Starting application...
2024-08-26 16:03:40,517 - logger - INFO - Application setup complete.
2024-08-26 16:03:40,615 - logger - INFO - Starting application...
2024-08-26 16:03:40,635 - logger - INFO - Application setup complete.
2024-08-26 16:08:22,042 - logger - INFO - Starting application...
2024-08-26 16:08:22,064 - logger - INFO - Application setup complete.
2024-08-26 16:08:22,199 - logger - INFO - Starting application...
2024-08-26 16:08:22,214 - logger - INFO - Application setup complete.
2024-08-26 16:14:20,335 - logger - INFO - Starting application...
2024-08-26 16:14:20,354 - logger - INFO - Application setup complete.
2024-08-26 16:14:20,459 - logger - INFO - Starting application...
2024-08-26 16:14:20,482 - logger - INFO - Application setup complete.
2024-08-26 16:18:16,771 - logger - INFO - Starting application...
2024-08-26 16:18:16,789 - logger - INFO - Application setup complete.
2024-08-26 16:18:16,885 - logger - INFO - Starting application...
2024-08-26 16:18:16,910 - logger - INFO - Application setup complete.
2024-08-26 16:19:42,415 - logger - INFO - Starting application...
2024-08-26 16:19:42,445 - logger - INFO - Application setup complete.
2024-08-26 16:19:42,597 - logger - INFO - Starting application...
2024-08-26 16:19:42,618 - logger - INFO - Application setup complete.
2024-08-26 16:23:27,701 - logger - INFO - Starting application...
2024-08-26 16:23:27,717 - logger - INFO - Application setup complete.
2024-08-26 16:23:27,838 - logger - INFO - Starting application...
2024-08-26 16:23:27,859 - logger - INFO - Application setup complete.
2024-08-26 16:25:16,422 - logger - INFO - Starting application...
2024-08-26 16:25:16,450 - logger - INFO - Application setup complete.
2024-08-26 16:25:16,600 - logger - INFO - Starting application...
2024-08-26 16:25:16,622 - logger - INFO - Application setup complete.
2024-08-26 16:28:52,347 - logger - INFO - Starting application...
2024-08-26 16:28:52,376 - logger - INFO - Application setup complete.
2024-08-26 16:28:52,553 - logger - INFO - Starting application...
2024-08-26 16:28:52,582 - logger - INFO - Application setup complete.
2024-08-26 16:29:33,835 - logger - INFO - Starting application...
2024-08-26 16:29:33,854 - logger - INFO - Application setup complete.
2024-08-26 16:29:33,981 - logger - INFO - Starting application...
2024-08-26 16:29:33,999 - logger - INFO - Application setup complete.
2024-08-26 16:32:37,140 - logger - INFO - Starting application...
2024-08-26 16:32:37,160 - logger - INFO - Application setup complete.
2024-08-26 16:32:37,277 - logger - INFO - Starting application...
2024-08-26 16:32:37,296 - logger - INFO - Application setup complete.
2024-08-26 16:33:37,196 - logger - INFO - Starting application...
2024-08-26 16:33:37,226 - logger - INFO - Application setup complete.
2024-08-26 16:33:37,339 - logger - INFO - Starting application...
2024-08-26 16:33:37,358 - logger - INFO - Application setup complete.
2024-08-26 16:34:16,074 - logger - INFO - Starting application...
2024-08-26 16:34:16,094 - logger - INFO - Application setup complete.
2024-08-26 16:34:16,212 - logger - INFO - Starting application...
2024-08-26 16:34:16,232 - logger - INFO - Application setup complete.
2024-08-26 16:35:14,798 - logger - INFO - Starting application...
2024-08-26 16:35:14,818 - logger - INFO - Application setup complete.
2024-08-26 16:35:14,929 - logger - INFO - Starting application...
2024-08-26 16:35:14,947 - logger - INFO - Application setup complete.
2024-08-26 16:36:26,409 - logger - INFO - Starting application...
2024-08-26 16:36:26,436 - logger - INFO - Application setup complete.
2024-08-26 16:36:26,555 - logger - INFO - Starting application...
2024-08-26 16:36:26,574 - logger - INFO - Application setup complete.
2024-08-26 16:38:08,406 - logger - INFO - Starting application...
2024-08-26 16:38:08,428 - logger - INFO - Application setup complete.
2024-08-26 16:38:08,587 - logger - INFO - Starting application...
2024-08-26 16:38:08,605 - logger - INFO - Application setup complete.
2024-08-26 16:39:27,271 - logger - INFO - Starting application...
2024-08-26 16:39:27,290 - logger - INFO - Application setup complete.
2024-08-26 16:39:27,404 - logger - INFO - Starting application...
2024-08-26 16:39:27,423 - logger - INFO - Application setup complete.
2024-08-26 16:41:20,974 - logger - INFO - Starting application...
2024-08-26 16:41:21,002 - logger - INFO - Application setup complete.
2024-08-26 16:41:21,125 - logger - INFO - Starting application...
2024-08-26 16:41:21,143 - logger - INFO - Application setup complete.
2024-08-26 16:48:11,101 - logger - INFO - Starting application...
2024-08-26 16:48:11,118 - logger - INFO - Application setup complete.
2024-08-26 16:48:11,238 - logger - INFO - Starting application...
2024-08-26 16:48:11,254 - logger - INFO - Application setup complete.
2024-08-26 16:56:24,665 - logger - INFO - Starting application...
2024-08-26 16:56:24,719 - logger - INFO - Application setup complete.
2024-08-26 16:56:24,837 - logger - INFO - Starting application...
2024-08-26 16:56:24,857 - logger - INFO - Application setup complete.
2024-08-26 16:56:59,332 - logger - INFO - Starting application...
2024-08-26 16:56:59,396 - logger - INFO - Application setup complete.
2024-08-26 16:56:59,505 - logger - INFO - Starting application...
2024-08-26 16:56:59,526 - logger - INFO - Application setup complete.
2024-08-26 16:57:56,729 - logger - INFO - Starting application...
2024-08-26 16:57:56,798 - logger - INFO - Application setup complete.
2024-08-26 16:57:56,889 - logger - INFO - Starting application...
2024-08-26 16:57:56,917 - logger - INFO - Application setup complete.
2024-08-26 16:58:09,045 - logger - INFO - Starting application...
2024-08-26 16:58:09,102 - logger - INFO - Application setup complete.
2024-08-26 16:58:09,192 - logger - INFO - Starting application...
2024-08-26 16:58:09,212 - logger - INFO - Application setup complete.
2024-08-26 16:59:54,177 - logger - INFO - Starting application...
2024-08-26 16:59:54,241 - logger - INFO - Application setup complete.
2024-08-26 16:59:54,329 - logger - INFO - Starting application...
2024-08-26 16:59:54,349 - logger - INFO - Application setup complete.
2024-08-26 17:00:22,139 - logger - INFO - Starting application...
2024-08-26 17:00:22,188 - logger - INFO - Application setup complete.
2024-08-26 17:00:22,292 - logger - INFO - Starting application...
2024-08-26 17:00:22,316 - logger - INFO - Application setup complete.
2024-08-26 17:03:24,983 - logger - INFO - Starting application...
2024-08-26 17:03:25,053 - logger - INFO - Application setup complete.
2024-08-26 17:03:25,143 - logger - INFO - Starting application...
2024-08-26 17:03:25,162 - logger - INFO - Application setup complete.
2024-08-26 17:03:40,395 - logger - INFO - Starting application...
2024-08-26 17:03:40,450 - logger - INFO - Application setup complete.
2024-08-26 17:03:40,578 - logger - INFO - Starting application...
2024-08-26 17:03:40,626 - logger - INFO - Application setup complete.
2024-08-26 17:03:58,504 - logger - INFO - Starting application...
2024-08-26 17:03:58,554 - logger - INFO - Application setup complete.
2024-08-26 17:03:58,641 - logger - INFO - Starting application...
2024-08-26 17:03:58,657 - logger - INFO - Application setup complete.
2024-08-26 17:04:16,849 - logger - INFO - Starting application...
2024-08-26 17:04:16,916 - logger - INFO - Application setup complete.
2024-08-26 17:04:17,013 - logger - INFO - Starting application...
2024-08-26 17:04:17,031 - logger - INFO - Application setup complete.
2024-08-26 17:04:25,151 - logger - INFO - Starting application...
2024-08-26 17:04:25,213 - logger - INFO - Application setup complete.
2024-08-26 17:04:25,348 - logger - INFO - Starting application...
2024-08-26 17:04:25,366 - logger - INFO - Application setup complete.
2024-08-26 17:06:25,438 - logger - INFO - Starting application...
2024-08-26 17:06:25,497 - logger - INFO - Application setup complete.
2024-08-26 17:06:25,583 - logger - INFO - Starting application...
2024-08-26 17:06:25,602 - logger - INFO - Application setup complete.
2024-08-26 17:06:30,025 - logger - INFO - Starting application...
2024-08-26 17:06:30,089 - logger - INFO - Application setup complete.
2024-08-26 17:06:30,170 - logger - INFO - Starting application...
2024-08-26 17:06:30,191 - logger - INFO - Application setup complete.
2024-08-26 17:07:09,280 - logger - INFO - Starting application...
2024-08-26 17:07:09,337 - logger - INFO - Application setup complete.
2024-08-26 17:07:09,415 - logger - INFO - Starting application...
2024-08-26 17:07:09,446 - logger - INFO - Application setup complete.
2024-08-26 17:07:28,267 - logger - INFO - Starting application...
2024-08-26 17:07:28,325 - logger - INFO - Application setup complete.
2024-08-26 17:07:28,400 - logger - INFO - Starting application...
2024-08-26 17:07:28,429 - logger - INFO - Application setup complete.
2024-08-26 17:07:49,837 - logger - INFO - Starting application...
2024-08-26 17:07:49,887 - logger - INFO - Application setup complete.
2024-08-26 17:07:49,977 - logger - INFO - Starting application...
2024-08-26 17:07:50,006 - logger - INFO - Application setup complete.
2024-08-26 17:07:59,337 - logger - INFO - Starting application...
2024-08-26 17:07:59,402 - logger - INFO - Application setup complete.
2024-08-26 17:07:59,493 - logger - INFO - Starting application...
2024-08-26 17:07:59,514 - logger - INFO - Application setup complete.
2024-08-26 17:08:21,548 - logger - INFO - Starting application...
2024-08-26 17:08:21,611 - logger - INFO - Application setup complete.
2024-08-26 17:08:21,715 - logger - INFO - Starting application...
2024-08-26 17:08:21,744 - logger - INFO - Application setup complete.
2024-08-26 17:12:53,346 - logger - INFO - Starting application...
2024-08-26 17:12:53,404 - logger - INFO - Application setup complete.
2024-08-26 17:12:53,481 - logger - INFO - Starting application...
2024-08-26 17:12:53,496 - logger - INFO - Application setup complete.
2024-08-26 17:17:09,530 - logger - INFO - Starting application...
2024-08-26 17:17:09,592 - logger - INFO - Application setup complete.
2024-08-26 17:17:09,682 - logger - INFO - Starting application...
2024-08-26 17:17:09,704 - logger - INFO - Application setup complete.
