2024-09-04 09:07:31,589 - logger - INFO - Starting application...
2024-09-04 09:07:31,646 - logger - INFO - Application setup complete.
2024-09-04 09:07:31,712 - logger - INFO - Starting server...
2024-09-04 09:07:31,712 - logger - INFO - Server run at: http://localhost:8000...
2024-09-04 09:07:32,810 - logger - INFO - Starting application...
2024-09-04 09:07:32,816 - logger - INFO - Application setup complete.
2024-09-04 09:07:32,906 - logger - INFO - Starting application...
2024-09-04 09:07:32,926 - logger - INFO - Application setup complete.
2024-09-04 09:32:45,406 - logger - INFO - Starting application...
2024-09-04 09:32:45,431 - logger - INFO - Application setup complete.
2024-09-04 09:32:45,506 - logger - INFO - Starting application...
2024-09-04 09:32:45,532 - logger - INFO - Application setup complete.
2024-09-04 09:42:01,472 - logger - INFO - Starting application...
2024-09-04 09:42:01,494 - logger - INFO - Application setup complete.
2024-09-04 09:42:01,563 - logger - INFO - Starting application...
2024-09-04 09:42:01,586 - logger - INFO - Application setup complete.
2024-09-04 09:46:21,315 - logger - INFO - Starting application...
2024-09-04 09:46:21,340 - logger - INFO - Application setup complete.
2024-09-04 09:46:21,417 - logger - INFO - Starting application...
2024-09-04 09:46:21,437 - logger - INFO - Application setup complete.
2024-09-04 09:46:47,845 - logger - INFO - Starting application...
2024-09-04 09:46:47,869 - logger - INFO - Application setup complete.
2024-09-04 09:46:47,953 - logger - INFO - Starting application...
2024-09-04 09:46:47,976 - logger - INFO - Application setup complete.
2024-09-04 09:47:27,898 - logger - INFO - Starting application...
2024-09-04 09:47:27,922 - logger - INFO - Application setup complete.
2024-09-04 09:47:27,982 - logger - INFO - Starting application...
2024-09-04 09:47:28,008 - logger - INFO - Application setup complete.
2024-09-04 09:48:21,945 - logger - INFO - Starting application...
2024-09-04 09:48:21,982 - logger - INFO - Application setup complete.
2024-09-04 09:48:22,077 - logger - INFO - Starting application...
2024-09-04 09:48:22,106 - logger - INFO - Application setup complete.
2024-09-04 09:50:09,441 - logger - INFO - Starting application...
2024-09-04 09:50:09,464 - logger - INFO - Application setup complete.
2024-09-04 09:50:09,541 - logger - INFO - Starting application...
2024-09-04 09:50:09,571 - logger - INFO - Application setup complete.
2024-09-04 09:59:00,406 - logger - INFO - Starting application...
2024-09-04 09:59:00,455 - logger - INFO - Application setup complete.
2024-09-04 09:59:00,518 - logger - INFO - Starting server...
2024-09-04 09:59:00,518 - logger - INFO - Server run at: http://localhost:8000...
2024-09-04 09:59:01,645 - logger - INFO - Starting application...
2024-09-04 09:59:01,674 - logger - INFO - Application setup complete.
2024-09-04 09:59:01,757 - logger - INFO - Starting application...
2024-09-04 09:59:01,779 - logger - INFO - Application setup complete.
2024-09-04 10:02:20,172 - logger - INFO - Starting application...
2024-09-04 10:02:20,207 - logger - INFO - Application setup complete.
2024-09-04 10:02:20,277 - logger - INFO - Starting application...
2024-09-04 10:02:20,313 - logger - INFO - Application setup complete.
2024-09-04 10:03:05,143 - logger - INFO - Starting application...
2024-09-04 10:03:05,161 - logger - INFO - Application setup complete.
2024-09-04 10:03:05,231 - logger - INFO - Starting application...
2024-09-04 10:03:05,250 - logger - INFO - Application setup complete.
2024-09-04 10:42:50,992 - logger - INFO - Starting application...
2024-09-04 10:42:51,014 - logger - INFO - Application setup complete.
2024-09-04 10:42:51,098 - logger - INFO - Starting application...
2024-09-04 10:42:51,136 - logger - INFO - Application setup complete.
2024-09-04 10:46:21,245 - logger - INFO - Starting application...
2024-09-04 10:46:21,268 - logger - INFO - Application setup complete.
2024-09-04 10:46:21,347 - logger - INFO - Starting application...
2024-09-04 10:46:21,365 - logger - INFO - Application setup complete.
2024-09-04 11:09:43,340 - logger - INFO - Starting application...
2024-09-04 11:09:43,360 - logger - INFO - Application setup complete.
2024-09-04 11:09:43,436 - logger - INFO - Starting application...
2024-09-04 11:09:43,454 - logger - INFO - Application setup complete.
2024-09-04 11:14:12,328 - logger - INFO - Starting application...
2024-09-04 11:14:12,347 - logger - INFO - Application setup complete.
2024-09-04 11:14:12,425 - logger - INFO - Starting application...
2024-09-04 11:14:12,442 - logger - INFO - Application setup complete.
2024-09-04 11:14:49,831 - logger - INFO - Starting application...
2024-09-04 11:14:49,853 - logger - INFO - Application setup complete.
2024-09-04 11:14:49,916 - logger - INFO - Starting application...
2024-09-04 11:14:49,936 - logger - INFO - Application setup complete.
2024-09-04 11:16:46,945 - logger - INFO - Starting application...
2024-09-04 11:16:46,967 - logger - INFO - Application setup complete.
2024-09-04 11:16:47,034 - logger - INFO - Starting application...
2024-09-04 11:16:47,046 - logger - INFO - Application setup complete.
2024-09-04 11:44:39,456 - logger - INFO - Starting application...
2024-09-04 11:44:39,482 - logger - INFO - Application setup complete.
2024-09-04 11:44:39,545 - logger - INFO - Starting application...
2024-09-04 11:44:39,573 - logger - INFO - Application setup complete.
2024-09-04 11:45:05,578 - logger - INFO - Starting application...
2024-09-04 11:45:05,607 - logger - INFO - Application setup complete.
2024-09-04 11:45:05,687 - logger - INFO - Starting application...
2024-09-04 11:45:05,716 - logger - INFO - Application setup complete.
2024-09-04 11:45:29,686 - logger - INFO - Starting application...
2024-09-04 11:45:29,718 - logger - INFO - Application setup complete.
2024-09-04 11:45:29,780 - logger - INFO - Starting application...
2024-09-04 11:45:29,800 - logger - INFO - Application setup complete.
2024-09-04 11:46:52,188 - logger - INFO - Starting application...
2024-09-04 11:46:52,209 - logger - INFO - Application setup complete.
2024-09-04 11:46:52,276 - logger - INFO - Starting application...
2024-09-04 11:46:52,294 - logger - INFO - Application setup complete.
2024-09-04 11:56:56,161 - logger - INFO - Starting application...
2024-09-04 11:56:56,182 - logger - INFO - Application setup complete.
2024-09-04 11:56:56,254 - logger - INFO - Starting application...
2024-09-04 11:56:56,272 - logger - INFO - Application setup complete.
2024-09-04 11:57:48,682 - logger - INFO - Starting application...
2024-09-04 11:57:48,706 - logger - INFO - Application setup complete.
2024-09-04 11:57:48,774 - logger - INFO - Starting application...
2024-09-04 11:57:48,794 - logger - INFO - Application setup complete.
2024-09-04 11:59:10,701 - logger - INFO - Starting application...
2024-09-04 11:59:10,725 - logger - INFO - Application setup complete.
2024-09-04 11:59:10,793 - logger - INFO - Starting application...
2024-09-04 11:59:10,813 - logger - INFO - Application setup complete.
2024-09-04 11:59:19,046 - logger - INFO - Starting application...
2024-09-04 11:59:19,068 - logger - INFO - Application setup complete.
2024-09-04 11:59:19,154 - logger - INFO - Starting application...
2024-09-04 11:59:19,176 - logger - INFO - Application setup complete.
2024-09-04 13:38:52,398 - logger - INFO - Starting application...
2024-09-04 13:38:52,428 - logger - INFO - Application setup complete.
2024-09-04 13:38:52,541 - logger - INFO - Starting application...
2024-09-04 13:38:52,563 - logger - INFO - Application setup complete.
2024-09-04 13:39:21,380 - logger - INFO - Starting application...
2024-09-04 13:39:21,401 - logger - INFO - Application setup complete.
2024-09-04 13:39:21,448 - logger - INFO - Starting server...
2024-09-04 13:39:21,448 - logger - INFO - Server run at: http://localhost:8000...
2024-09-04 13:39:22,691 - logger - INFO - Starting application...
2024-09-04 13:39:22,713 - logger - INFO - Application setup complete.
2024-09-04 13:39:22,786 - logger - INFO - Starting application...
2024-09-04 13:39:22,817 - logger - INFO - Application setup complete.
2024-09-04 13:41:59,652 - logger - INFO - Starting application...
2024-09-04 13:41:59,678 - logger - INFO - Application setup complete.
2024-09-04 13:41:59,678 - logger - INFO - Application setup complete.
2024-09-04 13:41:59,760 - logger - INFO - Starting application...
2024-09-04 13:41:59,762 - logger - INFO - Starting application...
2024-09-04 13:41:59,783 - logger - INFO - Application setup complete.
2024-09-04 13:41:59,784 - logger - INFO - Application setup complete.
2024-09-04 13:42:50,390 - logger - INFO - Starting application...
2024-09-04 13:42:50,393 - logger - INFO - Starting application...
2024-09-04 13:42:50,415 - logger - INFO - Application setup complete.
2024-09-04 13:42:50,421 - logger - INFO - Application setup complete.
2024-09-04 13:42:50,483 - logger - INFO - Starting application...
2024-09-04 13:42:50,491 - logger - INFO - Starting application...
2024-09-04 13:42:50,509 - logger - INFO - Application setup complete.
2024-09-04 13:42:50,513 - logger - INFO - Application setup complete.
2024-09-04 13:43:15,430 - logger - INFO - Starting application...
2024-09-04 13:43:15,432 - logger - INFO - Starting application...
2024-09-04 13:43:15,453 - logger - INFO - Application setup complete.
2024-09-04 13:43:15,455 - logger - INFO - Application setup complete.
2024-09-04 13:43:15,515 - logger - INFO - Starting application...
2024-09-04 13:43:15,515 - logger - INFO - Starting application...
2024-09-04 13:43:15,536 - logger - INFO - Application setup complete.
2024-09-04 13:43:15,540 - logger - INFO - Application setup complete.
2024-09-04 13:44:04,330 - logger - INFO - Starting application...
2024-09-04 13:44:04,341 - logger - INFO - Application setup complete.
2024-09-04 13:44:04,401 - logger - INFO - Starting server...
2024-09-04 13:44:04,401 - logger - INFO - Server run at: http://localhost:8000...
2024-09-04 13:44:05,672 - logger - INFO - Starting application...
2024-09-04 13:44:05,692 - logger - INFO - Application setup complete.
2024-09-04 13:44:05,770 - logger - INFO - Starting application...
2024-09-04 13:44:05,793 - logger - INFO - Application setup complete.
2024-09-04 13:48:11,194 - logger - INFO - Starting application...
2024-09-04 13:48:11,220 - logger - INFO - Application setup complete.
2024-09-04 13:48:11,292 - logger - INFO - Starting application...
2024-09-04 13:48:11,317 - logger - INFO - Application setup complete.
2024-09-04 13:53:37,151 - logger - INFO - Starting application...
2024-09-04 13:53:37,186 - logger - INFO - Application setup complete.
2024-09-04 13:53:37,271 - logger - INFO - Starting application...
2024-09-04 13:53:37,291 - logger - INFO - Application setup complete.
2024-09-04 13:55:46,911 - logger - INFO - Starting application...
2024-09-04 13:55:46,944 - logger - INFO - Application setup complete.
2024-09-04 13:55:47,034 - logger - INFO - Starting application...
2024-09-04 13:55:47,057 - logger - INFO - Application setup complete.
2024-09-04 13:56:52,998 - logger - INFO - Starting application...
2024-09-04 13:56:53,027 - logger - INFO - Application setup complete.
2024-09-04 13:56:53,100 - logger - INFO - Starting application...
2024-09-04 13:56:53,118 - logger - INFO - Application setup complete.
2024-09-04 13:58:27,102 - logger - INFO - Starting application...
2024-09-04 13:58:27,124 - logger - INFO - Application setup complete.
2024-09-04 13:58:27,193 - logger - INFO - Starting application...
2024-09-04 13:58:27,214 - logger - INFO - Application setup complete.
2024-09-04 13:59:56,441 - logger - INFO - Starting application...
2024-09-04 13:59:56,460 - logger - INFO - Application setup complete.
2024-09-04 13:59:56,529 - logger - INFO - Starting application...
2024-09-04 13:59:56,548 - logger - INFO - Application setup complete.
2024-09-04 14:00:11,463 - logger - INFO - Starting application...
2024-09-04 14:00:11,487 - logger - INFO - Application setup complete.
2024-09-04 14:00:11,556 - logger - INFO - Starting application...
2024-09-04 14:00:11,572 - logger - INFO - Application setup complete.
2024-09-04 14:02:02,047 - logger - INFO - Starting application...
2024-09-04 14:02:02,076 - logger - INFO - Application setup complete.
2024-09-04 14:02:02,187 - logger - INFO - Starting application...
2024-09-04 14:02:02,217 - logger - INFO - Application setup complete.
2024-09-04 14:03:36,774 - logger - INFO - Starting application...
2024-09-04 14:03:36,799 - logger - INFO - Application setup complete.
2024-09-04 14:03:36,879 - logger - INFO - Starting application...
2024-09-04 14:03:36,905 - logger - INFO - Application setup complete.
2024-09-04 14:03:45,067 - logger - INFO - Starting application...
2024-09-04 14:03:45,092 - logger - INFO - Application setup complete.
2024-09-04 14:03:45,155 - logger - INFO - Starting application...
2024-09-04 14:03:45,175 - logger - INFO - Application setup complete.
2024-09-04 14:05:09,074 - logger - INFO - Starting application...
2024-09-04 14:05:09,103 - logger - INFO - Application setup complete.
2024-09-04 14:05:09,192 - logger - INFO - Starting application...
2024-09-04 14:05:09,207 - logger - INFO - Application setup complete.
2024-09-04 14:05:12,617 - logger - INFO - Starting application...
2024-09-04 14:05:12,638 - logger - INFO - Application setup complete.
2024-09-04 14:05:12,706 - logger - INFO - Starting application...
2024-09-04 14:05:12,727 - logger - INFO - Application setup complete.
2024-09-04 14:08:05,709 - logger - INFO - Starting application...
2024-09-04 14:08:05,737 - logger - INFO - Application setup complete.
2024-09-04 14:08:05,821 - logger - INFO - Starting application...
2024-09-04 14:08:05,851 - logger - INFO - Application setup complete.
2024-09-04 14:09:14,093 - logger - INFO - Starting application...
2024-09-04 14:09:14,119 - logger - INFO - Application setup complete.
2024-09-04 14:09:14,198 - logger - INFO - Starting application...
2024-09-04 14:09:14,229 - logger - INFO - Application setup complete.
2024-09-04 14:12:23,576 - logger - INFO - Starting application...
2024-09-04 14:12:23,601 - logger - INFO - Application setup complete.
2024-09-04 14:12:23,676 - logger - INFO - Starting application...
2024-09-04 14:12:23,700 - logger - INFO - Application setup complete.
2024-09-04 14:13:11,045 - logger - INFO - Starting application...
2024-09-04 14:13:11,074 - logger - INFO - Application setup complete.
2024-09-04 14:13:11,153 - logger - INFO - Starting application...
2024-09-04 14:13:11,169 - logger - INFO - Application setup complete.
2024-09-04 14:13:28,016 - logger - INFO - Starting application...
2024-09-04 14:13:28,042 - logger - INFO - Application setup complete.
2024-09-04 14:13:28,113 - logger - INFO - Starting application...
2024-09-04 14:13:28,131 - logger - INFO - Application setup complete.
2024-09-04 14:14:01,259 - logger - INFO - Starting application...
2024-09-04 14:14:01,281 - logger - INFO - Application setup complete.
2024-09-04 14:14:01,341 - logger - INFO - Starting application...
2024-09-04 14:14:01,361 - logger - INFO - Application setup complete.
2024-09-04 14:14:18,656 - logger - INFO - Starting application...
2024-09-04 14:14:18,676 - logger - INFO - Application setup complete.
2024-09-04 14:14:18,756 - logger - INFO - Starting application...
2024-09-04 14:14:18,784 - logger - INFO - Application setup complete.
2024-09-04 14:18:24,026 - logger - INFO - Starting application...
2024-09-04 14:18:24,049 - logger - INFO - Application setup complete.
2024-09-04 14:18:24,126 - logger - INFO - Starting application...
2024-09-04 14:18:24,149 - logger - INFO - Application setup complete.
2024-09-04 14:18:57,085 - logger - INFO - Starting application...
2024-09-04 14:18:57,115 - logger - INFO - Application setup complete.
2024-09-04 14:18:57,189 - logger - INFO - Starting application...
2024-09-04 14:18:57,212 - logger - INFO - Application setup complete.
2024-09-04 14:19:16,613 - logger - INFO - Starting application...
2024-09-04 14:19:16,638 - logger - INFO - Application setup complete.
2024-09-04 14:19:16,707 - logger - INFO - Starting application...
2024-09-04 14:19:16,729 - logger - INFO - Application setup complete.
2024-09-04 14:19:50,755 - logger - INFO - Starting application...
2024-09-04 14:19:50,778 - logger - INFO - Application setup complete.
2024-09-04 14:19:50,836 - logger - INFO - Starting application...
2024-09-04 14:19:50,860 - logger - INFO - Application setup complete.
2024-09-04 14:20:51,936 - logger - INFO - Starting application...
2024-09-04 14:20:51,965 - logger - INFO - Application setup complete.
2024-09-04 14:20:52,025 - logger - INFO - Starting application...
2024-09-04 14:20:52,045 - logger - INFO - Application setup complete.
2024-09-04 14:21:16,247 - logger - INFO - Starting application...
2024-09-04 14:21:16,274 - logger - INFO - Application setup complete.
2024-09-04 14:21:16,356 - logger - INFO - Starting application...
2024-09-04 14:21:16,376 - logger - INFO - Application setup complete.
2024-09-04 14:21:42,027 - logger - INFO - Starting application...
2024-09-04 14:21:42,056 - logger - INFO - Application setup complete.
2024-09-04 14:21:42,138 - logger - INFO - Starting application...
2024-09-04 14:21:42,160 - logger - INFO - Application setup complete.
2024-09-04 14:22:10,649 - logger - INFO - Starting application...
2024-09-04 14:22:10,673 - logger - INFO - Application setup complete.
2024-09-04 14:22:10,748 - logger - INFO - Starting application...
2024-09-04 14:22:10,769 - logger - INFO - Application setup complete.
2024-09-04 14:24:18,249 - logger - INFO - Starting application...
2024-09-04 14:24:18,279 - logger - INFO - Application setup complete.
2024-09-04 14:24:18,356 - logger - INFO - Starting application...
2024-09-04 14:24:18,383 - logger - INFO - Application setup complete.
2024-09-04 14:25:12,536 - logger - INFO - Starting application...
2024-09-04 14:25:12,555 - logger - INFO - Application setup complete.
2024-09-04 14:25:12,626 - logger - INFO - Starting application...
2024-09-04 14:25:12,646 - logger - INFO - Application setup complete.
2024-09-04 14:27:34,341 - logger - INFO - Starting application...
2024-09-04 14:27:34,361 - logger - INFO - Application setup complete.
2024-09-04 14:27:34,451 - logger - INFO - Starting application...
2024-09-04 14:27:34,465 - logger - INFO - Application setup complete.
2024-09-04 14:30:53,082 - logger - INFO - Starting application...
2024-09-04 14:30:53,108 - logger - INFO - Application setup complete.
2024-09-04 14:30:53,184 - logger - INFO - Starting application...
2024-09-04 14:30:53,210 - logger - INFO - Application setup complete.
2024-09-04 14:32:03,037 - logger - INFO - Starting application...
2024-09-04 14:32:03,065 - logger - INFO - Application setup complete.
2024-09-04 14:32:03,150 - logger - INFO - Starting application...
2024-09-04 14:32:03,186 - logger - INFO - Application setup complete.
2024-09-04 14:36:13,681 - logger - INFO - Starting application...
2024-09-04 14:36:13,710 - logger - INFO - Application setup complete.
2024-09-04 14:36:13,776 - logger - INFO - Starting application...
2024-09-04 14:36:13,799 - logger - INFO - Application setup complete.
2024-09-04 14:40:02,016 - logger - INFO - Starting application...
2024-09-04 14:40:02,038 - logger - INFO - Application setup complete.
2024-09-04 14:40:02,131 - logger - INFO - Starting application...
2024-09-04 14:40:02,152 - logger - INFO - Application setup complete.
2024-09-04 14:43:37,893 - logger - INFO - Starting application...
2024-09-04 14:43:37,911 - logger - INFO - Application setup complete.
2024-09-04 14:43:38,006 - logger - INFO - Starting application...
2024-09-04 14:43:38,029 - logger - INFO - Application setup complete.
2024-09-04 14:44:08,251 - logger - INFO - Starting application...
2024-09-04 14:44:08,284 - logger - INFO - Application setup complete.
2024-09-04 14:44:08,372 - logger - INFO - Starting application...
2024-09-04 14:44:08,414 - logger - INFO - Application setup complete.
2024-09-04 14:44:40,786 - logger - INFO - Starting application...
2024-09-04 14:44:40,806 - logger - INFO - Application setup complete.
2024-09-04 14:44:40,873 - logger - INFO - Starting application...
2024-09-04 14:44:40,893 - logger - INFO - Application setup complete.
2024-09-04 14:45:10,048 - logger - INFO - Starting application...
2024-09-04 14:45:10,082 - logger - INFO - Application setup complete.
2024-09-04 14:45:10,162 - logger - INFO - Starting application...
2024-09-04 14:45:10,193 - logger - INFO - Application setup complete.
2024-09-04 14:45:26,000 - logger - INFO - Starting application...
2024-09-04 14:45:26,025 - logger - INFO - Application setup complete.
2024-09-04 14:45:26,108 - logger - INFO - Starting application...
2024-09-04 14:45:26,135 - logger - INFO - Application setup complete.
2024-09-04 14:46:19,438 - logger - INFO - Starting application...
2024-09-04 14:46:19,461 - logger - INFO - Application setup complete.
2024-09-04 14:46:19,531 - logger - INFO - Starting application...
2024-09-04 14:46:19,551 - logger - INFO - Application setup complete.
2024-09-04 14:51:05,584 - logger - INFO - Starting application...
2024-09-04 14:51:05,604 - logger - INFO - Application setup complete.
2024-09-04 14:51:05,686 - logger - INFO - Starting application...
2024-09-04 14:51:05,706 - logger - INFO - Application setup complete.
2024-09-04 14:52:11,727 - logger - INFO - Starting application...
2024-09-04 14:52:11,756 - logger - INFO - Application setup complete.
2024-09-04 14:52:11,826 - logger - INFO - Starting application...
2024-09-04 14:52:11,850 - logger - INFO - Application setup complete.
2024-09-04 14:52:23,642 - logger - INFO - Starting application...
2024-09-04 14:52:23,672 - logger - INFO - Application setup complete.
2024-09-04 14:52:23,746 - logger - INFO - Starting application...
2024-09-04 14:52:23,768 - logger - INFO - Application setup complete.
2024-09-04 14:55:21,638 - logger - INFO - Starting application...
2024-09-04 14:55:21,652 - logger - INFO - Application setup complete.
2024-09-04 14:55:21,713 - logger - INFO - Starting application...
2024-09-04 14:55:21,731 - logger - INFO - Application setup complete.
2024-09-04 14:55:58,344 - logger - INFO - Starting application...
2024-09-04 14:55:58,371 - logger - INFO - Application setup complete.
2024-09-04 14:55:58,438 - logger - INFO - Starting application...
2024-09-04 14:55:58,462 - logger - INFO - Application setup complete.
2024-09-04 14:56:53,298 - logger - INFO - Starting application...
2024-09-04 14:56:53,323 - logger - INFO - Application setup complete.
2024-09-04 14:56:53,401 - logger - INFO - Starting application...
2024-09-04 14:56:53,420 - logger - INFO - Application setup complete.
2024-09-04 14:57:21,098 - logger - INFO - Starting application...
2024-09-04 14:57:21,112 - logger - INFO - Application setup complete.
2024-09-04 14:57:21,187 - logger - INFO - Starting application...
2024-09-04 14:57:21,206 - logger - INFO - Application setup complete.
2024-09-04 14:57:29,789 - logger - INFO - Starting application...
2024-09-04 14:57:29,813 - logger - INFO - Application setup complete.
2024-09-04 14:57:29,879 - logger - INFO - Starting application...
2024-09-04 14:57:29,904 - logger - INFO - Application setup complete.
2024-09-04 14:58:08,379 - logger - INFO - Starting application...
2024-09-04 14:58:08,405 - logger - INFO - Application setup complete.
2024-09-04 14:58:08,478 - logger - INFO - Starting application...
2024-09-04 14:58:08,488 - logger - INFO - Application setup complete.
2024-09-04 14:59:15,125 - logger - INFO - Starting application...
2024-09-04 14:59:15,145 - logger - INFO - Application setup complete.
2024-09-04 14:59:15,222 - logger - INFO - Starting application...
2024-09-04 14:59:15,242 - logger - INFO - Application setup complete.
2024-09-04 14:59:40,562 - logger - INFO - Starting application...
2024-09-04 14:59:40,586 - logger - INFO - Application setup complete.
2024-09-04 14:59:40,661 - logger - INFO - Starting application...
2024-09-04 14:59:40,680 - logger - INFO - Application setup complete.
2024-09-04 14:59:49,834 - logger - INFO - Starting application...
2024-09-04 14:59:49,854 - logger - INFO - Application setup complete.
2024-09-04 14:59:49,927 - logger - INFO - Starting application...
2024-09-04 14:59:49,952 - logger - INFO - Application setup complete.
2024-09-04 15:01:47,731 - logger - INFO - Starting application...
2024-09-04 15:01:47,756 - logger - INFO - Application setup complete.
2024-09-04 15:01:47,836 - logger - INFO - Starting application...
2024-09-04 15:01:47,856 - logger - INFO - Application setup complete.
2024-09-04 15:04:42,733 - logger - INFO - Starting application...
2024-09-04 15:04:42,757 - logger - INFO - Application setup complete.
2024-09-04 15:04:42,854 - logger - INFO - Starting application...
2024-09-04 15:04:42,880 - logger - INFO - Application setup complete.
2024-09-04 15:05:54,378 - logger - INFO - Starting application...
2024-09-04 15:05:54,400 - logger - INFO - Application setup complete.
2024-09-04 15:05:54,476 - logger - INFO - Starting application...
2024-09-04 15:05:54,496 - logger - INFO - Application setup complete.
2024-09-04 15:06:29,182 - logger - INFO - Starting application...
2024-09-04 15:06:29,231 - logger - INFO - Application setup complete.
2024-09-04 15:06:29,320 - logger - INFO - Starting application...
2024-09-04 15:06:29,341 - logger - INFO - Application setup complete.
2024-09-04 15:06:44,498 - logger - INFO - Starting application...
2024-09-04 15:06:44,520 - logger - INFO - Application setup complete.
2024-09-04 15:06:44,581 - logger - INFO - Starting application...
2024-09-04 15:06:44,598 - logger - INFO - Application setup complete.
2024-09-04 15:11:37,029 - logger - INFO - Starting application...
2024-09-04 15:11:37,048 - logger - INFO - Application setup complete.
2024-09-04 15:11:37,111 - logger - INFO - Starting application...
2024-09-04 15:11:37,130 - logger - INFO - Application setup complete.
2024-09-04 15:17:16,894 - logger - INFO - Starting application...
2024-09-04 15:17:16,917 - logger - INFO - Application setup complete.
2024-09-04 15:17:17,010 - logger - INFO - Starting application...
2024-09-04 15:17:17,045 - logger - INFO - Application setup complete.
2024-09-04 15:19:29,501 - logger - INFO - Starting application...
2024-09-04 15:19:29,522 - logger - INFO - Application setup complete.
2024-09-04 15:19:29,599 - logger - INFO - Starting application...
2024-09-04 15:19:29,622 - logger - INFO - Application setup complete.
2024-09-04 15:19:58,940 - logger - INFO - Starting application...
2024-09-04 15:19:58,965 - logger - INFO - Application setup complete.
2024-09-04 15:19:59,042 - logger - INFO - Starting application...
2024-09-04 15:19:59,065 - logger - INFO - Application setup complete.
2024-09-04 15:24:02,461 - logger - INFO - Starting application...
2024-09-04 15:24:02,482 - logger - INFO - Application setup complete.
2024-09-04 15:24:02,557 - logger - INFO - Starting application...
2024-09-04 15:24:02,582 - logger - INFO - Application setup complete.
2024-09-04 15:24:23,119 - logger - INFO - Starting application...
2024-09-04 15:24:23,146 - logger - INFO - Application setup complete.
2024-09-04 15:24:23,220 - logger - INFO - Starting application...
2024-09-04 15:24:23,241 - logger - INFO - Application setup complete.
2024-09-04 15:25:54,144 - logger - INFO - Starting application...
2024-09-04 15:25:54,170 - logger - INFO - Application setup complete.
2024-09-04 15:25:54,239 - logger - INFO - Starting application...
2024-09-04 15:25:54,261 - logger - INFO - Application setup complete.
2024-09-04 15:26:27,236 - logger - INFO - Starting application...
2024-09-04 15:26:27,264 - logger - INFO - Application setup complete.
2024-09-04 15:26:27,340 - logger - INFO - Starting application...
2024-09-04 15:26:27,359 - logger - INFO - Application setup complete.
2024-09-04 15:26:48,319 - logger - INFO - Starting application...
2024-09-04 15:26:48,341 - logger - INFO - Application setup complete.
2024-09-04 15:26:48,433 - logger - INFO - Starting application...
2024-09-04 15:26:48,457 - logger - INFO - Application setup complete.
2024-09-04 15:28:43,860 - logger - INFO - Starting application...
2024-09-04 15:28:43,881 - logger - INFO - Application setup complete.
2024-09-04 15:28:43,951 - logger - INFO - Starting application...
2024-09-04 15:28:43,971 - logger - INFO - Application setup complete.
2024-09-04 15:29:10,879 - logger - INFO - Starting application...
2024-09-04 15:29:10,907 - logger - INFO - Application setup complete.
2024-09-04 15:29:10,990 - logger - INFO - Starting application...
2024-09-04 15:29:11,012 - logger - INFO - Application setup complete.
2024-09-04 15:32:13,809 - logger - INFO - Starting application...
2024-09-04 15:32:13,852 - logger - INFO - Application setup complete.
2024-09-04 15:32:13,945 - logger - INFO - Starting application...
2024-09-04 15:32:13,973 - logger - INFO - Application setup complete.
2024-09-04 15:37:40,021 - logger - INFO - Starting application...
2024-09-04 15:37:40,041 - logger - INFO - Application setup complete.
2024-09-04 15:37:40,120 - logger - INFO - Starting application...
2024-09-04 15:37:40,140 - logger - INFO - Application setup complete.
2024-09-04 15:39:11,900 - logger - INFO - Starting application...
2024-09-04 15:39:11,923 - logger - INFO - Application setup complete.
2024-09-04 15:39:11,997 - logger - INFO - Starting application...
2024-09-04 15:39:12,018 - logger - INFO - Application setup complete.
2024-09-04 15:39:47,116 - logger - INFO - Starting application...
2024-09-04 15:39:47,143 - logger - INFO - Application setup complete.
2024-09-04 15:39:47,214 - logger - INFO - Starting application...
2024-09-04 15:39:47,235 - logger - INFO - Application setup complete.
2024-09-04 15:40:23,698 - logger - INFO - Starting application...
2024-09-04 15:40:23,722 - logger - INFO - Application setup complete.
2024-09-04 15:40:23,792 - logger - INFO - Starting application...
2024-09-04 15:40:23,813 - logger - INFO - Application setup complete.
2024-09-04 15:41:34,125 - logger - INFO - Starting application...
2024-09-04 15:41:34,152 - logger - INFO - Application setup complete.
2024-09-04 15:41:34,224 - logger - INFO - Starting application...
2024-09-04 15:41:34,248 - logger - INFO - Application setup complete.
2024-09-04 15:41:43,638 - logger - INFO - Starting application...
2024-09-04 15:41:43,667 - logger - INFO - Application setup complete.
2024-09-04 15:41:43,767 - logger - INFO - Starting application...
2024-09-04 15:41:43,789 - logger - INFO - Application setup complete.
2024-09-04 15:42:56,543 - logger - INFO - Starting application...
2024-09-04 15:42:56,565 - logger - INFO - Application setup complete.
2024-09-04 15:42:56,624 - logger - INFO - Starting application...
2024-09-04 15:42:56,646 - logger - INFO - Application setup complete.
2024-09-04 15:43:57,237 - logger - INFO - Starting application...
2024-09-04 15:43:57,257 - logger - INFO - Application setup complete.
2024-09-04 15:43:57,312 - logger - INFO - Starting application...
2024-09-04 15:43:57,332 - logger - INFO - Application setup complete.
2024-09-04 15:44:23,510 - logger - INFO - Starting application...
2024-09-04 15:44:23,530 - logger - INFO - Application setup complete.
2024-09-04 15:44:23,598 - logger - INFO - Starting application...
2024-09-04 15:44:23,616 - logger - INFO - Application setup complete.
2024-09-04 15:44:35,857 - logger - INFO - Starting application...
2024-09-04 15:44:35,877 - logger - INFO - Application setup complete.
2024-09-04 15:44:35,955 - logger - INFO - Starting application...
2024-09-04 15:44:35,975 - logger - INFO - Application setup complete.
2024-09-04 15:44:52,430 - logger - INFO - Starting application...
2024-09-04 15:44:52,450 - logger - INFO - Application setup complete.
2024-09-04 15:44:52,526 - logger - INFO - Starting application...
2024-09-04 15:44:52,544 - logger - INFO - Application setup complete.
2024-09-04 15:45:07,539 - logger - INFO - Starting application...
2024-09-04 15:45:07,557 - logger - INFO - Application setup complete.
2024-09-04 15:45:07,607 - logger - INFO - Starting server...
2024-09-04 15:45:07,607 - logger - INFO - Server run at: http://localhost:8000...
2024-09-04 15:45:08,948 - logger - INFO - Starting application...
2024-09-04 15:45:08,970 - logger - INFO - Application setup complete.
2024-09-04 15:45:09,035 - logger - INFO - Starting application...
2024-09-04 15:45:09,060 - logger - INFO - Application setup complete.
2024-09-04 15:47:31,226 - logger - INFO - Starting application...
2024-09-04 15:47:31,250 - logger - INFO - Application setup complete.
2024-09-04 15:47:31,322 - logger - INFO - Starting application...
2024-09-04 15:47:31,341 - logger - INFO - Application setup complete.
2024-09-04 15:48:26,066 - logger - INFO - Starting application...
2024-09-04 15:48:26,093 - logger - INFO - Application setup complete.
2024-09-04 15:48:26,159 - logger - INFO - Starting application...
2024-09-04 15:48:26,180 - logger - INFO - Application setup complete.
2024-09-04 15:48:35,745 - logger - INFO - Starting application...
2024-09-04 15:48:35,764 - logger - INFO - Application setup complete.
2024-09-04 15:48:35,827 - logger - INFO - Starting application...
2024-09-04 15:48:35,851 - logger - INFO - Application setup complete.
2024-09-04 15:48:55,610 - logger - INFO - Starting application...
2024-09-04 15:48:55,630 - logger - INFO - Application setup complete.
2024-09-04 15:48:55,693 - logger - INFO - Starting application...
2024-09-04 15:48:55,714 - logger - INFO - Application setup complete.
2024-09-04 15:49:17,360 - logger - INFO - Starting application...
2024-09-04 15:49:17,382 - logger - INFO - Application setup complete.
2024-09-04 15:49:17,461 - logger - INFO - Starting application...
2024-09-04 15:49:17,482 - logger - INFO - Application setup complete.
2024-09-04 15:49:26,834 - logger - INFO - Starting application...
2024-09-04 15:49:26,859 - logger - INFO - Application setup complete.
2024-09-04 15:49:26,931 - logger - INFO - Starting application...
2024-09-04 15:49:26,957 - logger - INFO - Application setup complete.
2024-09-04 15:49:48,085 - logger - INFO - Starting application...
2024-09-04 15:49:48,103 - logger - INFO - Application setup complete.
2024-09-04 15:49:48,172 - logger - INFO - Starting application...
2024-09-04 15:49:48,199 - logger - INFO - Application setup complete.
2024-09-04 15:51:02,142 - logger - INFO - Starting application...
2024-09-04 15:51:02,163 - logger - INFO - Application setup complete.
2024-09-04 15:51:02,246 - logger - INFO - Starting application...
2024-09-04 15:51:02,268 - logger - INFO - Application setup complete.
2024-09-04 15:52:01,245 - logger - INFO - Starting application...
2024-09-04 15:52:01,267 - logger - INFO - Application setup complete.
2024-09-04 15:52:01,334 - logger - INFO - Starting application...
2024-09-04 15:52:01,353 - logger - INFO - Application setup complete.
2024-09-04 15:52:54,054 - logger - INFO - Starting application...
2024-09-04 15:52:54,077 - logger - INFO - Application setup complete.
2024-09-04 15:52:54,142 - logger - INFO - Starting application...
2024-09-04 15:52:54,172 - logger - INFO - Application setup complete.
2024-09-04 15:54:23,025 - logger - INFO - Starting application...
2024-09-04 15:54:23,044 - logger - INFO - Application setup complete.
2024-09-04 15:54:23,210 - logger - INFO - Starting application...
2024-09-04 15:54:23,248 - logger - INFO - Application setup complete.
2024-09-04 15:55:33,859 - logger - INFO - Starting application...
2024-09-04 15:55:33,880 - logger - INFO - Application setup complete.
2024-09-04 15:55:33,950 - logger - INFO - Starting application...
2024-09-04 15:55:33,970 - logger - INFO - Application setup complete.
2024-09-04 15:56:33,540 - logger - INFO - Starting application...
2024-09-04 15:56:33,561 - logger - INFO - Application setup complete.
2024-09-04 15:56:33,648 - logger - INFO - Starting application...
2024-09-04 15:56:33,672 - logger - INFO - Application setup complete.
2024-09-04 15:58:53,123 - logger - INFO - Starting application...
2024-09-04 15:58:53,143 - logger - INFO - Application setup complete.
2024-09-04 15:58:53,213 - logger - INFO - Starting application...
2024-09-04 15:58:53,237 - logger - INFO - Application setup complete.
2024-09-04 15:59:38,175 - logger - INFO - Starting application...
2024-09-04 15:59:38,201 - logger - INFO - Application setup complete.
2024-09-04 15:59:38,273 - logger - INFO - Starting application...
2024-09-04 15:59:38,295 - logger - INFO - Application setup complete.
2024-09-04 16:00:13,806 - logger - INFO - Starting application...
2024-09-04 16:00:13,825 - logger - INFO - Application setup complete.
2024-09-04 16:00:13,895 - logger - INFO - Starting application...
2024-09-04 16:00:13,931 - logger - INFO - Application setup complete.
2024-09-04 16:00:54,119 - logger - INFO - Starting application...
2024-09-04 16:00:54,145 - logger - INFO - Application setup complete.
2024-09-04 16:00:54,222 - logger - INFO - Starting application...
2024-09-04 16:00:54,250 - logger - INFO - Application setup complete.
2024-09-04 16:01:34,554 - logger - INFO - Starting application...
2024-09-04 16:01:34,586 - logger - INFO - Application setup complete.
2024-09-04 16:01:34,658 - logger - INFO - Starting application...
2024-09-04 16:01:34,686 - logger - INFO - Application setup complete.
2024-09-04 16:01:49,631 - logger - INFO - Starting application...
2024-09-04 16:01:49,654 - logger - INFO - Application setup complete.
2024-09-04 16:01:49,739 - logger - INFO - Starting application...
2024-09-04 16:01:49,773 - logger - INFO - Application setup complete.
2024-09-04 16:02:13,761 - logger - INFO - Starting application...
2024-09-04 16:02:13,780 - logger - INFO - Application setup complete.
2024-09-04 16:02:13,838 - logger - INFO - Starting application...
2024-09-04 16:02:13,856 - logger - INFO - Application setup complete.
2024-09-04 16:03:08,788 - logger - INFO - Starting application...
2024-09-04 16:03:08,811 - logger - INFO - Application setup complete.
2024-09-04 16:03:08,866 - logger - INFO - Starting application...
2024-09-04 16:03:08,887 - logger - INFO - Application setup complete.
2024-09-04 16:04:59,663 - logger - INFO - Starting application...
2024-09-04 16:04:59,696 - logger - INFO - Application setup complete.
2024-09-04 16:04:59,778 - logger - INFO - Starting application...
2024-09-04 16:04:59,798 - logger - INFO - Application setup complete.
2024-09-04 16:05:53,503 - logger - INFO - Starting application...
2024-09-04 16:05:53,524 - logger - INFO - Application setup complete.
2024-09-04 16:05:53,607 - logger - INFO - Starting application...
2024-09-04 16:05:53,631 - logger - INFO - Application setup complete.
2024-09-04 16:06:23,929 - logger - INFO - Starting application...
2024-09-04 16:06:23,949 - logger - INFO - Application setup complete.
2024-09-04 16:06:24,012 - logger - INFO - Starting application...
2024-09-04 16:06:24,031 - logger - INFO - Application setup complete.
2024-09-04 16:09:26,339 - logger - INFO - Starting application...
2024-09-04 16:09:26,362 - logger - INFO - Application setup complete.
2024-09-04 16:09:26,428 - logger - INFO - Starting application...
2024-09-04 16:09:26,453 - logger - INFO - Application setup complete.
2024-09-04 16:09:53,103 - logger - INFO - Starting application...
2024-09-04 16:09:53,128 - logger - INFO - Application setup complete.
2024-09-04 16:09:53,201 - logger - INFO - Starting application...
2024-09-04 16:09:53,222 - logger - INFO - Application setup complete.
2024-09-04 16:11:15,627 - logger - INFO - Starting application...
2024-09-04 16:11:15,658 - logger - INFO - Application setup complete.
2024-09-04 16:11:15,725 - logger - INFO - Starting application...
2024-09-04 16:11:15,748 - logger - INFO - Application setup complete.
2024-09-04 16:13:13,175 - logger - INFO - Starting application...
2024-09-04 16:13:13,204 - logger - INFO - Application setup complete.
2024-09-04 16:13:13,292 - logger - INFO - Starting application...
2024-09-04 16:13:13,309 - logger - INFO - Application setup complete.
2024-09-04 16:14:01,887 - logger - INFO - Starting application...
2024-09-04 16:14:01,916 - logger - INFO - Application setup complete.
2024-09-04 16:14:01,997 - logger - INFO - Starting application...
2024-09-04 16:14:02,019 - logger - INFO - Application setup complete.
2024-09-04 16:14:36,484 - logger - INFO - Starting application...
2024-09-04 16:14:36,506 - logger - INFO - Application setup complete.
2024-09-04 16:14:36,580 - logger - INFO - Starting application...
2024-09-04 16:14:36,600 - logger - INFO - Application setup complete.
2024-09-04 16:14:51,071 - logger - INFO - Starting application...
2024-09-04 16:14:51,095 - logger - INFO - Application setup complete.
2024-09-04 16:14:51,166 - logger - INFO - Starting application...
2024-09-04 16:14:51,187 - logger - INFO - Application setup complete.
2024-09-04 16:15:05,130 - logger - INFO - Starting application...
2024-09-04 16:15:05,151 - logger - INFO - Application setup complete.
2024-09-04 16:15:05,215 - logger - INFO - Starting application...
2024-09-04 16:15:05,239 - logger - INFO - Application setup complete.
2024-09-04 16:15:28,850 - logger - INFO - Starting application...
2024-09-04 16:15:28,873 - logger - INFO - Application setup complete.
2024-09-04 16:15:28,949 - logger - INFO - Starting application...
2024-09-04 16:15:28,970 - logger - INFO - Application setup complete.
2024-09-04 16:15:47,902 - logger - INFO - Starting application...
2024-09-04 16:15:47,924 - logger - INFO - Application setup complete.
2024-09-04 16:15:47,987 - logger - INFO - Starting application...
2024-09-04 16:15:48,008 - logger - INFO - Application setup complete.
2024-09-04 16:16:02,867 - logger - INFO - Starting application...
2024-09-04 16:16:02,889 - logger - INFO - Application setup complete.
2024-09-04 16:16:02,962 - logger - INFO - Starting application...
2024-09-04 16:16:02,983 - logger - INFO - Application setup complete.
2024-09-04 16:16:49,815 - logger - INFO - Starting application...
2024-09-04 16:16:49,844 - logger - INFO - Application setup complete.
2024-09-04 16:16:49,931 - logger - INFO - Starting application...
2024-09-04 16:16:49,957 - logger - INFO - Application setup complete.
2024-09-04 16:18:13,092 - logger - INFO - Starting application...
2024-09-04 16:18:13,110 - logger - INFO - Application setup complete.
2024-09-04 16:18:13,179 - logger - INFO - Starting application...
2024-09-04 16:18:13,199 - logger - INFO - Application setup complete.
2024-09-04 16:21:35,812 - logger - INFO - Starting application...
2024-09-04 16:21:35,833 - logger - INFO - Application setup complete.
2024-09-04 16:21:35,913 - logger - INFO - Starting application...
2024-09-04 16:21:35,932 - logger - INFO - Application setup complete.
2024-09-04 16:23:47,930 - logger - INFO - Starting application...
2024-09-04 16:23:47,951 - logger - INFO - Application setup complete.
2024-09-04 16:23:48,018 - logger - INFO - Starting application...
2024-09-04 16:23:48,036 - logger - INFO - Application setup complete.
2024-09-04 16:33:39,306 - logger - INFO - Starting application...
2024-09-04 16:33:39,332 - logger - INFO - Application setup complete.
2024-09-04 16:33:39,431 - logger - INFO - Starting application...
2024-09-04 16:33:39,457 - logger - INFO - Application setup complete.
2024-09-04 16:37:07,275 - logger - INFO - Starting application...
2024-09-04 16:37:07,294 - logger - INFO - Application setup complete.
2024-09-04 16:37:07,358 - logger - INFO - Starting application...
2024-09-04 16:37:07,377 - logger - INFO - Application setup complete.
2024-09-04 16:38:45,907 - logger - INFO - Starting application...
2024-09-04 16:38:45,954 - logger - INFO - Application setup complete.
2024-09-04 16:38:46,056 - logger - INFO - Starting application...
2024-09-04 16:38:46,075 - logger - INFO - Application setup complete.
2024-09-04 16:43:21,323 - logger - INFO - Starting application...
2024-09-04 16:43:21,345 - logger - INFO - Application setup complete.
2024-09-04 16:43:21,416 - logger - INFO - Starting application...
2024-09-04 16:43:21,436 - logger - INFO - Application setup complete.
2024-09-04 16:43:34,580 - logger - INFO - Starting application...
2024-09-04 16:43:34,601 - logger - INFO - Application setup complete.
2024-09-04 16:43:34,674 - logger - INFO - Starting application...
2024-09-04 16:43:34,693 - logger - INFO - Application setup complete.
2024-09-04 16:46:32,627 - logger - INFO - Starting application...
2024-09-04 16:46:32,658 - logger - INFO - Application setup complete.
2024-09-04 16:46:32,730 - logger - INFO - Starting application...
2024-09-04 16:46:32,752 - logger - INFO - Application setup complete.
2024-09-04 16:46:53,657 - logger - INFO - Starting application...
2024-09-04 16:46:53,677 - logger - INFO - Application setup complete.
2024-09-04 16:46:53,766 - logger - INFO - Starting application...
2024-09-04 16:46:53,786 - logger - INFO - Application setup complete.
2024-09-04 16:47:11,432 - logger - INFO - Starting application...
2024-09-04 16:47:11,452 - logger - INFO - Application setup complete.
2024-09-04 16:47:11,514 - logger - INFO - Starting application...
2024-09-04 16:47:11,533 - logger - INFO - Application setup complete.
2024-09-04 16:47:50,667 - logger - INFO - Starting application...
2024-09-04 16:47:50,693 - logger - INFO - Application setup complete.
2024-09-04 16:47:50,771 - logger - INFO - Starting application...
2024-09-04 16:47:50,790 - logger - INFO - Application setup complete.
2024-09-04 16:48:25,867 - logger - INFO - Starting application...
2024-09-04 16:48:25,891 - logger - INFO - Application setup complete.
2024-09-04 16:48:25,971 - logger - INFO - Starting application...
2024-09-04 16:48:25,994 - logger - INFO - Application setup complete.
2024-09-04 16:49:08,888 - logger - INFO - Starting application...
2024-09-04 16:49:08,909 - logger - INFO - Application setup complete.
2024-09-04 16:49:08,978 - logger - INFO - Starting application...
2024-09-04 16:49:08,998 - logger - INFO - Application setup complete.
2024-09-04 16:49:52,875 - logger - INFO - Starting application...
2024-09-04 16:49:52,897 - logger - INFO - Application setup complete.
2024-09-04 16:49:52,977 - logger - INFO - Starting application...
2024-09-04 16:49:53,004 - logger - INFO - Application setup complete.
2024-09-04 16:51:41,003 - logger - INFO - Starting application...
2024-09-04 16:51:41,026 - logger - INFO - Application setup complete.
2024-09-04 16:51:41,093 - logger - INFO - Starting application...
2024-09-04 16:51:41,114 - logger - INFO - Application setup complete.
2024-09-04 16:53:20,161 - logger - INFO - Starting application...
2024-09-04 16:53:20,188 - logger - INFO - Application setup complete.
2024-09-04 16:53:20,266 - logger - INFO - Starting application...
2024-09-04 16:53:20,291 - logger - INFO - Application setup complete.
2024-09-04 16:54:18,510 - logger - INFO - Starting application...
2024-09-04 16:54:18,529 - logger - INFO - Application setup complete.
2024-09-04 16:54:18,587 - logger - INFO - Starting application...
2024-09-04 16:54:18,607 - logger - INFO - Application setup complete.
2024-09-04 16:56:18,264 - logger - INFO - Starting application...
2024-09-04 16:56:18,286 - logger - INFO - Application setup complete.
2024-09-04 16:56:18,378 - logger - INFO - Starting application...
2024-09-04 16:56:18,397 - logger - INFO - Application setup complete.
2024-09-04 16:56:44,298 - logger - INFO - Starting application...
2024-09-04 16:56:44,326 - logger - INFO - Application setup complete.
2024-09-04 16:56:44,403 - logger - INFO - Starting application...
2024-09-04 16:56:44,428 - logger - INFO - Application setup complete.
2024-09-04 16:57:00,921 - logger - INFO - Starting application...
2024-09-04 16:57:00,945 - logger - INFO - Application setup complete.
2024-09-04 16:57:01,038 - logger - INFO - Starting application...
2024-09-04 16:57:01,065 - logger - INFO - Application setup complete.
2024-09-04 16:57:26,842 - logger - INFO - Starting application...
2024-09-04 16:57:26,862 - logger - INFO - Application setup complete.
2024-09-04 16:57:26,930 - logger - INFO - Starting application...
2024-09-04 16:57:26,948 - logger - INFO - Application setup complete.
2024-09-04 16:57:52,349 - logger - INFO - Starting application...
2024-09-04 16:57:52,373 - logger - INFO - Application setup complete.
2024-09-04 16:57:52,449 - logger - INFO - Starting application...
2024-09-04 16:57:52,471 - logger - INFO - Application setup complete.
2024-09-04 16:58:21,931 - logger - INFO - Starting application...
2024-09-04 16:58:21,955 - logger - INFO - Application setup complete.
2024-09-04 16:58:22,031 - logger - INFO - Starting application...
2024-09-04 16:58:22,053 - logger - INFO - Application setup complete.
2024-09-04 16:58:34,153 - logger - INFO - Starting application...
2024-09-04 16:58:34,177 - logger - INFO - Application setup complete.
2024-09-04 16:58:34,244 - logger - INFO - Starting application...
2024-09-04 16:58:34,267 - logger - INFO - Application setup complete.
2024-09-04 17:00:40,222 - logger - INFO - Starting application...
2024-09-04 17:00:40,249 - logger - INFO - Application setup complete.
2024-09-04 17:00:40,333 - logger - INFO - Starting application...
2024-09-04 17:00:40,353 - logger - INFO - Application setup complete.
2024-09-04 17:02:57,515 - logger - INFO - Starting application...
2024-09-04 17:02:57,539 - logger - INFO - Application setup complete.
2024-09-04 17:02:57,614 - logger - INFO - Starting application...
2024-09-04 17:02:57,637 - logger - INFO - Application setup complete.
2024-09-04 17:03:26,048 - logger - INFO - Starting application...
2024-09-04 17:03:26,074 - logger - INFO - Application setup complete.
2024-09-04 17:03:26,147 - logger - INFO - Starting application...
2024-09-04 17:03:26,171 - logger - INFO - Application setup complete.
2024-09-04 17:08:04,876 - logger - INFO - Starting application...
2024-09-04 17:08:04,902 - logger - INFO - Application setup complete.
2024-09-04 17:08:04,979 - logger - INFO - Starting application...
2024-09-04 17:08:05,000 - logger - INFO - Application setup complete.
2024-09-04 17:08:50,233 - logger - INFO - Starting application...
2024-09-04 17:08:50,265 - logger - INFO - Application setup complete.
2024-09-04 17:08:50,343 - logger - INFO - Starting application...
2024-09-04 17:08:50,369 - logger - INFO - Application setup complete.
2024-09-04 17:11:32,230 - logger - INFO - Starting application...
2024-09-04 17:11:32,266 - logger - INFO - Application setup complete.
2024-09-04 17:11:32,340 - logger - INFO - Starting application...
2024-09-04 17:11:32,359 - logger - INFO - Application setup complete.
