2024-08-29 08:05:50,434 - logger - INFO - Starting application...
2024-08-29 08:05:50,451 - logger - INFO - Application setup complete.
2024-08-29 08:05:50,526 - logger - INFO - Starting server...
2024-08-29 08:05:50,526 - logger - INFO - Server run at: http://localhost:8000...
2024-08-29 08:05:52,005 - logger - INFO - Starting application...
2024-08-29 08:05:52,023 - logger - INFO - Application setup complete.
2024-08-29 08:05:52,210 - logger - INFO - Starting application...
2024-08-29 08:05:52,227 - logger - INFO - Application setup complete.
2024-08-29 08:06:35,789 - logger - INFO - Starting application...
2024-08-29 08:06:35,811 - logger - INFO - Application setup complete.
2024-08-29 08:06:35,889 - logger - INFO - Starting application...
2024-08-29 08:06:35,905 - logger - INFO - Application setup complete.
2024-08-29 08:07:07,960 - logger - INFO - Starting application...
2024-08-29 08:07:07,978 - logger - INFO - Application setup complete.
2024-08-29 08:07:08,043 - logger - INFO - Starting application...
2024-08-29 08:07:08,058 - logger - INFO - Application setup complete.
2024-08-29 08:08:14,555 - logger - INFO - Starting application...
2024-08-29 08:08:14,576 - logger - INFO - Application setup complete.
2024-08-29 08:08:14,642 - logger - INFO - Starting application...
2024-08-29 08:08:14,658 - logger - INFO - Application setup complete.
2024-08-29 08:09:11,877 - logger - INFO - Starting application...
2024-08-29 08:09:11,893 - logger - INFO - Application setup complete.
2024-08-29 08:09:11,968 - logger - INFO - Starting application...
2024-08-29 08:09:11,987 - logger - INFO - Application setup complete.
2024-08-29 08:12:20,739 - logger - INFO - Starting application...
2024-08-29 08:12:20,760 - logger - INFO - Application setup complete.
2024-08-29 08:12:20,841 - logger - INFO - Starting application...
2024-08-29 08:12:20,864 - logger - INFO - Application setup complete.
2024-08-29 08:12:31,441 - logger - INFO - Starting application...
2024-08-29 08:12:31,462 - logger - INFO - Application setup complete.
2024-08-29 08:12:31,529 - logger - INFO - Starting application...
2024-08-29 08:12:31,547 - logger - INFO - Application setup complete.
2024-08-29 08:13:02,395 - logger - INFO - Starting application...
2024-08-29 08:13:02,415 - logger - INFO - Application setup complete.
2024-08-29 08:13:02,489 - logger - INFO - Starting application...
2024-08-29 08:13:02,508 - logger - INFO - Application setup complete.
2024-08-29 08:19:27,487 - logger - INFO - Starting application...
2024-08-29 08:19:27,508 - logger - INFO - Application setup complete.
2024-08-29 08:19:27,602 - logger - INFO - Starting application...
2024-08-29 08:19:27,623 - logger - INFO - Application setup complete.
2024-08-29 08:22:03,618 - logger - INFO - Starting application...
2024-08-29 08:22:03,633 - logger - INFO - Application setup complete.
2024-08-29 08:22:03,712 - logger - INFO - Starting application...
2024-08-29 08:22:03,727 - logger - INFO - Application setup complete.
2024-08-29 08:22:26,175 - logger - INFO - Starting application...
2024-08-29 08:22:26,192 - logger - INFO - Application setup complete.
2024-08-29 08:22:26,260 - logger - INFO - Starting application...
2024-08-29 08:22:26,275 - logger - INFO - Application setup complete.
2024-08-29 08:23:58,615 - logger - INFO - Starting application...
2024-08-29 08:23:58,636 - logger - INFO - Application setup complete.
2024-08-29 08:23:58,708 - logger - INFO - Starting application...
2024-08-29 08:23:58,724 - logger - INFO - Application setup complete.
2024-08-29 08:24:58,717 - logger - INFO - Starting application...
2024-08-29 08:24:58,735 - logger - INFO - Application setup complete.
2024-08-29 08:24:58,793 - logger - INFO - Starting application...
2024-08-29 08:24:58,809 - logger - INFO - Application setup complete.
2024-08-29 08:25:16,015 - logger - INFO - Starting application...
2024-08-29 08:25:16,036 - logger - INFO - Application setup complete.
2024-08-29 08:25:16,107 - logger - INFO - Starting application...
2024-08-29 08:25:16,126 - logger - INFO - Application setup complete.
2024-08-29 08:25:26,490 - logger - INFO - Starting application...
2024-08-29 08:25:26,511 - logger - INFO - Application setup complete.
2024-08-29 08:25:26,578 - logger - INFO - Starting application...
2024-08-29 08:25:26,594 - logger - INFO - Application setup complete.
2024-08-29 08:27:46,639 - logger - INFO - Starting application...
2024-08-29 08:27:46,654 - logger - INFO - Application setup complete.
2024-08-29 08:27:46,723 - logger - INFO - Starting application...
2024-08-29 08:27:46,741 - logger - INFO - Application setup complete.
2024-08-29 08:27:59,506 - logger - INFO - Starting application...
2024-08-29 08:27:59,523 - logger - INFO - Application setup complete.
2024-08-29 08:27:59,619 - logger - INFO - Starting application...
2024-08-29 08:27:59,642 - logger - INFO - Application setup complete.
2024-08-29 08:30:09,398 - logger - INFO - Starting application...
2024-08-29 08:30:09,416 - logger - INFO - Application setup complete.
2024-08-29 08:30:09,473 - logger - INFO - Starting application...
2024-08-29 08:30:09,490 - logger - INFO - Application setup complete.
2024-08-29 08:30:26,617 - logger - INFO - Starting application...
2024-08-29 08:30:26,631 - logger - INFO - Application setup complete.
2024-08-29 08:30:26,699 - logger - INFO - Starting application...
2024-08-29 08:30:26,717 - logger - INFO - Application setup complete.
2024-08-29 08:32:10,011 - logger - INFO - Starting application...
2024-08-29 08:32:10,028 - logger - INFO - Application setup complete.
2024-08-29 08:32:10,096 - logger - INFO - Starting application...
2024-08-29 08:32:10,111 - logger - INFO - Application setup complete.
2024-08-29 08:32:49,269 - logger - INFO - Starting application...
2024-08-29 08:32:49,294 - logger - INFO - Application setup complete.
2024-08-29 08:32:49,384 - logger - INFO - Starting application...
2024-08-29 08:32:49,403 - logger - INFO - Application setup complete.
2024-08-29 08:33:40,734 - logger - INFO - Starting application...
2024-08-29 08:33:40,755 - logger - INFO - Application setup complete.
2024-08-29 08:33:40,841 - logger - INFO - Starting application...
2024-08-29 08:33:40,866 - logger - INFO - Application setup complete.
2024-08-29 08:33:53,911 - logger - INFO - Starting application...
2024-08-29 08:33:53,931 - logger - INFO - Application setup complete.
2024-08-29 08:33:54,008 - logger - INFO - Starting application...
2024-08-29 08:33:54,024 - logger - INFO - Application setup complete.
2024-08-29 08:34:08,144 - logger - INFO - Starting application...
2024-08-29 08:34:08,160 - logger - INFO - Application setup complete.
2024-08-29 08:34:08,252 - logger - INFO - Starting application...
2024-08-29 08:34:08,268 - logger - INFO - Application setup complete.
2024-08-29 08:34:35,969 - logger - INFO - Starting application...
2024-08-29 08:34:35,992 - logger - INFO - Application setup complete.
2024-08-29 08:34:36,055 - logger - INFO - Starting application...
2024-08-29 08:34:36,070 - logger - INFO - Application setup complete.
2024-08-29 08:36:27,174 - logger - INFO - Starting application...
2024-08-29 08:36:27,205 - logger - INFO - Application setup complete.
2024-08-29 08:36:27,312 - logger - INFO - Starting application...
2024-08-29 08:36:27,331 - logger - INFO - Application setup complete.
2024-08-29 08:37:17,776 - logger - INFO - Starting application...
2024-08-29 08:37:17,794 - logger - INFO - Application setup complete.
2024-08-29 08:37:17,858 - logger - INFO - Starting application...
2024-08-29 08:37:17,873 - logger - INFO - Application setup complete.
2024-08-29 08:39:23,612 - logger - INFO - Starting application...
2024-08-29 08:39:23,627 - logger - INFO - Application setup complete.
2024-08-29 08:39:23,700 - logger - INFO - Starting application...
2024-08-29 08:39:23,717 - logger - INFO - Application setup complete.
2024-08-29 08:47:32,658 - logger - INFO - Starting application...
2024-08-29 08:47:32,682 - logger - INFO - Application setup complete.
2024-08-29 08:47:32,750 - logger - INFO - Starting application...
2024-08-29 08:47:32,768 - logger - INFO - Application setup complete.
2024-08-29 08:47:47,600 - logger - INFO - Starting application...
2024-08-29 08:47:47,617 - logger - INFO - Application setup complete.
2024-08-29 08:47:47,679 - logger - INFO - Starting application...
2024-08-29 08:47:47,695 - logger - INFO - Application setup complete.
2024-08-29 08:48:52,170 - logger - INFO - Starting application...
2024-08-29 08:48:52,185 - logger - INFO - Application setup complete.
2024-08-29 08:48:52,252 - logger - INFO - Starting application...
2024-08-29 08:48:52,268 - logger - INFO - Application setup complete.
2024-08-29 08:49:22,106 - logger - INFO - Starting application...
2024-08-29 08:49:22,121 - logger - INFO - Application setup complete.
2024-08-29 08:49:22,205 - logger - INFO - Starting application...
2024-08-29 08:49:22,227 - logger - INFO - Application setup complete.
2024-08-29 08:49:37,490 - logger - INFO - Starting application...
2024-08-29 08:49:37,506 - logger - INFO - Application setup complete.
2024-08-29 08:49:37,585 - logger - INFO - Starting application...
2024-08-29 08:49:37,601 - logger - INFO - Application setup complete.
2024-08-29 08:53:09,188 - logger - INFO - Starting application...
2024-08-29 08:53:09,204 - logger - INFO - Application setup complete.
2024-08-29 08:53:09,272 - logger - INFO - Starting application...
2024-08-29 08:53:09,289 - logger - INFO - Application setup complete.
2024-08-29 08:53:27,558 - logger - INFO - Starting application...
2024-08-29 08:53:27,573 - logger - INFO - Application setup complete.
2024-08-29 08:53:27,635 - logger - INFO - Starting application...
2024-08-29 08:53:27,650 - logger - INFO - Application setup complete.
2024-08-29 08:53:33,767 - logger - INFO - Starting application...
2024-08-29 08:53:33,787 - logger - INFO - Application setup complete.
2024-08-29 08:53:33,867 - logger - INFO - Starting application...
2024-08-29 08:53:33,887 - logger - INFO - Application setup complete.
2024-08-29 09:01:01,837 - logger - INFO - Starting application...
2024-08-29 09:01:01,853 - logger - INFO - Application setup complete.
2024-08-29 09:01:01,904 - logger - INFO - Starting server...
2024-08-29 09:01:01,905 - logger - INFO - Server run at: http://localhost:8000...
2024-08-29 09:01:03,472 - logger - INFO - Starting application...
2024-08-29 09:01:03,499 - logger - INFO - Application setup complete.
2024-08-29 09:01:03,582 - logger - INFO - Starting application...
2024-08-29 09:01:03,603 - logger - INFO - Application setup complete.
2024-08-29 09:11:50,113 - logger - INFO - Starting application...
2024-08-29 09:11:50,128 - logger - INFO - Application setup complete.
2024-08-29 09:11:50,207 - logger - INFO - Starting application...
2024-08-29 09:11:50,232 - logger - INFO - Application setup complete.
2024-08-29 09:16:15,014 - logger - INFO - Starting application...
2024-08-29 09:16:15,027 - logger - INFO - Application setup complete.
2024-08-29 09:16:15,070 - logger - INFO - Starting server...
2024-08-29 09:16:15,070 - logger - INFO - Server run at: http://localhost:8000...
2024-08-29 09:16:16,488 - logger - INFO - Starting application...
2024-08-29 09:16:16,506 - logger - INFO - Application setup complete.
2024-08-29 09:16:16,569 - logger - INFO - Starting application...
2024-08-29 09:16:16,583 - logger - INFO - Application setup complete.
2024-08-29 09:19:07,053 - logger - INFO - Starting application...
2024-08-29 09:19:07,074 - logger - INFO - Application setup complete.
2024-08-29 09:19:07,152 - logger - INFO - Starting application...
2024-08-29 09:19:07,174 - logger - INFO - Application setup complete.
2024-08-29 09:20:18,052 - logger - INFO - Starting application...
2024-08-29 09:20:18,073 - logger - INFO - Application setup complete.
2024-08-29 09:20:18,146 - logger - INFO - Starting application...
2024-08-29 09:20:18,164 - logger - INFO - Application setup complete.
2024-08-29 09:46:04,585 - logger - INFO - Starting application...
2024-08-29 09:46:04,607 - logger - INFO - Application setup complete.
2024-08-29 09:46:04,676 - logger - INFO - Starting application...
2024-08-29 09:46:04,692 - logger - INFO - Application setup complete.
2024-08-29 09:47:19,492 - logger - INFO - Starting application...
2024-08-29 09:47:19,508 - logger - INFO - Application setup complete.
2024-08-29 09:47:19,576 - logger - INFO - Starting application...
2024-08-29 09:47:19,597 - logger - INFO - Application setup complete.
2024-08-29 09:50:19,644 - logger - INFO - Starting application...
2024-08-29 09:50:19,673 - logger - INFO - Application setup complete.
2024-08-29 09:50:19,781 - logger - INFO - Starting application...
2024-08-29 09:50:19,802 - logger - INFO - Application setup complete.
2024-08-29 09:51:28,617 - logger - INFO - Starting application...
2024-08-29 09:51:28,638 - logger - INFO - Application setup complete.
2024-08-29 09:51:28,684 - logger - INFO - Starting server...
2024-08-29 09:51:28,686 - logger - INFO - Server run at: http://localhost:8000...
2024-08-29 09:51:30,153 - logger - INFO - Starting application...
2024-08-29 09:51:30,174 - logger - INFO - Application setup complete.
2024-08-29 09:51:30,245 - logger - INFO - Starting application...
2024-08-29 09:51:30,267 - logger - INFO - Application setup complete.
2024-08-29 09:53:13,754 - logger - INFO - Starting application...
2024-08-29 09:53:13,787 - logger - INFO - Application setup complete.
2024-08-29 09:53:13,873 - logger - INFO - Starting server...
2024-08-29 09:53:13,875 - logger - INFO - Server run at: http://localhost:8000...
2024-08-29 09:53:15,573 - logger - INFO - Starting application...
2024-08-29 09:53:15,597 - logger - INFO - Application setup complete.
2024-08-29 09:53:15,679 - logger - INFO - Starting application...
2024-08-29 09:53:15,703 - logger - INFO - Application setup complete.
2024-08-29 10:00:46,613 - logger - INFO - Starting application...
2024-08-29 10:00:46,634 - logger - INFO - Application setup complete.
2024-08-29 10:00:46,677 - logger - INFO - Starting server...
2024-08-29 10:00:46,677 - logger - INFO - Server run at: http://localhost:8000...
2024-08-29 10:00:48,380 - logger - INFO - Starting application...
2024-08-29 10:00:48,396 - logger - INFO - Application setup complete.
2024-08-29 10:00:48,479 - logger - INFO - Starting application...
2024-08-29 10:00:48,500 - logger - INFO - Application setup complete.
2024-08-29 10:02:44,914 - logger - INFO - Starting application...
2024-08-29 10:02:44,934 - logger - INFO - Application setup complete.
2024-08-29 10:02:45,018 - logger - INFO - Starting application...
2024-08-29 10:02:45,042 - logger - INFO - Application setup complete.
2024-08-29 10:08:21,793 - logger - INFO - Starting application...
2024-08-29 10:08:21,812 - logger - INFO - Application setup complete.
2024-08-29 10:08:21,903 - logger - INFO - Starting application...
2024-08-29 10:08:21,927 - logger - INFO - Application setup complete.
2024-08-29 10:09:40,255 - logger - INFO - Starting application...
2024-08-29 10:09:40,273 - logger - INFO - Application setup complete.
2024-08-29 10:09:40,359 - logger - INFO - Starting application...
2024-08-29 10:09:40,380 - logger - INFO - Application setup complete.
2024-08-29 10:09:52,613 - logger - INFO - Starting application...
2024-08-29 10:09:52,643 - logger - INFO - Application setup complete.
2024-08-29 10:09:52,733 - logger - INFO - Starting application...
2024-08-29 10:09:52,754 - logger - INFO - Application setup complete.
2024-08-29 10:10:43,386 - logger - INFO - Starting application...
2024-08-29 10:10:43,406 - logger - INFO - Application setup complete.
2024-08-29 10:10:43,472 - logger - INFO - Starting application...
2024-08-29 10:10:43,488 - logger - INFO - Application setup complete.
2024-08-29 10:10:49,920 - logger - INFO - Starting application...
2024-08-29 10:10:49,941 - logger - INFO - Application setup complete.
2024-08-29 10:10:50,014 - logger - INFO - Starting application...
2024-08-29 10:10:50,029 - logger - INFO - Application setup complete.
2024-08-29 10:11:36,223 - logger - INFO - Starting application...
2024-08-29 10:11:36,243 - logger - INFO - Application setup complete.
2024-08-29 10:11:36,310 - logger - INFO - Starting application...
2024-08-29 10:11:36,332 - logger - INFO - Application setup complete.
2024-08-29 10:12:11,163 - logger - INFO - Starting application...
2024-08-29 10:12:11,178 - logger - INFO - Application setup complete.
2024-08-29 10:12:11,248 - logger - INFO - Starting application...
2024-08-29 10:12:11,267 - logger - INFO - Application setup complete.
2024-08-29 10:12:49,873 - logger - INFO - Starting application...
2024-08-29 10:12:49,894 - logger - INFO - Application setup complete.
2024-08-29 10:12:49,963 - logger - INFO - Starting application...
2024-08-29 10:12:49,981 - logger - INFO - Application setup complete.
2024-08-29 10:15:06,400 - logger - INFO - Starting application...
2024-08-29 10:15:06,413 - logger - INFO - Application setup complete.
2024-08-29 10:15:06,466 - logger - INFO - Starting server...
2024-08-29 10:15:06,467 - logger - INFO - Server run at: http://localhost:8000...
2024-08-29 10:15:08,030 - logger - INFO - Starting application...
2024-08-29 10:15:08,046 - logger - INFO - Application setup complete.
2024-08-29 10:15:08,133 - logger - INFO - Starting application...
2024-08-29 10:15:08,150 - logger - INFO - Application setup complete.
2024-08-29 10:17:02,003 - logger - INFO - Starting application...
2024-08-29 10:17:02,025 - logger - INFO - Application setup complete.
2024-08-29 10:17:02,093 - logger - INFO - Starting application...
2024-08-29 10:17:02,112 - logger - INFO - Application setup complete.
2024-08-29 10:17:53,753 - logger - INFO - Starting application...
2024-08-29 10:17:53,774 - logger - INFO - Application setup complete.
2024-08-29 10:17:53,837 - logger - INFO - Starting application...
2024-08-29 10:17:53,862 - logger - INFO - Application setup complete.
2024-08-29 10:19:58,063 - logger - INFO - Starting application...
2024-08-29 10:19:58,093 - logger - INFO - Application setup complete.
2024-08-29 10:19:58,173 - logger - INFO - Starting application...
2024-08-29 10:19:58,192 - logger - INFO - Application setup complete.
2024-08-29 10:20:49,546 - logger - INFO - Starting application...
2024-08-29 10:20:49,564 - logger - INFO - Application setup complete.
2024-08-29 10:20:49,635 - logger - INFO - Starting application...
2024-08-29 10:20:49,653 - logger - INFO - Application setup complete.
2024-08-29 10:20:59,502 - logger - INFO - Starting application...
2024-08-29 10:20:59,523 - logger - INFO - Application setup complete.
2024-08-29 10:20:59,590 - logger - INFO - Starting application...
2024-08-29 10:20:59,604 - logger - INFO - Application setup complete.
2024-08-29 10:21:08,111 - logger - INFO - Starting application...
2024-08-29 10:21:08,127 - logger - INFO - Application setup complete.
2024-08-29 10:21:08,199 - logger - INFO - Starting application...
2024-08-29 10:21:08,216 - logger - INFO - Application setup complete.
2024-08-29 10:22:23,266 - logger - INFO - Starting application...
2024-08-29 10:22:23,289 - logger - INFO - Application setup complete.
2024-08-29 10:22:23,353 - logger - INFO - Starting application...
2024-08-29 10:22:23,373 - logger - INFO - Application setup complete.
2024-08-29 10:22:47,863 - logger - INFO - Starting application...
2024-08-29 10:22:47,885 - logger - INFO - Application setup complete.
2024-08-29 10:22:47,954 - logger - INFO - Starting application...
2024-08-29 10:22:47,968 - logger - INFO - Application setup complete.
2024-08-29 10:24:32,539 - logger - INFO - Starting application...
2024-08-29 10:24:32,558 - logger - INFO - Application setup complete.
2024-08-29 10:24:32,628 - logger - INFO - Starting application...
2024-08-29 10:24:32,646 - logger - INFO - Application setup complete.
2024-08-29 10:24:49,216 - logger - INFO - Starting application...
2024-08-29 10:24:49,223 - logger - INFO - Application setup complete.
2024-08-29 10:24:49,306 - logger - INFO - Starting application...
2024-08-29 10:24:49,324 - logger - INFO - Application setup complete.
2024-08-29 10:25:19,906 - logger - INFO - Starting application...
2024-08-29 10:25:19,923 - logger - INFO - Application setup complete.
2024-08-29 10:25:19,990 - logger - INFO - Starting application...
2024-08-29 10:25:20,007 - logger - INFO - Application setup complete.
2024-08-29 10:26:49,270 - logger - INFO - Starting application...
2024-08-29 10:26:49,315 - logger - INFO - Application setup complete.
2024-08-29 10:26:49,373 - logger - INFO - Starting application...
2024-08-29 10:26:49,397 - logger - INFO - Application setup complete.
2024-08-29 10:41:38,411 - logger - INFO - Starting application...
2024-08-29 10:41:38,464 - logger - INFO - Application setup complete.
2024-08-29 10:41:38,531 - logger - INFO - Starting application...
2024-08-29 10:41:38,547 - logger - INFO - Application setup complete.
2024-08-29 10:45:06,493 - logger - INFO - Starting application...
2024-08-29 10:45:06,554 - logger - INFO - Application setup complete.
2024-08-29 10:45:06,616 - logger - INFO - Starting application...
2024-08-29 10:45:06,623 - logger - INFO - Application setup complete.
2024-08-29 10:45:16,653 - logger - INFO - Starting application...
2024-08-29 10:45:16,698 - logger - INFO - Application setup complete.
2024-08-29 10:45:16,784 - logger - INFO - Starting application...
2024-08-29 10:45:16,804 - logger - INFO - Application setup complete.
2024-08-29 10:46:27,396 - logger - INFO - Starting application...
2024-08-29 10:46:27,449 - logger - INFO - Application setup complete.
2024-08-29 10:46:27,516 - logger - INFO - Starting application...
2024-08-29 10:46:27,533 - logger - INFO - Application setup complete.
2024-08-29 10:49:18,478 - logger - INFO - Starting application...
2024-08-29 10:49:18,538 - logger - INFO - Application setup complete.
2024-08-29 10:49:18,626 - logger - INFO - Starting application...
2024-08-29 10:49:18,644 - logger - INFO - Application setup complete.
2024-08-29 10:53:20,275 - logger - INFO - Starting application...
2024-08-29 10:53:20,350 - logger - INFO - Application setup complete.
2024-08-29 10:53:20,435 - logger - INFO - Starting application...
2024-08-29 10:53:20,451 - logger - INFO - Application setup complete.
2024-08-29 10:53:41,986 - logger - INFO - Starting application...
2024-08-29 10:53:42,042 - logger - INFO - Application setup complete.
2024-08-29 10:53:42,108 - logger - INFO - Starting application...
2024-08-29 10:53:42,123 - logger - INFO - Application setup complete.
2024-08-29 10:53:57,096 - logger - INFO - Starting application...
2024-08-29 10:53:57,182 - logger - INFO - Application setup complete.
2024-08-29 10:53:57,251 - logger - INFO - Starting application...
2024-08-29 10:53:57,267 - logger - INFO - Application setup complete.
2024-08-29 10:54:14,187 - logger - INFO - Starting application...
2024-08-29 10:54:14,253 - logger - INFO - Application setup complete.
2024-08-29 10:54:14,317 - logger - INFO - Starting application...
2024-08-29 10:54:14,334 - logger - INFO - Application setup complete.
2024-08-29 10:54:26,906 - logger - INFO - Starting application...
2024-08-29 10:54:26,959 - logger - INFO - Application setup complete.
2024-08-29 10:54:27,036 - logger - INFO - Starting application...
2024-08-29 10:54:27,053 - logger - INFO - Application setup complete.
2024-08-29 10:55:37,940 - logger - INFO - Starting application...
2024-08-29 10:55:37,998 - logger - INFO - Application setup complete.
2024-08-29 10:55:38,067 - logger - INFO - Starting application...
2024-08-29 10:55:38,083 - logger - INFO - Application setup complete.
2024-08-29 10:56:59,837 - logger - INFO - Starting application...
2024-08-29 10:56:59,886 - logger - INFO - Application setup complete.
2024-08-29 10:56:59,967 - logger - INFO - Starting application...
2024-08-29 10:56:59,983 - logger - INFO - Application setup complete.
2024-08-29 10:57:13,945 - logger - INFO - Starting application...
2024-08-29 10:57:14,001 - logger - INFO - Application setup complete.
2024-08-29 10:57:14,069 - logger - INFO - Starting application...
2024-08-29 10:57:14,084 - logger - INFO - Application setup complete.
2024-08-29 10:57:53,208 - logger - INFO - Starting application...
2024-08-29 10:57:53,266 - logger - INFO - Application setup complete.
2024-08-29 10:57:53,329 - logger - INFO - Starting application...
2024-08-29 10:57:53,346 - logger - INFO - Application setup complete.
2024-08-29 10:58:03,719 - logger - INFO - Starting application...
2024-08-29 10:58:03,806 - logger - INFO - Application setup complete.
2024-08-29 10:58:03,873 - logger - INFO - Starting application...
2024-08-29 10:58:03,896 - logger - INFO - Application setup complete.
2024-08-29 10:58:11,243 - logger - INFO - Starting application...
2024-08-29 10:58:11,300 - logger - INFO - Application setup complete.
2024-08-29 10:58:11,373 - logger - INFO - Starting application...
2024-08-29 10:58:11,390 - logger - INFO - Application setup complete.
2024-08-29 10:59:03,147 - logger - INFO - Starting application...
2024-08-29 10:59:03,206 - logger - INFO - Application setup complete.
2024-08-29 10:59:03,276 - logger - INFO - Starting application...
2024-08-29 10:59:03,291 - logger - INFO - Application setup complete.
2024-08-29 10:59:15,255 - logger - INFO - Starting application...
2024-08-29 10:59:15,307 - logger - INFO - Application setup complete.
2024-08-29 10:59:15,374 - logger - INFO - Starting application...
2024-08-29 10:59:15,397 - logger - INFO - Application setup complete.
2024-08-29 11:00:58,422 - logger - INFO - Starting application...
2024-08-29 11:00:58,479 - logger - INFO - Application setup complete.
2024-08-29 11:00:58,550 - logger - INFO - Starting application...
2024-08-29 11:00:58,567 - logger - INFO - Application setup complete.
2024-08-29 11:02:09,460 - logger - INFO - Starting application...
2024-08-29 11:02:09,512 - logger - INFO - Application setup complete.
2024-08-29 11:02:09,578 - logger - INFO - Starting application...
2024-08-29 11:02:09,592 - logger - INFO - Application setup complete.
2024-08-29 11:02:41,149 - logger - INFO - Starting application...
2024-08-29 11:02:41,224 - logger - INFO - Application setup complete.
2024-08-29 11:02:41,286 - logger - INFO - Starting application...
2024-08-29 11:02:41,306 - logger - INFO - Application setup complete.
2024-08-29 11:04:56,719 - logger - INFO - Starting application...
2024-08-29 11:04:56,766 - logger - INFO - Application setup complete.
2024-08-29 11:04:56,843 - logger - INFO - Starting application...
2024-08-29 11:04:56,857 - logger - INFO - Application setup complete.
2024-08-29 11:07:32,476 - logger - INFO - Starting application...
2024-08-29 11:07:32,535 - logger - INFO - Application setup complete.
2024-08-29 11:07:32,614 - logger - INFO - Starting application...
2024-08-29 11:07:32,630 - logger - INFO - Application setup complete.
2024-08-29 11:08:35,008 - logger - INFO - Starting application...
2024-08-29 11:08:35,083 - logger - INFO - Application setup complete.
2024-08-29 11:08:35,178 - logger - INFO - Starting application...
2024-08-29 11:08:35,194 - logger - INFO - Application setup complete.
2024-08-29 11:10:59,970 - logger - INFO - Starting application...
2024-08-29 11:11:00,024 - logger - INFO - Application setup complete.
2024-08-29 11:11:00,106 - logger - INFO - Starting application...
2024-08-29 11:11:00,125 - logger - INFO - Application setup complete.
2024-08-29 11:12:33,252 - logger - INFO - Starting application...
2024-08-29 11:12:33,309 - logger - INFO - Application setup complete.
2024-08-29 11:12:33,391 - logger - INFO - Starting application...
2024-08-29 11:12:33,412 - logger - INFO - Application setup complete.
2024-08-29 11:12:57,478 - logger - INFO - Starting application...
2024-08-29 11:12:57,536 - logger - INFO - Application setup complete.
2024-08-29 11:12:57,610 - logger - INFO - Starting application...
2024-08-29 11:12:57,628 - logger - INFO - Application setup complete.
2024-08-29 11:14:30,232 - logger - INFO - Starting application...
2024-08-29 11:14:30,280 - logger - INFO - Application setup complete.
2024-08-29 11:14:30,341 - logger - INFO - Starting application...
2024-08-29 11:14:30,359 - logger - INFO - Application setup complete.
2024-08-29 11:17:24,893 - logger - INFO - Starting application...
2024-08-29 11:17:24,945 - logger - INFO - Application setup complete.
2024-08-29 11:17:25,034 - logger - INFO - Starting application...
2024-08-29 11:17:25,054 - logger - INFO - Application setup complete.
2024-08-29 11:19:56,851 - logger - INFO - Starting application...
2024-08-29 11:19:56,925 - logger - INFO - Application setup complete.
2024-08-29 11:19:57,094 - logger - INFO - Starting application...
2024-08-29 11:19:57,121 - logger - INFO - Application setup complete.
2024-08-29 11:20:21,449 - logger - INFO - Starting application...
2024-08-29 11:20:21,522 - logger - INFO - Application setup complete.
2024-08-29 11:20:21,592 - logger - INFO - Starting application...
2024-08-29 11:20:21,615 - logger - INFO - Application setup complete.
2024-08-29 11:21:58,444 - logger - INFO - Starting application...
2024-08-29 11:21:58,499 - logger - INFO - Application setup complete.
2024-08-29 11:21:58,568 - logger - INFO - Starting application...
2024-08-29 11:21:58,588 - logger - INFO - Application setup complete.
2024-08-29 11:22:30,230 - logger - INFO - Starting application...
2024-08-29 11:22:30,281 - logger - INFO - Application setup complete.
2024-08-29 11:22:30,353 - logger - INFO - Starting application...
2024-08-29 11:22:30,370 - logger - INFO - Application setup complete.
2024-08-29 11:22:52,722 - logger - INFO - Starting application...
2024-08-29 11:22:52,771 - logger - INFO - Application setup complete.
2024-08-29 11:22:52,833 - logger - INFO - Starting application...
2024-08-29 11:22:52,850 - logger - INFO - Application setup complete.
2024-08-29 11:30:41,067 - logger - INFO - Starting application...
2024-08-29 11:30:41,117 - logger - INFO - Application setup complete.
2024-08-29 11:30:41,196 - logger - INFO - Starting application...
2024-08-29 11:30:41,211 - logger - INFO - Application setup complete.
2024-08-29 11:33:41,294 - logger - INFO - Starting application...
2024-08-29 11:33:41,371 - logger - INFO - Application setup complete.
2024-08-29 11:33:41,468 - logger - INFO - Starting application...
2024-08-29 11:33:41,494 - logger - INFO - Application setup complete.
2024-08-29 11:34:27,196 - logger - INFO - Starting application...
2024-08-29 11:34:27,247 - logger - INFO - Application setup complete.
2024-08-29 11:34:27,311 - logger - INFO - Starting application...
2024-08-29 11:34:27,325 - logger - INFO - Application setup complete.
2024-08-29 11:34:31,932 - logger - INFO - Starting application...
2024-08-29 11:34:31,985 - logger - INFO - Application setup complete.
2024-08-29 11:34:32,048 - logger - INFO - Starting application...
2024-08-29 11:34:32,069 - logger - INFO - Application setup complete.
2024-08-29 11:35:32,753 - logger - INFO - Starting application...
2024-08-29 11:35:32,806 - logger - INFO - Application setup complete.
2024-08-29 11:35:32,874 - logger - INFO - Starting application...
2024-08-29 11:35:32,892 - logger - INFO - Application setup complete.
2024-08-29 11:35:58,226 - logger - INFO - Starting application...
2024-08-29 11:35:58,282 - logger - INFO - Application setup complete.
2024-08-29 11:35:58,357 - logger - INFO - Starting application...
2024-08-29 11:35:58,373 - logger - INFO - Application setup complete.
2024-08-29 11:36:21,618 - logger - INFO - Starting application...
2024-08-29 11:36:21,668 - logger - INFO - Application setup complete.
2024-08-29 11:36:21,745 - logger - INFO - Starting application...
2024-08-29 11:36:21,769 - logger - INFO - Application setup complete.
2024-08-29 11:36:29,546 - logger - INFO - Starting application...
2024-08-29 11:36:29,599 - logger - INFO - Application setup complete.
2024-08-29 11:36:29,663 - logger - INFO - Starting application...
2024-08-29 11:36:29,681 - logger - INFO - Application setup complete.
2024-08-29 11:37:09,639 - logger - INFO - Starting application...
2024-08-29 11:37:09,727 - logger - INFO - Application setup complete.
2024-08-29 11:37:09,843 - logger - INFO - Starting application...
2024-08-29 11:37:09,867 - logger - INFO - Application setup complete.
2024-08-29 11:38:14,316 - logger - INFO - Starting application...
2024-08-29 11:38:14,377 - logger - INFO - Application setup complete.
2024-08-29 11:38:14,449 - logger - INFO - Starting application...
2024-08-29 11:38:14,466 - logger - INFO - Application setup complete.
2024-08-29 11:39:14,295 - logger - INFO - Starting application...
2024-08-29 11:39:14,346 - logger - INFO - Application setup complete.
2024-08-29 11:39:14,412 - logger - INFO - Starting application...
2024-08-29 11:39:14,428 - logger - INFO - Application setup complete.
2024-08-29 11:41:19,828 - logger - INFO - Starting application...
2024-08-29 11:41:19,881 - logger - INFO - Application setup complete.
2024-08-29 11:41:19,985 - logger - INFO - Starting application...
2024-08-29 11:41:20,002 - logger - INFO - Application setup complete.
2024-08-29 11:42:15,286 - logger - INFO - Starting application...
2024-08-29 11:42:15,378 - logger - INFO - Application setup complete.
2024-08-29 11:42:15,541 - logger - INFO - Starting application...
2024-08-29 11:42:15,580 - logger - INFO - Application setup complete.
2024-08-29 11:44:42,502 - logger - INFO - Starting application...
2024-08-29 11:44:42,556 - logger - INFO - Application setup complete.
2024-08-29 11:44:42,625 - logger - INFO - Starting application...
2024-08-29 11:44:42,650 - logger - INFO - Application setup complete.
2024-08-29 11:46:26,251 - logger - INFO - Starting application...
2024-08-29 11:46:26,310 - logger - INFO - Application setup complete.
2024-08-29 11:46:26,381 - logger - INFO - Starting application...
2024-08-29 11:46:26,399 - logger - INFO - Application setup complete.
2024-08-29 11:47:32,210 - logger - INFO - Starting application...
2024-08-29 11:47:32,322 - logger - INFO - Application setup complete.
2024-08-29 11:47:32,432 - logger - INFO - Starting application...
2024-08-29 11:47:32,457 - logger - INFO - Application setup complete.
2024-08-29 11:50:32,335 - logger - INFO - Starting application...
2024-08-29 11:50:32,386 - logger - INFO - Application setup complete.
2024-08-29 11:50:32,454 - logger - INFO - Starting application...
2024-08-29 11:50:32,475 - logger - INFO - Application setup complete.
2024-08-29 11:52:24,108 - logger - INFO - Starting application...
2024-08-29 11:52:24,158 - logger - INFO - Application setup complete.
2024-08-29 11:52:24,220 - logger - INFO - Starting application...
2024-08-29 11:52:24,235 - logger - INFO - Application setup complete.
2024-08-29 13:33:09,519 - logger - INFO - Starting application...
2024-08-29 13:33:09,576 - logger - INFO - Application setup complete.
2024-08-29 13:33:09,676 - logger - INFO - Starting application...
2024-08-29 13:33:09,694 - logger - INFO - Application setup complete.
2024-08-29 13:34:43,061 - logger - INFO - Starting application...
2024-08-29 13:34:43,112 - logger - INFO - Application setup complete.
2024-08-29 13:34:43,190 - logger - INFO - Starting application...
2024-08-29 13:34:43,205 - logger - INFO - Application setup complete.
2024-08-29 13:35:07,371 - logger - INFO - Starting application...
2024-08-29 13:35:07,431 - logger - INFO - Application setup complete.
2024-08-29 13:35:07,503 - logger - INFO - Starting application...
2024-08-29 13:35:07,519 - logger - INFO - Application setup complete.
2024-08-29 13:38:01,410 - logger - INFO - Starting application...
2024-08-29 13:38:01,462 - logger - INFO - Application setup complete.
2024-08-29 13:38:01,527 - logger - INFO - Starting application...
2024-08-29 13:38:01,545 - logger - INFO - Application setup complete.
2024-08-29 13:39:46,628 - logger - INFO - Starting application...
2024-08-29 13:39:46,700 - logger - INFO - Application setup complete.
2024-08-29 13:39:46,774 - logger - INFO - Starting application...
2024-08-29 13:39:46,792 - logger - INFO - Application setup complete.
2024-08-29 13:40:32,574 - logger - INFO - Starting application...
2024-08-29 13:40:32,638 - logger - INFO - Application setup complete.
2024-08-29 13:40:32,717 - logger - INFO - Starting application...
2024-08-29 13:40:32,736 - logger - INFO - Application setup complete.
2024-08-29 13:41:02,126 - logger - INFO - Starting application...
2024-08-29 13:41:02,199 - logger - INFO - Application setup complete.
2024-08-29 13:41:02,293 - logger - INFO - Starting application...
2024-08-29 13:41:02,310 - logger - INFO - Application setup complete.
2024-08-29 13:44:39,318 - logger - INFO - Starting application...
2024-08-29 13:44:39,395 - logger - INFO - Application setup complete.
2024-08-29 13:44:39,469 - logger - INFO - Starting application...
2024-08-29 13:44:39,494 - logger - INFO - Application setup complete.
2024-08-29 13:49:08,644 - logger - INFO - Starting application...
2024-08-29 13:49:08,694 - logger - INFO - Application setup complete.
2024-08-29 13:49:08,779 - logger - INFO - Starting application...
2024-08-29 13:49:08,800 - logger - INFO - Application setup complete.
2024-08-29 13:49:31,087 - logger - INFO - Starting application...
2024-08-29 13:49:31,156 - logger - INFO - Application setup complete.
2024-08-29 13:49:31,224 - logger - INFO - Starting application...
2024-08-29 13:49:31,246 - logger - INFO - Application setup complete.
2024-08-29 13:49:49,329 - logger - INFO - Starting application...
2024-08-29 13:49:49,388 - logger - INFO - Application setup complete.
2024-08-29 13:49:49,476 - logger - INFO - Starting application...
2024-08-29 13:49:49,495 - logger - INFO - Application setup complete.
2024-08-29 13:50:07,205 - logger - INFO - Starting application...
2024-08-29 13:50:07,263 - logger - INFO - Application setup complete.
2024-08-29 13:50:07,332 - logger - INFO - Starting application...
2024-08-29 13:50:07,350 - logger - INFO - Application setup complete.
2024-08-29 13:50:51,747 - logger - INFO - Starting application...
2024-08-29 13:50:51,800 - logger - INFO - Application setup complete.
2024-08-29 13:50:51,869 - logger - INFO - Starting application...
2024-08-29 13:50:51,884 - logger - INFO - Application setup complete.
2024-08-29 13:52:00,381 - logger - INFO - Starting application...
2024-08-29 13:52:00,435 - logger - INFO - Application setup complete.
2024-08-29 13:52:00,514 - logger - INFO - Starting application...
2024-08-29 13:52:00,531 - logger - INFO - Application setup complete.
2024-08-29 13:52:53,208 - logger - INFO - Starting application...
2024-08-29 13:52:53,270 - logger - INFO - Application setup complete.
2024-08-29 13:52:53,336 - logger - INFO - Starting application...
2024-08-29 13:52:53,353 - logger - INFO - Application setup complete.
2024-08-29 13:55:43,357 - logger - INFO - Starting application...
2024-08-29 13:55:43,422 - logger - INFO - Application setup complete.
2024-08-29 13:55:43,491 - logger - INFO - Starting application...
2024-08-29 13:55:43,508 - logger - INFO - Application setup complete.
2024-08-29 13:57:35,130 - logger - INFO - Starting application...
2024-08-29 13:57:35,184 - logger - INFO - Application setup complete.
2024-08-29 13:57:35,251 - logger - INFO - Starting application...
2024-08-29 13:57:35,267 - logger - INFO - Application setup complete.
2024-08-29 13:58:58,161 - logger - INFO - Starting application...
2024-08-29 13:58:58,266 - logger - INFO - Application setup complete.
2024-08-29 13:58:58,357 - logger - INFO - Starting application...
2024-08-29 13:58:58,373 - logger - INFO - Application setup complete.
2024-08-29 14:00:07,499 - logger - INFO - Starting application...
2024-08-29 14:00:07,576 - logger - INFO - Application setup complete.
2024-08-29 14:00:07,706 - logger - INFO - Starting application...
2024-08-29 14:00:07,731 - logger - INFO - Application setup complete.
2024-08-29 14:00:14,438 - logger - INFO - Starting application...
2024-08-29 14:00:14,496 - logger - INFO - Application setup complete.
2024-08-29 14:00:14,563 - logger - INFO - Starting application...
2024-08-29 14:00:14,583 - logger - INFO - Application setup complete.
2024-08-29 14:01:03,168 - logger - INFO - Starting application...
2024-08-29 14:01:03,227 - logger - INFO - Application setup complete.
2024-08-29 14:01:03,296 - logger - INFO - Starting application...
2024-08-29 14:01:03,313 - logger - INFO - Application setup complete.
2024-08-29 14:01:21,857 - logger - INFO - Starting application...
2024-08-29 14:01:21,914 - logger - INFO - Application setup complete.
2024-08-29 14:01:21,980 - logger - INFO - Starting application...
2024-08-29 14:01:21,996 - logger - INFO - Application setup complete.
2024-08-29 14:02:30,085 - logger - INFO - Starting application...
2024-08-29 14:02:30,141 - logger - INFO - Application setup complete.
2024-08-29 14:02:30,209 - logger - INFO - Starting application...
2024-08-29 14:02:30,226 - logger - INFO - Application setup complete.
2024-08-29 14:04:34,576 - logger - INFO - Starting application...
2024-08-29 14:04:34,634 - logger - INFO - Application setup complete.
2024-08-29 14:04:34,741 - logger - INFO - Starting application...
2024-08-29 14:04:34,757 - logger - INFO - Application setup complete.
2024-08-29 14:05:39,805 - logger - INFO - Starting application...
2024-08-29 14:05:39,861 - logger - INFO - Application setup complete.
2024-08-29 14:05:39,923 - logger - INFO - Starting application...
2024-08-29 14:05:39,943 - logger - INFO - Application setup complete.
2024-08-29 14:07:55,546 - logger - INFO - Starting application...
2024-08-29 14:07:55,606 - logger - INFO - Application setup complete.
2024-08-29 14:07:55,677 - logger - INFO - Starting application...
2024-08-29 14:07:55,696 - logger - INFO - Application setup complete.
2024-08-29 14:09:51,175 - logger - INFO - Starting application...
2024-08-29 14:09:51,257 - logger - INFO - Application setup complete.
2024-08-29 14:09:51,355 - logger - INFO - Starting application...
2024-08-29 14:09:51,369 - logger - INFO - Application setup complete.
2024-08-29 14:09:59,090 - logger - INFO - Starting application...
2024-08-29 14:09:59,139 - logger - INFO - Application setup complete.
2024-08-29 14:09:59,222 - logger - INFO - Starting application...
2024-08-29 14:09:59,244 - logger - INFO - Application setup complete.
2024-08-29 14:10:08,530 - logger - INFO - Starting application...
2024-08-29 14:10:08,606 - logger - INFO - Application setup complete.
2024-08-29 14:10:08,712 - logger - INFO - Starting application...
2024-08-29 14:10:08,734 - logger - INFO - Application setup complete.
2024-08-29 14:12:54,053 - logger - INFO - Starting application...
2024-08-29 14:12:54,123 - logger - INFO - Application setup complete.
2024-08-29 14:12:54,211 - logger - INFO - Starting application...
2024-08-29 14:12:54,239 - logger - INFO - Application setup complete.
2024-08-29 14:13:29,747 - logger - INFO - Starting application...
2024-08-29 14:13:29,799 - logger - INFO - Application setup complete.
2024-08-29 14:13:29,868 - logger - INFO - Starting application...
2024-08-29 14:13:29,893 - logger - INFO - Application setup complete.
2024-08-29 14:16:43,328 - logger - INFO - Starting application...
2024-08-29 14:16:43,381 - logger - INFO - Application setup complete.
2024-08-29 14:16:43,448 - logger - INFO - Starting application...
2024-08-29 14:16:43,466 - logger - INFO - Application setup complete.
2024-08-29 14:17:40,358 - logger - INFO - Starting application...
2024-08-29 14:17:40,445 - logger - INFO - Application setup complete.
2024-08-29 14:17:40,537 - logger - INFO - Starting application...
2024-08-29 14:17:40,562 - logger - INFO - Application setup complete.
2024-08-29 14:19:22,581 - logger - INFO - Starting application...
2024-08-29 14:19:22,635 - logger - INFO - Application setup complete.
2024-08-29 14:19:22,705 - logger - INFO - Starting application...
2024-08-29 14:19:22,721 - logger - INFO - Application setup complete.
2024-08-29 14:27:49,238 - logger - INFO - Starting application...
2024-08-29 14:27:49,292 - logger - INFO - Application setup complete.
2024-08-29 14:27:49,359 - logger - INFO - Starting application...
2024-08-29 14:27:49,376 - logger - INFO - Application setup complete.
2024-08-29 14:28:09,069 - logger - INFO - Starting application...
2024-08-29 14:28:09,120 - logger - INFO - Application setup complete.
2024-08-29 14:28:09,193 - logger - INFO - Starting application...
2024-08-29 14:28:09,212 - logger - INFO - Application setup complete.
2024-08-29 14:28:35,633 - logger - INFO - Starting application...
2024-08-29 14:28:35,702 - logger - INFO - Application setup complete.
2024-08-29 14:28:35,752 - logger - INFO - Starting server...
2024-08-29 14:28:35,752 - logger - INFO - Server run at: http://localhost:8000...
2024-08-29 14:28:36,794 - logger - INFO - Starting application...
2024-08-29 14:28:36,844 - logger - INFO - Application setup complete.
2024-08-29 14:28:36,905 - logger - INFO - Starting application...
2024-08-29 14:28:36,923 - logger - INFO - Application setup complete.
2024-08-29 14:29:13,598 - logger - INFO - Starting application...
2024-08-29 14:29:13,654 - logger - INFO - Application setup complete.
2024-08-29 14:29:13,729 - logger - INFO - Starting application...
2024-08-29 14:29:13,747 - logger - INFO - Application setup complete.
2024-08-29 14:30:08,452 - logger - INFO - Starting application...
2024-08-29 14:30:08,507 - logger - INFO - Application setup complete.
2024-08-29 14:30:08,586 - logger - INFO - Starting application...
2024-08-29 14:30:08,602 - logger - INFO - Application setup complete.
2024-08-29 14:31:08,574 - logger - INFO - Starting application...
2024-08-29 14:31:08,626 - logger - INFO - Application setup complete.
2024-08-29 14:31:08,695 - logger - INFO - Starting application...
2024-08-29 14:31:08,714 - logger - INFO - Application setup complete.
2024-08-29 14:32:12,398 - logger - INFO - Starting application...
2024-08-29 14:32:12,449 - logger - INFO - Application setup complete.
2024-08-29 14:32:12,501 - logger - INFO - Starting server...
2024-08-29 14:32:12,501 - logger - INFO - Server run at: http://localhost:8000...
2024-08-29 14:32:13,561 - logger - INFO - Starting application...
2024-08-29 14:32:13,612 - logger - INFO - Application setup complete.
2024-08-29 14:32:13,684 - logger - INFO - Starting application...
2024-08-29 14:32:13,704 - logger - INFO - Application setup complete.
2024-08-29 14:32:36,373 - logger - INFO - Starting application...
2024-08-29 14:32:36,430 - logger - INFO - Application setup complete.
2024-08-29 14:32:36,503 - logger - INFO - Starting application...
2024-08-29 14:32:36,522 - logger - INFO - Application setup complete.
2024-08-29 14:37:41,978 - logger - INFO - Starting application...
2024-08-29 14:37:42,032 - logger - INFO - Application setup complete.
2024-08-29 14:37:42,092 - logger - INFO - Starting server...
2024-08-29 14:37:42,093 - logger - INFO - Server run at: http://localhost:8000...
2024-08-29 14:37:43,643 - logger - INFO - Starting application...
2024-08-29 14:37:43,711 - logger - INFO - Application setup complete.
2024-08-29 14:37:43,804 - logger - INFO - Starting application...
2024-08-29 14:37:43,826 - logger - INFO - Application setup complete.
2024-08-29 14:38:36,946 - logger - INFO - Starting application...
2024-08-29 14:38:37,037 - logger - INFO - Application setup complete.
2024-08-29 14:38:37,132 - logger - INFO - Starting application...
2024-08-29 14:38:37,157 - logger - INFO - Application setup complete.
2024-08-29 14:43:49,520 - logger - INFO - Starting application...
2024-08-29 14:43:49,576 - logger - INFO - Application setup complete.
2024-08-29 14:43:49,653 - logger - INFO - Starting application...
2024-08-29 14:43:49,672 - logger - INFO - Application setup complete.
2024-08-29 14:46:45,675 - logger - INFO - Starting application...
2024-08-29 14:46:45,735 - logger - INFO - Application setup complete.
2024-08-29 14:46:45,813 - logger - INFO - Starting application...
2024-08-29 14:46:45,830 - logger - INFO - Application setup complete.
2024-08-29 14:46:55,413 - logger - INFO - Starting application...
2024-08-29 14:46:55,472 - logger - INFO - Application setup complete.
2024-08-29 14:46:55,515 - logger - INFO - Starting server...
2024-08-29 14:46:55,515 - logger - INFO - Server run at: http://localhost:8000...
2024-08-29 14:46:56,635 - logger - INFO - Starting application...
2024-08-29 14:46:56,690 - logger - INFO - Application setup complete.
2024-08-29 14:46:56,761 - logger - INFO - Starting application...
2024-08-29 14:46:56,776 - logger - INFO - Application setup complete.
2024-08-29 14:49:01,972 - logger - INFO - Starting application...
2024-08-29 14:49:02,051 - logger - INFO - Application setup complete.
2024-08-29 14:49:02,144 - logger - INFO - Starting application...
2024-08-29 14:49:02,165 - logger - INFO - Application setup complete.
2024-08-29 14:50:42,983 - logger - INFO - Starting application...
2024-08-29 14:50:43,046 - logger - INFO - Application setup complete.
2024-08-29 14:50:43,089 - logger - INFO - Starting server...
2024-08-29 14:50:43,090 - logger - INFO - Server run at: http://localhost:8000...
2024-08-29 14:50:44,171 - logger - INFO - Starting application...
2024-08-29 14:50:44,226 - logger - INFO - Application setup complete.
2024-08-29 14:50:44,285 - logger - INFO - Starting application...
2024-08-29 14:50:44,303 - logger - INFO - Application setup complete.
2024-08-29 14:52:06,318 - logger - INFO - Starting application...
2024-08-29 14:52:06,376 - logger - INFO - Application setup complete.
2024-08-29 14:52:06,417 - logger - INFO - Starting server...
2024-08-29 14:52:06,418 - logger - INFO - Server run at: http://localhost:8000...
2024-08-29 14:52:07,379 - logger - INFO - Starting application...
2024-08-29 14:52:07,433 - logger - INFO - Application setup complete.
2024-08-29 14:52:07,503 - logger - INFO - Starting application...
2024-08-29 14:52:07,521 - logger - INFO - Application setup complete.
2024-08-29 14:53:20,008 - logger - INFO - Starting application...
2024-08-29 14:53:20,063 - logger - INFO - Application setup complete.
2024-08-29 14:53:20,138 - logger - INFO - Starting application...
2024-08-29 14:53:20,157 - logger - INFO - Application setup complete.
2024-08-29 14:53:32,178 - logger - INFO - Starting application...
2024-08-29 14:53:32,231 - logger - INFO - Application setup complete.
2024-08-29 14:53:32,290 - logger - INFO - Starting application...
2024-08-29 14:53:32,307 - logger - INFO - Application setup complete.
2024-08-29 14:53:56,486 - logger - INFO - Starting application...
2024-08-29 14:53:56,542 - logger - INFO - Application setup complete.
2024-08-29 14:53:56,591 - logger - INFO - Starting server...
2024-08-29 14:53:56,592 - logger - INFO - Server run at: http://localhost:8000...
2024-08-29 14:53:57,595 - logger - INFO - Starting application...
2024-08-29 14:53:57,642 - logger - INFO - Application setup complete.
2024-08-29 14:53:57,717 - logger - INFO - Starting application...
2024-08-29 14:53:57,734 - logger - INFO - Application setup complete.
2024-08-29 14:54:15,981 - logger - INFO - Starting application...
2024-08-29 14:54:16,036 - logger - INFO - Application setup complete.
2024-08-29 14:54:16,104 - logger - INFO - Starting application...
2024-08-29 14:54:16,122 - logger - INFO - Application setup complete.
2024-08-29 14:54:38,271 - logger - INFO - Starting application...
2024-08-29 14:54:38,327 - logger - INFO - Application setup complete.
2024-08-29 14:54:38,400 - logger - INFO - Starting application...
2024-08-29 14:54:38,421 - logger - INFO - Application setup complete.
2024-08-29 14:58:17,435 - logger - INFO - Starting application...
2024-08-29 14:58:17,488 - logger - INFO - Application setup complete.
2024-08-29 14:58:17,565 - logger - INFO - Starting application...
2024-08-29 14:58:17,582 - logger - INFO - Application setup complete.
2024-08-29 15:00:28,974 - logger - INFO - Starting application...
2024-08-29 15:00:29,024 - logger - INFO - Application setup complete.
2024-08-29 15:00:29,073 - logger - INFO - Starting server...
2024-08-29 15:00:29,073 - logger - INFO - Server run at: http://localhost:8000...
2024-08-29 15:00:30,056 - logger - INFO - Starting application...
2024-08-29 15:00:30,111 - logger - INFO - Application setup complete.
2024-08-29 15:00:30,186 - logger - INFO - Starting application...
2024-08-29 15:00:30,205 - logger - INFO - Application setup complete.
2024-08-29 15:00:47,557 - logger - INFO - Starting application...
2024-08-29 15:00:47,621 - logger - INFO - Application setup complete.
2024-08-29 15:00:47,688 - logger - INFO - Starting application...
2024-08-29 15:00:47,711 - logger - INFO - Application setup complete.
2024-08-29 15:01:05,551 - logger - INFO - Starting application...
2024-08-29 15:01:05,623 - logger - INFO - Application setup complete.
2024-08-29 15:01:05,706 - logger - INFO - Starting application...
2024-08-29 15:01:05,724 - logger - INFO - Application setup complete.
2024-08-29 15:01:21,772 - logger - INFO - Starting application...
2024-08-29 15:01:21,829 - logger - INFO - Application setup complete.
2024-08-29 15:01:21,908 - logger - INFO - Starting application...
2024-08-29 15:01:21,926 - logger - INFO - Application setup complete.
2024-08-29 15:01:40,194 - logger - INFO - Starting application...
2024-08-29 15:01:40,257 - logger - INFO - Application setup complete.
2024-08-29 15:01:40,339 - logger - INFO - Starting application...
2024-08-29 15:01:40,358 - logger - INFO - Application setup complete.
2024-08-29 15:01:58,374 - logger - INFO - Starting application...
2024-08-29 15:01:58,463 - logger - INFO - Application setup complete.
2024-08-29 15:01:58,565 - logger - INFO - Starting application...
2024-08-29 15:01:58,587 - logger - INFO - Application setup complete.
2024-08-29 15:11:10,327 - logger - INFO - Starting application...
2024-08-29 15:11:10,406 - logger - INFO - Application setup complete.
2024-08-29 15:11:10,520 - logger - INFO - Starting application...
2024-08-29 15:11:10,546 - logger - INFO - Application setup complete.
2024-08-29 15:12:53,111 - logger - INFO - Starting application...
2024-08-29 15:12:53,167 - logger - INFO - Application setup complete.
2024-08-29 15:12:53,249 - logger - INFO - Starting application...
2024-08-29 15:12:53,266 - logger - INFO - Application setup complete.
2024-08-29 15:13:22,038 - logger - INFO - Starting application...
2024-08-29 15:13:22,127 - logger - INFO - Application setup complete.
2024-08-29 15:13:22,235 - logger - INFO - Starting application...
2024-08-29 15:13:22,253 - logger - INFO - Application setup complete.
2024-08-29 15:13:28,813 - logger - INFO - Starting application...
2024-08-29 15:13:28,868 - logger - INFO - Application setup complete.
2024-08-29 15:13:28,942 - logger - INFO - Starting application...
2024-08-29 15:13:28,960 - logger - INFO - Application setup complete.
2024-08-29 15:15:05,181 - logger - INFO - Starting application...
2024-08-29 15:15:05,236 - logger - INFO - Application setup complete.
2024-08-29 15:15:05,307 - logger - INFO - Starting application...
2024-08-29 15:15:05,323 - logger - INFO - Application setup complete.
2024-08-29 15:18:35,143 - logger - INFO - Starting application...
2024-08-29 15:18:35,200 - logger - INFO - Application setup complete.
2024-08-29 15:18:35,267 - logger - INFO - Starting application...
2024-08-29 15:18:35,284 - logger - INFO - Application setup complete.
2024-08-29 15:20:02,663 - logger - INFO - Starting application...
2024-08-29 15:20:02,717 - logger - INFO - Application setup complete.
2024-08-29 15:20:02,793 - logger - INFO - Starting application...
2024-08-29 15:20:02,813 - logger - INFO - Application setup complete.
2024-08-29 15:20:34,953 - logger - INFO - Starting application...
2024-08-29 15:20:35,013 - logger - INFO - Application setup complete.
2024-08-29 15:20:35,080 - logger - INFO - Starting application...
2024-08-29 15:20:35,097 - logger - INFO - Application setup complete.
2024-08-29 15:23:41,430 - logger - INFO - Starting application...
2024-08-29 15:23:41,488 - logger - INFO - Application setup complete.
2024-08-29 15:23:41,556 - logger - INFO - Starting application...
2024-08-29 15:23:41,572 - logger - INFO - Application setup complete.
2024-08-29 15:24:40,913 - logger - INFO - Starting application...
2024-08-29 15:24:41,006 - logger - INFO - Application setup complete.
2024-08-29 15:24:41,126 - logger - INFO - Starting application...
2024-08-29 15:24:41,169 - logger - INFO - Application setup complete.
2024-08-29 15:25:16,928 - logger - INFO - Starting application...
2024-08-29 15:25:16,994 - logger - INFO - Application setup complete.
2024-08-29 15:25:17,069 - logger - INFO - Starting application...
2024-08-29 15:25:17,088 - logger - INFO - Application setup complete.
2024-08-29 15:26:30,817 - logger - INFO - Starting application...
2024-08-29 15:26:30,878 - logger - INFO - Application setup complete.
2024-08-29 15:26:30,982 - logger - INFO - Starting application...
2024-08-29 15:26:31,006 - logger - INFO - Application setup complete.
2024-08-29 15:32:31,186 - logger - INFO - Starting application...
2024-08-29 15:32:31,237 - logger - INFO - Application setup complete.
2024-08-29 15:32:31,327 - logger - INFO - Starting application...
2024-08-29 15:32:31,344 - logger - INFO - Application setup complete.
2024-08-29 15:33:46,192 - logger - INFO - Starting application...
2024-08-29 15:33:46,248 - logger - INFO - Application setup complete.
2024-08-29 15:33:46,315 - logger - INFO - Starting application...
2024-08-29 15:33:46,338 - logger - INFO - Application setup complete.
2024-08-29 15:34:54,591 - logger - INFO - Starting application...
2024-08-29 15:34:54,649 - logger - INFO - Application setup complete.
2024-08-29 15:34:54,713 - logger - INFO - Starting application...
2024-08-29 15:34:54,734 - logger - INFO - Application setup complete.
2024-08-29 15:35:49,169 - logger - INFO - Starting application...
2024-08-29 15:35:49,219 - logger - INFO - Application setup complete.
2024-08-29 15:35:49,285 - logger - INFO - Starting application...
2024-08-29 15:35:49,302 - logger - INFO - Application setup complete.
2024-08-29 15:39:09,189 - logger - INFO - Starting application...
2024-08-29 15:39:09,240 - logger - INFO - Application setup complete.
2024-08-29 15:39:09,327 - logger - INFO - Starting application...
2024-08-29 15:39:09,346 - logger - INFO - Application setup complete.
2024-08-29 15:40:15,883 - logger - INFO - Starting application...
2024-08-29 15:40:15,936 - logger - INFO - Application setup complete.
2024-08-29 15:40:16,009 - logger - INFO - Starting application...
2024-08-29 15:40:16,026 - logger - INFO - Application setup complete.
2024-08-29 15:41:01,605 - logger - INFO - Starting application...
2024-08-29 15:41:01,668 - logger - INFO - Application setup complete.
2024-08-29 15:41:01,741 - logger - INFO - Starting application...
2024-08-29 15:41:01,757 - logger - INFO - Application setup complete.
2024-08-29 15:41:21,689 - logger - INFO - Starting application...
2024-08-29 15:41:21,745 - logger - INFO - Application setup complete.
2024-08-29 15:41:21,812 - logger - INFO - Starting application...
2024-08-29 15:41:21,831 - logger - INFO - Application setup complete.
2024-08-29 15:41:38,433 - logger - INFO - Starting application...
2024-08-29 15:41:38,500 - logger - INFO - Application setup complete.
2024-08-29 15:41:38,581 - logger - INFO - Starting application...
2024-08-29 15:41:38,604 - logger - INFO - Application setup complete.
2024-08-29 15:42:04,554 - logger - INFO - Starting application...
2024-08-29 15:42:04,609 - logger - INFO - Application setup complete.
2024-08-29 15:42:04,673 - logger - INFO - Starting application...
2024-08-29 15:42:04,691 - logger - INFO - Application setup complete.
2024-08-29 15:42:24,897 - logger - INFO - Starting application...
2024-08-29 15:42:24,956 - logger - INFO - Application setup complete.
2024-08-29 15:42:25,026 - logger - INFO - Starting application...
2024-08-29 15:42:25,044 - logger - INFO - Application setup complete.
2024-08-29 15:58:22,953 - logger - INFO - Starting application...
2024-08-29 15:58:23,013 - logger - INFO - Application setup complete.
2024-08-29 15:58:23,104 - logger - INFO - Starting application...
2024-08-29 15:58:23,122 - logger - INFO - Application setup complete.
2024-08-29 16:00:17,288 - logger - INFO - Starting application...
2024-08-29 16:00:17,345 - logger - INFO - Application setup complete.
2024-08-29 16:00:17,406 - logger - INFO - Starting application...
2024-08-29 16:00:17,422 - logger - INFO - Application setup complete.
2024-08-29 16:00:26,062 - logger - INFO - Starting application...
2024-08-29 16:00:26,118 - logger - INFO - Application setup complete.
2024-08-29 16:00:26,190 - logger - INFO - Starting application...
2024-08-29 16:00:26,208 - logger - INFO - Application setup complete.
2024-08-29 16:01:27,573 - logger - INFO - Starting application...
2024-08-29 16:01:27,626 - logger - INFO - Application setup complete.
2024-08-29 16:01:27,690 - logger - INFO - Starting application...
2024-08-29 16:01:27,707 - logger - INFO - Application setup complete.
2024-08-29 16:04:09,025 - logger - INFO - Starting application...
2024-08-29 16:04:09,116 - logger - INFO - Application setup complete.
2024-08-29 16:04:09,220 - logger - INFO - Starting application...
2024-08-29 16:04:09,245 - logger - INFO - Application setup complete.
2024-08-29 16:04:56,827 - logger - INFO - Starting application...
2024-08-29 16:04:56,881 - logger - INFO - Application setup complete.
2024-08-29 16:04:56,969 - logger - INFO - Starting application...
2024-08-29 16:04:56,984 - logger - INFO - Application setup complete.
2024-08-29 16:05:29,826 - logger - INFO - Starting application...
2024-08-29 16:05:29,881 - logger - INFO - Application setup complete.
2024-08-29 16:05:29,958 - logger - INFO - Starting application...
2024-08-29 16:05:29,979 - logger - INFO - Application setup complete.
2024-08-29 16:06:04,136 - logger - INFO - Starting application...
2024-08-29 16:06:04,198 - logger - INFO - Application setup complete.
2024-08-29 16:06:04,267 - logger - INFO - Starting application...
2024-08-29 16:06:04,283 - logger - INFO - Application setup complete.
2024-08-29 16:06:15,147 - logger - INFO - Starting application...
2024-08-29 16:06:15,213 - logger - INFO - Application setup complete.
2024-08-29 16:06:15,285 - logger - INFO - Starting application...
2024-08-29 16:06:15,300 - logger - INFO - Application setup complete.
2024-08-29 16:07:05,032 - logger - INFO - Starting application...
2024-08-29 16:07:05,081 - logger - INFO - Application setup complete.
2024-08-29 16:07:05,161 - logger - INFO - Starting application...
2024-08-29 16:07:05,179 - logger - INFO - Application setup complete.
2024-08-29 16:08:07,403 - logger - INFO - Starting application...
2024-08-29 16:08:07,470 - logger - INFO - Application setup complete.
2024-08-29 16:08:07,543 - logger - INFO - Starting application...
2024-08-29 16:08:07,565 - logger - INFO - Application setup complete.
2024-08-29 16:08:36,946 - logger - INFO - Starting application...
2024-08-29 16:08:37,007 - logger - INFO - Application setup complete.
2024-08-29 16:08:37,079 - logger - INFO - Starting application...
2024-08-29 16:08:37,109 - logger - INFO - Application setup complete.
2024-08-29 16:09:13,466 - logger - INFO - Starting application...
2024-08-29 16:09:13,512 - logger - INFO - Application setup complete.
2024-08-29 16:09:13,583 - logger - INFO - Starting application...
2024-08-29 16:09:13,601 - logger - INFO - Application setup complete.
2024-08-29 16:09:52,739 - logger - INFO - Starting application...
2024-08-29 16:09:52,803 - logger - INFO - Application setup complete.
2024-08-29 16:09:52,897 - logger - INFO - Starting application...
2024-08-29 16:09:52,919 - logger - INFO - Application setup complete.
2024-08-29 16:10:48,264 - logger - INFO - Starting application...
2024-08-29 16:10:48,351 - logger - INFO - Application setup complete.
2024-08-29 16:10:48,492 - logger - INFO - Starting application...
2024-08-29 16:10:48,519 - logger - INFO - Application setup complete.
2024-08-29 16:11:15,801 - logger - INFO - Starting application...
2024-08-29 16:11:15,861 - logger - INFO - Application setup complete.
2024-08-29 16:11:15,940 - logger - INFO - Starting application...
2024-08-29 16:11:15,962 - logger - INFO - Application setup complete.
2024-08-29 16:12:11,190 - logger - INFO - Starting application...
2024-08-29 16:12:11,229 - logger - INFO - Application setup complete.
2024-08-29 16:12:11,295 - logger - INFO - Starting application...
2024-08-29 16:12:11,310 - logger - INFO - Application setup complete.
2024-08-29 16:12:33,697 - logger - INFO - Starting application...
2024-08-29 16:12:33,743 - logger - INFO - Application setup complete.
2024-08-29 16:12:33,806 - logger - INFO - Starting application...
2024-08-29 16:12:33,822 - logger - INFO - Application setup complete.
2024-08-29 16:12:47,433 - logger - INFO - Starting application...
2024-08-29 16:12:47,486 - logger - INFO - Application setup complete.
2024-08-29 16:12:47,555 - logger - INFO - Starting application...
2024-08-29 16:12:47,572 - logger - INFO - Application setup complete.
2024-08-29 16:13:58,724 - logger - INFO - Starting application...
2024-08-29 16:13:58,767 - logger - INFO - Application setup complete.
2024-08-29 16:13:58,833 - logger - INFO - Starting application...
2024-08-29 16:13:58,848 - logger - INFO - Application setup complete.
2024-08-29 16:14:41,094 - logger - INFO - Starting application...
2024-08-29 16:14:41,150 - logger - INFO - Application setup complete.
2024-08-29 16:14:41,223 - logger - INFO - Starting application...
2024-08-29 16:14:41,242 - logger - INFO - Application setup complete.
2024-08-29 16:15:09,850 - logger - INFO - Starting application...
2024-08-29 16:15:09,938 - logger - INFO - Application setup complete.
2024-08-29 16:15:10,035 - logger - INFO - Starting application...
2024-08-29 16:15:10,068 - logger - INFO - Application setup complete.
2024-08-29 16:16:49,420 - logger - INFO - Starting application...
2024-08-29 16:16:49,476 - logger - INFO - Application setup complete.
2024-08-29 16:16:49,547 - logger - INFO - Starting application...
2024-08-29 16:16:49,562 - logger - INFO - Application setup complete.
2024-08-29 16:18:31,626 - logger - INFO - Starting application...
2024-08-29 16:18:31,682 - logger - INFO - Application setup complete.
2024-08-29 16:18:31,750 - logger - INFO - Starting application...
2024-08-29 16:18:31,768 - logger - INFO - Application setup complete.
2024-08-29 16:19:21,638 - logger - INFO - Starting application...
2024-08-29 16:19:21,701 - logger - INFO - Application setup complete.
2024-08-29 16:19:21,812 - logger - INFO - Starting application...
2024-08-29 16:19:21,828 - logger - INFO - Application setup complete.
2024-08-29 16:19:48,267 - logger - INFO - Starting application...
2024-08-29 16:19:48,323 - logger - INFO - Application setup complete.
2024-08-29 16:19:48,399 - logger - INFO - Starting application...
2024-08-29 16:19:48,415 - logger - INFO - Application setup complete.
2024-08-29 16:20:17,267 - logger - INFO - Starting application...
2024-08-29 16:20:17,328 - logger - INFO - Application setup complete.
2024-08-29 16:20:17,410 - logger - INFO - Starting application...
2024-08-29 16:20:17,426 - logger - INFO - Application setup complete.
2024-08-29 16:20:55,292 - logger - INFO - Starting application...
2024-08-29 16:20:55,368 - logger - INFO - Application setup complete.
2024-08-29 16:20:55,482 - logger - INFO - Starting application...
2024-08-29 16:20:55,501 - logger - INFO - Application setup complete.
2024-08-29 16:21:08,107 - logger - INFO - Starting application...
2024-08-29 16:21:08,158 - logger - INFO - Application setup complete.
2024-08-29 16:21:08,229 - logger - INFO - Starting application...
2024-08-29 16:21:08,245 - logger - INFO - Application setup complete.
2024-08-29 16:22:58,323 - logger - INFO - Starting application...
2024-08-29 16:22:58,373 - logger - INFO - Application setup complete.
2024-08-29 16:22:58,464 - logger - INFO - Starting application...
2024-08-29 16:22:58,481 - logger - INFO - Application setup complete.
2024-08-29 16:24:44,881 - logger - INFO - Starting application...
2024-08-29 16:24:44,952 - logger - INFO - Application setup complete.
2024-08-29 16:24:45,014 - logger - INFO - Starting server...
2024-08-29 16:24:45,014 - logger - INFO - Server run at: http://localhost:8000...
2024-08-29 16:24:46,498 - logger - INFO - Starting application...
2024-08-29 16:24:46,563 - logger - INFO - Application setup complete.
2024-08-29 16:24:46,664 - logger - INFO - Starting application...
2024-08-29 16:24:46,687 - logger - INFO - Application setup complete.
2024-08-29 16:31:32,542 - logger - INFO - Starting application...
2024-08-29 16:31:32,617 - logger - INFO - Application setup complete.
2024-08-29 16:31:32,702 - logger - INFO - Starting application...
2024-08-29 16:31:32,726 - logger - INFO - Application setup complete.
2024-08-29 16:31:58,425 - logger - INFO - Starting application...
2024-08-29 16:31:58,484 - logger - INFO - Application setup complete.
2024-08-29 16:31:58,562 - logger - INFO - Starting application...
2024-08-29 16:31:58,593 - logger - INFO - Application setup complete.
2024-08-29 16:32:04,392 - logger - INFO - Starting application...
2024-08-29 16:32:04,449 - logger - INFO - Application setup complete.
2024-08-29 16:32:04,524 - logger - INFO - Starting application...
2024-08-29 16:32:04,544 - logger - INFO - Application setup complete.
2024-08-29 16:33:13,383 - logger - INFO - Starting application...
2024-08-29 16:33:13,430 - logger - INFO - Application setup complete.
2024-08-29 16:33:13,509 - logger - INFO - Starting application...
2024-08-29 16:33:13,523 - logger - INFO - Application setup complete.
2024-08-29 16:33:33,540 - logger - INFO - Starting application...
2024-08-29 16:33:33,605 - logger - INFO - Application setup complete.
2024-08-29 16:33:33,675 - logger - INFO - Starting application...
2024-08-29 16:33:33,694 - logger - INFO - Application setup complete.
2024-08-29 16:34:19,812 - logger - INFO - Starting application...
2024-08-29 16:34:19,884 - logger - INFO - Application setup complete.
2024-08-29 16:34:19,966 - logger - INFO - Starting application...
2024-08-29 16:34:19,987 - logger - INFO - Application setup complete.
2024-08-29 16:35:38,045 - logger - INFO - Starting application...
2024-08-29 16:35:38,101 - logger - INFO - Application setup complete.
2024-08-29 16:35:38,177 - logger - INFO - Starting application...
2024-08-29 16:35:38,198 - logger - INFO - Application setup complete.
2024-08-29 16:37:57,893 - logger - INFO - Starting application...
2024-08-29 16:37:57,961 - logger - INFO - Application setup complete.
2024-08-29 16:37:58,055 - logger - INFO - Starting application...
2024-08-29 16:37:58,084 - logger - INFO - Application setup complete.
2024-08-29 16:53:10,761 - logger - INFO - Starting application...
2024-08-29 16:53:10,819 - logger - INFO - Application setup complete.
2024-08-29 16:53:10,907 - logger - INFO - Starting application...
2024-08-29 16:53:10,933 - logger - INFO - Application setup complete.
2024-08-29 16:55:53,724 - logger - INFO - Starting application...
2024-08-29 16:55:53,781 - logger - INFO - Application setup complete.
2024-08-29 16:55:53,849 - logger - INFO - Starting application...
2024-08-29 16:55:53,864 - logger - INFO - Application setup complete.
2024-08-29 16:57:41,581 - logger - INFO - Starting application...
2024-08-29 16:57:41,652 - logger - INFO - Application setup complete.
2024-08-29 16:57:41,730 - logger - INFO - Starting application...
2024-08-29 16:57:41,750 - logger - INFO - Application setup complete.
2024-08-29 17:01:12,619 - logger - INFO - Starting application...
2024-08-29 17:01:12,665 - logger - INFO - Application setup complete.
2024-08-29 17:01:12,745 - logger - INFO - Starting application...
2024-08-29 17:01:12,767 - logger - INFO - Application setup complete.
2024-08-29 17:05:15,847 - logger - INFO - Starting application...
2024-08-29 17:05:15,935 - logger - INFO - Application setup complete.
2024-08-29 17:05:16,040 - logger - INFO - Starting application...
2024-08-29 17:05:16,079 - logger - INFO - Application setup complete.
2024-08-29 17:05:59,444 - logger - INFO - Starting application...
2024-08-29 17:05:59,503 - logger - INFO - Application setup complete.
2024-08-29 17:05:59,565 - logger - INFO - Starting application...
2024-08-29 17:05:59,597 - logger - INFO - Application setup complete.
2024-08-29 17:06:05,652 - logger - INFO - Starting application...
2024-08-29 17:06:05,705 - logger - INFO - Application setup complete.
2024-08-29 17:06:05,815 - logger - INFO - Starting application...
2024-08-29 17:06:05,849 - logger - INFO - Application setup complete.
2024-08-29 17:07:14,711 - logger - INFO - Starting application...
2024-08-29 17:07:14,773 - logger - INFO - Application setup complete.
2024-08-29 17:07:14,850 - logger - INFO - Starting application...
2024-08-29 17:07:14,878 - logger - INFO - Application setup complete.
2024-08-29 17:08:57,448 - logger - INFO - Starting application...
2024-08-29 17:08:57,502 - logger - INFO - Application setup complete.
2024-08-29 17:08:57,569 - logger - INFO - Starting application...
2024-08-29 17:08:57,592 - logger - INFO - Application setup complete.
2024-08-29 17:09:07,873 - logger - INFO - Starting application...
2024-08-29 17:09:07,929 - logger - INFO - Application setup complete.
2024-08-29 17:09:08,001 - logger - INFO - Starting application...
2024-08-29 17:09:08,017 - logger - INFO - Application setup complete.
2024-08-29 17:10:08,951 - logger - INFO - Starting application...
2024-08-29 17:10:09,009 - logger - INFO - Application setup complete.
2024-08-29 17:10:09,088 - logger - INFO - Starting application...
2024-08-29 17:10:09,117 - logger - INFO - Application setup complete.
2024-08-29 17:12:57,503 - logger - INFO - Starting application...
2024-08-29 17:12:57,580 - logger - INFO - Application setup complete.
2024-08-29 17:12:57,691 - logger - INFO - Starting application...
2024-08-29 17:12:57,719 - logger - INFO - Application setup complete.
2024-08-29 17:13:16,195 - logger - INFO - Starting application...
2024-08-29 17:13:16,259 - logger - INFO - Application setup complete.
2024-08-29 17:13:16,341 - logger - INFO - Starting application...
2024-08-29 17:13:16,366 - logger - INFO - Application setup complete.
2024-08-29 17:13:59,336 - logger - INFO - Starting application...
2024-08-29 17:13:59,393 - logger - INFO - Application setup complete.
2024-08-29 17:13:59,467 - logger - INFO - Starting application...
2024-08-29 17:13:59,482 - logger - INFO - Application setup complete.
2024-08-29 17:14:24,605 - logger - INFO - Starting application...
2024-08-29 17:14:24,674 - logger - INFO - Application setup complete.
2024-08-29 17:14:24,758 - logger - INFO - Starting application...
2024-08-29 17:14:24,786 - logger - INFO - Application setup complete.
2024-08-29 17:15:47,346 - logger - INFO - Starting application...
2024-08-29 17:15:47,412 - logger - INFO - Application setup complete.
2024-08-29 17:15:47,495 - logger - INFO - Starting application...
2024-08-29 17:15:47,519 - logger - INFO - Application setup complete.
2024-08-29 17:16:06,569 - logger - INFO - Starting application...
2024-08-29 17:16:06,631 - logger - INFO - Application setup complete.
2024-08-29 17:16:06,702 - logger - INFO - Starting application...
2024-08-29 17:16:06,729 - logger - INFO - Application setup complete.
2024-08-29 17:16:29,069 - logger - INFO - Starting application...
2024-08-29 17:16:29,121 - logger - INFO - Application setup complete.
2024-08-29 17:16:29,194 - logger - INFO - Starting application...
2024-08-29 17:16:29,214 - logger - INFO - Application setup complete.
2024-08-29 17:17:46,674 - logger - INFO - Starting application...
2024-08-29 17:17:46,732 - logger - INFO - Application setup complete.
2024-08-29 17:17:46,813 - logger - INFO - Starting application...
2024-08-29 17:17:46,838 - logger - INFO - Application setup complete.
2024-08-29 17:20:34,999 - logger - INFO - Starting application...
2024-08-29 17:20:35,056 - logger - INFO - Application setup complete.
2024-08-29 17:20:35,112 - logger - INFO - Starting server...
2024-08-29 17:20:35,113 - logger - INFO - Server run at: http://localhost:8000...
2024-08-29 17:20:36,349 - logger - INFO - Starting application...
2024-08-29 17:20:36,409 - logger - INFO - Application setup complete.
2024-08-29 17:20:36,486 - logger - INFO - Starting application...
2024-08-29 17:20:36,504 - logger - INFO - Application setup complete.
2024-08-29 17:22:54,037 - logger - INFO - Starting application...
2024-08-29 17:22:54,114 - logger - INFO - Application setup complete.
2024-08-29 17:22:54,190 - logger - INFO - Starting application...
2024-08-29 17:22:54,217 - logger - INFO - Application setup complete.
2024-08-29 17:24:04,818 - logger - INFO - Starting application...
2024-08-29 17:24:04,881 - logger - INFO - Application setup complete.
2024-08-29 17:24:04,966 - logger - INFO - Starting application...
2024-08-29 17:24:04,993 - logger - INFO - Application setup complete.
2024-08-29 17:24:27,149 - logger - INFO - Starting application...
2024-08-29 17:24:27,209 - logger - INFO - Application setup complete.
2024-08-29 17:24:27,282 - logger - INFO - Starting application...
2024-08-29 17:24:27,306 - logger - INFO - Application setup complete.
